[0m[[0m[0mdebug[0m] [0m[0m> Exec(publishSigned, None, None)[0m
[0m[[0m[0mdebug[0m] [0m[0mEvaluating tasks: expression / publishSigned, parse / publishSigned, top / publishSigned, algebra / publishSigned, core / publishSigned, publishSigned[0m
[0m[[0m[0mdebug[0m] [0m[0mRunning task... Cancel: Signal, check cycles: false, forcegc: true[0m
[0m[[0m[0minfo[0m] [0m[0mWrote /Users/rhillyard/IdeaProjects/Number2026/core/target/scala-3.7.3/number-core_3-1.5.5.pom[0m
[0m[[0m[0minfo[0m] [0m[0mWrote /Users/rhillyard/IdeaProjects/Number2026/algebra/target/scala-3.7.3/number-algebra_3-1.5.5.pom[0m
[0m[[0m[0minfo[0m] [0m[0mWrote /Users/rhillyard/IdeaProjects/Number2026/expression/target/scala-3.7.3/number-expression_3-1.5.5.pom[0m
[0m[[0m[0minfo[0m] [0m[0mWrote /Users/rhillyard/IdeaProjects/Number2026/parse/target/scala-3.7.3/number-parse_3-1.5.5.pom[0m
[0m[[0m[0minfo[0m] [0m[0mWrote /Users/rhillyard/IdeaProjects/Number2026/top/target/scala-3.7.3/number-top_3-1.5.5.pom[0m
[0m[[0m[0minfo[0m] [0m[0mcompiling 86 Scala sources and 1 Java source to /Users/rhillyard/IdeaProjects/Number2026/core/target/scala-3.7.3/classes ...[0m
[0m[[0m[0minfo[0m] [0m[0mdone compiling[0m
[0m[[0m[33mwarn[0m] [0m[0mmultiple main classes detected: run 'show discoveredMainClasses' to see the list[0m
[0m[[0m[0minfo[0m] [0m[0mcompiling 76 Scala sources and 5 Java sources to /Users/rhillyard/IdeaProjects/Number2026/core/target/scala-3.7.3/test-classes ...[0m
[0m[[0m[0minfo[0m] [0m[0mMain Scala API documentation to /Users/rhillyard/IdeaProjects/Number2026/core/target/scala-3.7.3/api...[0m
[0m[[0m[0minfo[0m] [0m[0mcompiling 34 Scala sources to /Users/rhillyard/IdeaProjects/Number2026/algebra/target/scala-3.7.3/classes ...[0m
[0m[[0m[0minfo[0m] [0m[0mSkipping unused scalacOptions: -Wvalue-discard, -Wnonunit-statement, -Wconf[0m
[0m[[0m[33mwarn[0m] [0m[0mFlag -classpath set repeatedly[0m
[0m[[0m[33mwarn[0m] [0m[0m[33m[33m-- [E092] Pattern Match Unchecked Warning: /Users/rhillyard/IdeaProjects/Number2026/algebra/src/main/scala/com/phasmidsoftware/number/algebra/eager/Number.scala:64:9 [0m[0m[0m
[0m[[0m[33mwarn[0m] [0m[0m[33m64 |[0m    [33mcase[0m c: CanMultiplyAndDivide[Number] =>[0m
[0m[[0m[33mwarn[0m] [0m[0m[33m[33m   |[0m         ^[0m[0m
[0m[[0m[33mwarn[0m] [0m[0m[33m   |[0mthe type test for com.phasmidsoftware.number.algebra.core.CanMultiplyAndDivide[[0m
[0m[[0m[33mwarn[0m] [0m[0m[33m   |[0m  com.phasmidsoftware.number.algebra.eager.Number] cannot be checked at runtime because its type arguments can't be determined from com.phasmidsoftware.number.algebra.eager.Number[0m
[0m[[0m[33mwarn[0m] [0m[0m[33m   |----------------------------------------------------------------------------[0m[0m
[0m[[0m[33mwarn[0m] [0m[0m[33m   |[0m Explanation (enabled by `-explain`)[0m
[0m[[0m[33mwarn[0m] [0m[0m[33m   |- - - - - - - - - - - - - - - - - - - - - - - - - - - - - - - - - - - - - -[0m[0m
[0m[[0m[33mwarn[0m] [0m[0m[33m   |[0m Type arguments and type refinements are erased during compile time, thus it's[0m
[0m[[0m[33mwarn[0m] [0m[0m[33m   |[0m impossible to check them at run-time.[0m
[0m[[0m[33mwarn[0m] [0m[0m[33m   |[0m[0m
[0m[[0m[33mwarn[0m] [0m[0m[33m   |[0m You can either replace the type arguments by _ or use `@unchecked`.[0m
[0m[[0m[33mwarn[0m] [0m[0m[33m    ----------------------------------------------------------------------------[0m[0m
[0m[[0m[33mwarn[0m] [0m[0mone warning found[0m
[0m[[0m[0minfo[0m] [0m[0mdone compiling[0m
[0m[[0m[0minfo[0m] [0m[0mMain Scala API documentation to /Users/rhillyard/IdeaProjects/Number2026/algebra/target/scala-3.7.3/api...[0m
[0m[[0m[0minfo[0m] [0m[0mcompiling 17 Scala sources to /Users/rhillyard/IdeaProjects/Number2026/algebra/target/scala-3.7.3/test-classes ...[0m
[0m[[0m[33mwarn[0m] [0m[0m[33m[33m-- [E175] Potential Issue Warning: /Users/rhillyard/IdeaProjects/Number2026/core/src/test/scala/com/phasmidsoftware/number/core/inner/RationalFloorSpec.scala:159:8 [0m[0m[0m
[0m[[0m[33mwarn[0m] [0m[0m[33m159 |[0m        r.ceiling shouldBe r.floor + Rational([31m1[0m)[0m
[0m[[0m[33mwarn[0m] [0m[0m[33m[33m    |[0m        ^^^^^^^^^^^^^^^^^^^^^^^^^^^^^^^^^^^^^^^^[0m[0m
[0m[[0m[33mwarn[0m] [0m[0m[33m    |[0mdiscarded non-Unit value of type org.scalatest.Assertion. Add `: Unit` to discard silently.[0m
[0m[[0m[0minfo[0m] [0m[0mcompiling 4 Scala sources to /Users/rhillyard/IdeaProjects/Number2026/dimensions/target/scala-3.7.3/classes ...[0m
[0m[[0m[0minfo[0m] [0m[0mSkipping unused scalacOptions: -Wvalue-discard, -Wnonunit-statement, -Wconf[0m
[0m[[0m[33mwarn[0m] [0m[0mFlag -classpath set repeatedly[0m
[0m[[0m[0minfo[0m] [0m[0mdone compiling[0m
[0m[[0m[33mwarn[0m] [0m[0m[33m[33m-- Warning: algebra/src/main/scala/com/phasmidsoftware/number/algebra/core/Can.scala:319:6 [0m[0m[0m
[0m[[0m[33mwarn[0m] [0m[0m[33m319 |[0m  [33mdef[0m [36masT[0m: [35mT[0m = {[0m
[0m[[0m[33mwarn[0m] [0m[0m[33m[33m    |[0m      ^[0m[0m
[0m[[0m[33mwarn[0m] [0m[0m[33m    |[0m  Couldn't resolve a member for the given link query: AlgebraException[0m
[0m[[0m[0minfo[0m] [0m[0mcompiling 28 Scala sources to /Users/rhillyard/IdeaProjects/Number2026/expression/target/scala-3.7.3/classes ...[0m
[0m[[0m[33mwarn[0m] [0m[0mone warning found[0m
[0m[[0m[33mwarn[0m] [0m[0mtwo warnings found[0m
[0m[[0m[0minfo[0m] [0m[0mdone compiling[0m
[0m[[0m[0minfo[0m] [0m[0mMain Scala API documentation successful.[0m
[0m[[0m[0minfo[0m] [0m[0mdone compiling[0m
[0m[[0m[0minfo[0m] [0m[0mTest Scala API documentation to /Users/rhillyard/IdeaProjects/Number2026/algebra/target/scala-3.7.3/test-api...[0m
[0m[[0m[0minfo[0m] [0m[0mSkipping unused scalacOptions: -Wvalue-discard, -Wconf[0m
[0m[[0m[33mwarn[0m] [0m[0mFlag -classpath set repeatedly[0m
[0m[[0m[0minfo[0m] [0m[0mMain Scala API documentation successful.[0m
[0m[[0m[33mwarn[0m] [0m[0m[33m[33m-- Warning: dotty/core/src/main/scala/org/scalatest/Assertions.scala:1301:13 ---[0m[0m[0m
[0m[[0m[33mwarn[0m] [0m[0mCouldn't resolve a member for the given link query: TestPendingException[0m
[0m[[0m[33mwarn[0m] [0m[0m[33m[33m-- Warning: dotty/core/src/main/scala/org/scalatest/Assertions.scala:983:13 ----[0m[0m[0m
[0m[[0m[33mwarn[0m] [0m[0mCouldn't resolve a member for the given link query: TestFailedException[0m
[0m[[0m[33mwarn[0m] [0m[0m[33m[33m-- Warning: dotty/core/src/main/scala/org/scalatest/Assertions.scala:959:13 ----[0m[0m[0m
[0m[[0m[33mwarn[0m] [0m[0mCouldn't resolve a member for the given link query: TestFailedException[0m
[0m[[0m[33mwarn[0m] [0m[0m[33m[33m-- Warning: dotty/core/target/scala-3/src_managed/main/org/scalatest/Suite.scala:758:12 [0m[0m[0m
[0m[[0m[33mwarn[0m] [0m[0mCouldn't resolve a member for the given link query: NullArgumentException[0m
[0m[[0m[33mwarn[0m] [0m[0m[33m[33m-- Warning: dotty/core/src/main/scala/org/scalatest/Assertions.scala:531:13 ----[0m[0m[0m
[0m[[0m[33mwarn[0m] [0m[0mCouldn't resolve a member for the given link query: NullArgumentException[0m
[0m[[0m[33mwarn[0m] [0m[0m[33m[33m-- Warning: dotty/core/src/main/scala/org/scalatest/Assertions.scala:472:13 ----[0m[0m[0m
[0m[[0m[33mwarn[0m] [0m[0mCouldn't resolve a member for the given link query: TestFailedException[0m
[0m[[0m[33mwarn[0m] [0m[0m[33m[33m-- Warning: dotty/flatspec/target/scala-3/src_managed/main/org/scalatest/flatspec/AnyFlatSpecLike.scala:1828:15 [0m[0m[0m
[0m[[0m[33mwarn[0m] [0m[0mCouldn't resolve a member for the given link query: NullArgumentException[0m
[0m[[0m[33mwarn[0m] [0m[0m[33m[33m-- Warning: dotty/core/src/main/scala/org/scalatest/Assertions.scala:1153:13 ---[0m[0m[0m
[0m[[0m[33mwarn[0m] [0m[0mCouldn't resolve a member for the given link query: NullArgumentException[0m
[0m[[0m[33mwarn[0m] [0m[0m[33m[33m-- Warning: dotty/core/src/main/scala/org/scalatest/Assertions.scala:1134:13 ---[0m[0m[0m
[0m[[0m[33mwarn[0m] [0m[0mCouldn't resolve a member for the given link query: NullArgumentException[0m
[0m[[0m[33mwarn[0m] [0m[0m[33m[33m-- Warning: dotty/core/src/main/scala/org/scalatest/Assertions.scala:1115:13 ---[0m[0m[0m
[0m[[0m[33mwarn[0m] [0m[0mCouldn't resolve a member for the given link query: NullArgumentException[0m
[0m[[0m[33mwarn[0m] [0m[0m[33m[33m-- Warning: dotty/core/src/main/scala/org/scalatest/Assertions.scala:757:13 ----[0m[0m[0m
[0m[[0m[33mwarn[0m] [0m[0mCouldn't resolve a member for the given link query: TestFailedException[0m
[0m[[0m[33mwarn[0m] [0m[0m[33m[33m-- Warning: dotty/flatspec/target/scala-3/src_managed/main/org/scalatest/flatspec/AnyFlatSpecLike.scala:1709:25 [0m[0m[0m
[0m[[0m[33mwarn[0m] [0m[0mCouldn't resolve a member for the given link query: NullArgumentException[0m
[0m[[0m[33mwarn[0m] [0m[0m[33m[33m-- Warning: dotty/core/src/main/scala/org/scalatest/Assertions.scala:632:13 ----[0m[0m[0m
[0m[[0m[33mwarn[0m] [0m[0mCouldn't resolve a member for the given link query: NullArgumentException[0m
[0m[[0m[33mwarn[0m] [0m[0m[33m[33m-- Warning: dotty/core/src/main/scala/org/scalatest/Assertions.scala:579:13 ----[0m[0m[0m
[0m[[0m[33mwarn[0m] [0m[0mCouldn't resolve a member for the given link query: TestCanceledException[0m
[0m[[0m[33mwarn[0m] [0m[0m[33m[33m-- Warning: dotty/core/src/main/scala/org/scalatest/Assertions.scala:1091:13 ---[0m[0m[0m
[0m[[0m[33mwarn[0m] [0m[0mCouldn't resolve a member for the given link query: NullArgumentException[0m
[0m[[0m[33mwarn[0m] [0m[0m[33m[33m-- Warning: dotty/core/src/main/scala/org/scalatest/Assertions.scala:1072:13 ---[0m[0m[0m
[0m[[0m[33mwarn[0m] [0m[0mCouldn't resolve a member for the given link query: NullArgumentException[0m
[0m[[0m[33mwarn[0m] [0m[0m[33m[33m-- Warning: dotty/core/src/main/scala/org/scalatest/Assertions.scala:1053:13 ---[0m[0m[0m
[0m[[0m[33mwarn[0m] [0m[0mCouldn't resolve a member for the given link query: NullArgumentException[0m
[0m[[0m[33mwarn[0m] [0m[0m[33m[33m-- Warning: dotty/core/src/main/scala/org/scalatest/Assertions.scala:818:13 ----[0m[0m[0m
[0m[[0m[33mwarn[0m] [0m[0mCouldn't resolve a member for the given link query: TestFailedException[0m
[0m[[0m[33mwarn[0m] [0m[0m[33m[33m-- Warning: dotty/core/src/main/scala/org/scalatest/Assertions.scala:1195:6 ----[0m[0m[0m
[0m[[0m[33mwarn[0m] [0m[0mCouldn't resolve a member for the given link query: NullArgumentException[0m
[0m[[0m[33mwarn[0m] [0m[0m[33m[33m-- Warning: dotty/flatspec/target/scala-3/src_managed/main/org/scalatest/flatspec/AnyFlatSpecLike.scala:1784:25 [0m[0m[0m
[0m[[0m[33mwarn[0m] [0m[0mCouldn't resolve a member for the given link query: NullArgumentException[0m
[0m[[0m[33mwarn[0m] [0m[0m[33m[33m-- [E198] Unused Symbol Warning: /Users/rhillyard/IdeaProjects/Number2026/core/src/test/scala/com/phasmidsoftware/number/core/applications/FibonacciSpec.scala:76:12 [0m[0m[0m
[0m[[0m[33mwarn[0m] [0m[0m[33m76 |[0m        [33mval[0m [36mq[0m = t1 `plus` t2[0m
[0m[[0m[33mwarn[0m] [0m[0m[33m[33m   |[0m            ^[0m[0m
[0m[[0m[33mwarn[0m] [0m[0m[33m   |[0m            unused local definition[0m
[0m[[0m[33mwarn[0m] [0m[0m21 warnings found[0m
[0m[[0m[33mwarn[0m] [0m[0mtwo warnings found[0m
[0m[[0m[0minfo[0m] [0m[0mMain Scala API documentation to /Users/rhillyard/IdeaProjects/Number2026/expression/target/scala-3.7.3/api...[0m
[0m[[0m[0minfo[0m] [0m[0mcompiling 4 Scala sources to /Users/rhillyard/IdeaProjects/Number2026/parse/target/scala-3.7.3/classes ...[0m
[0m[[0m[0minfo[0m] [0m[0mdone compiling[0m
[0m[[0m[0minfo[0m] [0m[0mSkipping unused scalacOptions: -Wvalue-discard, -Wnonunit-statement, -Wconf[0m
[0m[[0m[33mwarn[0m] [0m[0mFlag -classpath set repeatedly[0m
[0m[[0m[0minfo[0m] [0m[0mcompiling 28 Scala sources to /Users/rhillyard/IdeaProjects/Number2026/expression/target/scala-3.7.3/test-classes ...[0m
[0m[[0m[0minfo[0m] [0m[0mTest Scala API documentation successful.[0m
[0m[[0m[0minfo[0m] [0m[0mdone compiling[0m
[0m[[0m[33mwarn[0m] [0m[0mone warning found[0m
[0m[[0m[0minfo[0m] [0m[0mMain Scala API documentation to /Users/rhillyard/IdeaProjects/Number2026/parse/target/scala-3.7.3/api...[0m
[0m[[0m[0minfo[0m] [0m[0mcompiling 3 Scala sources to /Users/rhillyard/IdeaProjects/Number2026/parse/target/scala-3.7.3/test-classes ...[0m
[0m[[0m[0minfo[0m] [0m[0mcompiling 6 Scala sources to /Users/rhillyard/IdeaProjects/Number2026/top/target/scala-3.7.3/classes ...[0m
[0m[[0m[0minfo[0m] [0m[0mSkipping unused scalacOptions: -Wvalue-discard, -Wnonunit-statement, -Wconf[0m
[0m[[0m[33mwarn[0m] [0m[0mFlag -classpath set repeatedly[0m
[0m[[0m[0minfo[0m] [0m[0mMain Scala API documentation successful.[0m
[0m[[0m[33mwarn[0m] [0m[0mone warning found[0m
[0m[[0m[0minfo[0m] [0m[0mdone compiling[0m
[0m[[0m[0minfo[0m] [0m[0mTest Scala API documentation to /Users/rhillyard/IdeaProjects/Number2026/core/target/scala-3.7.3/test-api...[0m
[0m[[0m[0minfo[0m] [0m[0mSkipping unused scalacOptions: -Wvalue-discard, -Wconf[0m
[0m[[0m[33mwarn[0m] [0m[0mFlag -classpath set repeatedly[0m
[0m[[0m[0minfo[0m] [0m[0mdone compiling[0m
[0m[[0m[0minfo[0m] [0m[0mMain Scala API documentation successful.[0m
[0m[[0m[33mwarn[0m] [0m[0m[33m[33m-- Warning: dotty/core/src/main/scala/org/scalatest/Assertions.scala:1301:13 ---[0m[0m[0m
[0m[[0m[33mwarn[0m] [0m[0mCouldn't resolve a member for the given link query: TestPendingException[0m
[0m[[0m[33mwarn[0m] [0m[0m[33m[33m-- Warning: dotty/core/src/main/scala/org/scalatest/Assertions.scala:983:13 ----[0m[0m[0m
[0m[[0m[33mwarn[0m] [0m[0mCouldn't resolve a member for the given link query: TestFailedException[0m
[0m[[0m[33mwarn[0m] [0m[0m[33m[33m-- Warning: dotty/core/src/main/scala/org/scalatest/Assertions.scala:959:13 ----[0m[0m[0m
[0m[[0m[33mwarn[0m] [0m[0mCouldn't resolve a member for the given link query: TestFailedException[0m
[0m[[0m[33mwarn[0m] [0m[0m[33m[33m-- Warning: dotty/core/target/scala-3/src_managed/main/org/scalatest/Suite.scala:758:12 [0m[0m[0m
[0m[[0m[33mwarn[0m] [0m[0mCouldn't resolve a member for the given link query: NullArgumentException[0m
[0m[[0m[33mwarn[0m] [0m[0m[33m[33m-- Warning: dotty/core/src/main/scala/org/scalatest/Assertions.scala:531:13 ----[0m[0m[0m
[0m[[0m[33mwarn[0m] [0m[0mCouldn't resolve a member for the given link query: NullArgumentException[0m
[0m[[0m[33mwarn[0m] [0m[0m[33m[33m-- Warning: dotty/core/src/main/scala/org/scalatest/Assertions.scala:472:13 ----[0m[0m[0m
[0m[[0m[33mwarn[0m] [0m[0mCouldn't resolve a member for the given link query: TestFailedException[0m
[0m[[0m[33mwarn[0m] [0m[0m[33m[33m-- Warning: dotty/flatspec/target/scala-3/src_managed/main/org/scalatest/flatspec/AnyFlatSpecLike.scala:1828:15 [0m[0m[0m
[0m[[0m[33mwarn[0m] [0m[0mCouldn't resolve a member for the given link query: NullArgumentException[0m
[0m[[0m[33mwarn[0m] [0m[0m[33m[33m-- Warning: dotty/core/src/main/scala/org/scalatest/Assertions.scala:1153:13 ---[0m[0m[0m
[0m[[0m[33mwarn[0m] [0m[0mCouldn't resolve a member for the given link query: NullArgumentException[0m
[0m[[0m[33mwarn[0m] [0m[0m[33m[33m-- Warning: dotty/core/src/main/scala/org/scalatest/Assertions.scala:1134:13 ---[0m[0m[0m
[0m[[0m[33mwarn[0m] [0m[0mCouldn't resolve a member for the given link query: NullArgumentException[0m
[0m[[0m[33mwarn[0m] [0m[0m[33m[33m-- Warning: dotty/core/src/main/scala/org/scalatest/Assertions.scala:1115:13 ---[0m[0m[0m
[0m[[0m[33mwarn[0m] [0m[0mCouldn't resolve a member for the given link query: NullArgumentException[0m
[0m[[0m[33mwarn[0m] [0m[0m[33m[33m-- Warning: dotty/core/src/main/scala/org/scalatest/Assertions.scala:757:13 ----[0m[0m[0m
[0m[[0m[33mwarn[0m] [0m[0mCouldn't resolve a member for the given link query: TestFailedException[0m
[0m[[0m[33mwarn[0m] [0m[0m[33m[33m-- Warning: dotty/flatspec/target/scala-3/src_managed/main/org/scalatest/flatspec/AnyFlatSpecLike.scala:1709:25 [0m[0m[0m
[0m[[0m[33mwarn[0m] [0m[0mCouldn't resolve a member for the given link query: NullArgumentException[0m
[0m[[0m[33mwarn[0m] [0m[0m[33m[33m-- Warning: dotty/core/src/main/scala/org/scalatest/Assertions.scala:632:13 ----[0m[0m[0m
[0m[[0m[33mwarn[0m] [0m[0mCouldn't resolve a member for the given link query: NullArgumentException[0m
[0m[[0m[33mwarn[0m] [0m[0m[33m[33m-- Warning: dotty/core/src/main/scala/org/scalatest/Assertions.scala:579:13 ----[0m[0m[0m
[0m[[0m[33mwarn[0m] [0m[0mCouldn't resolve a member for the given link query: TestCanceledException[0m
[0m[[0m[33mwarn[0m] [0m[0m[33m[33m-- Warning: dotty/core/src/main/scala/org/scalatest/Assertions.scala:1091:13 ---[0m[0m[0m
[0m[[0m[33mwarn[0m] [0m[0mCouldn't resolve a member for the given link query: NullArgumentException[0m
[0m[[0m[33mwarn[0m] [0m[0m[33m[33m-- Warning: dotty/core/src/main/scala/org/scalatest/Assertions.scala:1072:13 ---[0m[0m[0m
[0m[[0m[33mwarn[0m] [0m[0mCouldn't resolve a member for the given link query: NullArgumentException[0m
[0m[[0m[33mwarn[0m] [0m[0m[33m[33m-- Warning: dotty/core/src/main/scala/org/scalatest/Assertions.scala:1053:13 ---[0m[0m[0m
[0m[[0m[33mwarn[0m] [0m[0mCouldn't resolve a member for the given link query: NullArgumentException[0m
[0m[[0m[33mwarn[0m] [0m[0m[33m[33m-- Warning: dotty/core/src/main/scala/org/scalatest/Assertions.scala:818:13 ----[0m[0m[0m
[0m[[0m[33mwarn[0m] [0m[0mCouldn't resolve a member for the given link query: TestFailedException[0m
[0m[[0m[33mwarn[0m] [0m[0m[33m[33m-- Warning: dotty/core/src/main/scala/org/scalatest/Assertions.scala:1195:6 ----[0m[0m[0m
[0m[[0m[33mwarn[0m] [0m[0mCouldn't resolve a member for the given link query: NullArgumentException[0m
[0m[[0m[33mwarn[0m] [0m[0m[33m[33m-- Warning: dotty/flatspec/target/scala-3/src_managed/main/org/scalatest/flatspec/AnyFlatSpecLike.scala:1784:25 [0m[0m[0m
[0m[[0m[33mwarn[0m] [0m[0mCouldn't resolve a member for the given link query: NullArgumentException[0m
[0m[[0m[0minfo[0m] [0m[0mTest Scala API documentation to /Users/rhillyard/IdeaProjects/Number2026/parse/target/scala-3.7.3/test-api...[0m
[0m[[0m[0minfo[0m] [0m[0mSkipping unused scalacOptions: -Wvalue-discard, -Wconf[0m
[0m[[0m[33mwarn[0m] [0m[0mFlag -classpath set repeatedly[0m
[0m[[0m[33mwarn[0m] [0m[0m[33m[33m-- Warning: dotty/funsuite/target/scala-3/src_managed/main/org/scalatest/funsuite/AnyFunSuiteLike.scala:142:11 [0m[0m[0m
[0m[[0m[33mwarn[0m] [0m[0mCouldn't resolve a member for the given link query: DuplicateTestNameException[0m
[0m[[0m[33mwarn[0m] [0m[0m[33m[33m-- Warning: dotty/funsuite/target/scala-3/src_managed/main/org/scalatest/funsuite/AnyFunSuiteLike.scala:171:11 [0m[0m[0m
[0m[[0m[33mwarn[0m] [0m[0mCouldn't resolve a member for the given link query: DuplicateTestNameException[0m
[0m[[0m[33mwarn[0m] [0m[0m[33m[33m-- Warning: dotty/core/target/scala-3/src_managed/main/org/scalatest/prop/Configuration.scala:73:13 [0m[0m[0m
[0m[[0m[33mwarn[0m] [0m[0mCouldn't resolve a member for the given link query: org.scalatest.prop.PropertyCheckResult.Exhausted[0m
[0m[[0m[33mwarn[0m] [0m[0m[33m[33m-- Warning: dotty/funsuite/target/scala-3/src_managed/main/org/scalatest/funsuite/AnyFunSuiteLike.scala:252:15 [0m[0m[0m
[0m[[0m[33mwarn[0m] [0m[0mCouldn't resolve a member for the given link query: NullArgumentException[0m
[0m[[0m[33mwarn[0m] [0m[0m[33m[33m-- Warning: dotty/funsuite/target/scala-3/src_managed/main/org/scalatest/funsuite/AnyFunSuiteLike.scala:198:25 [0m[0m[0m
[0m[[0m[33mwarn[0m] [0m[0mCouldn't resolve a member for the given link query: NullArgumentException[0m
[0m[[0m[33mwarn[0m] [0m[0m[33m[33m-- Warning: dotty/core/target/scala-3/src_managed/main/org/scalatest/prop/Configuration.scala:154:13 [0m[0m[0m
[0m[[0m[33mwarn[0m] [0m[0mCouldn't resolve a member for the given link query: org.scalatest.prop.PropertyCheckResult.Exhausted[0m
[0m[[0m[33mwarn[0m] [0m[0m[33m[33m-- Warning: scalatestPlusScalaCheck/src/main/scala/org/scalatestplus/scalacheck/Checkers.scala:369:6 [0m[0m[0m
[0m[[0m[33mwarn[0m] [0m[0mCouldn't resolve a member for the given link query: TestFailedException[0m
[0m[[0m[33mwarn[0m] [0m[0m[33m[33m-- Warning: scalatestPlusScalaCheck/src/main/scala/org/scalatestplus/scalacheck/Checkers.scala:359:6 [0m[0m[0m
[0m[[0m[33mwarn[0m] [0m[0mCouldn't resolve a member for the given link query: TestFailedException[0m
[0m[[0m[33mwarn[0m] [0m[0m[33m[33m-- Warning: scalatestPlusScalaCheck/src/main/scala/org/scalatestplus/scalacheck/Checkers.scala:335:6 [0m[0m[0m
[0m[[0m[33mwarn[0m] [0m[0mCouldn't resolve a member for the given link query: TestFailedException[0m
[0m[[0m[33mwarn[0m] [0m[0m[33m[33m-- Warning: scalatestPlusScalaCheck/src/main/scala/org/scalatestplus/scalacheck/Checkers.scala:313:6 [0m[0m[0m
[0m[[0m[33mwarn[0m] [0m[0mCouldn't resolve a member for the given link query: TestFailedException[0m
[0m[[0m[33mwarn[0m] [0m[0m[33m[33m-- Warning: scalatestPlusScalaCheck/src/main/scala/org/scalatestplus/scalacheck/Checkers.scala:292:6 [0m[0m[0m
[0m[[0m[33mwarn[0m] [0m[0mCouldn't resolve a member for the given link query: TestFailedException[0m
[0m[[0m[33mwarn[0m] [0m[0m[33m[33m-- Warning: scalatestPlusScalaCheck/src/main/scala/org/scalatestplus/scalacheck/Checkers.scala:272:6 [0m[0m[0m
[0m[[0m[33mwarn[0m] [0m[0mCouldn't resolve a member for the given link query: TestFailedException[0m
[0m[[0m[33mwarn[0m] [0m[0m[33m[33m-- Warning: scalatestPlusScalaCheck/src/main/scala/org/scalatestplus/scalacheck/Checkers.scala:253:6 [0m[0m[0m
[0m[[0m[33mwarn[0m] [0m[0mCouldn't resolve a member for the given link query: TestFailedException[0m
[0m[[0m[33mwarn[0m] [0m[0m[33m[33m-- Warning: scalatestPlusScalaCheck/src/main/scala/org/scalatestplus/scalacheck/Checkers.scala:235:6 [0m[0m[0m
[0m[[0m[33mwarn[0m] [0m[0mCouldn't resolve a member for the given link query: TestFailedException[0m
[0m[[0m[33mwarn[0m] [0m[0m[33m[33m-- Warning: dotty/core/target/scala-3/src_managed/main/org/scalatest/prop/Configuration.scala:103:13 [0m[0m[0m
[0m[[0m[33mwarn[0m] [0m[0mCouldn't resolve a member for the given link query: PropertyCheckResult.Success[0m
[0m[[0m[33mwarn[0m] [0m[0m[33m[33m-- Warning: dotty/funsuite/target/scala-3/src_managed/main/org/scalatest/funsuite/AnyFunSuiteLike.scala:248:25 [0m[0m[0m
[0m[[0m[33mwarn[0m] [0m[0mCouldn't resolve a member for the given link query: NullArgumentException[0m
[0m[[0m[33mwarn[0m] [0m[0m[33m[33m-- [E198] Unused Symbol Warning: /Users/rhillyard/IdeaProjects/Number2026/expression/src/test/scala/com/phasmidsoftware/number/expression/expr/ExpressionMatchersSpec.scala:1559:8 [0m[0m[0m
[0m[[0m[33mwarn[0m] [0m[0m[33m1559 |[0m    [33mval[0m [36mexpected[0m = BiFunction([31m3[0m, BiFunction(Rational.half, Rational.two, Product), Power)[0m
[0m[[0m[33mwarn[0m] [0m[0m[33m[33m     |[0m        ^^^^^^^^[0m[0m
[0m[[0m[33mwarn[0m] [0m[0m[33m     |[0m        unused local definition[0m
[0m[[0m[33mwarn[0m] [0m[0m[33m[33m-- [E198] Unused Symbol Warning: /Users/rhillyard/IdeaProjects/Number2026/expression/src/test/scala/com/phasmidsoftware/number/expression/expr/ExpressionMatchersSpec.scala:1581:8 [0m[0m[0m
[0m[[0m[33mwarn[0m] [0m[0m[33m1581 |[0m    [33mval[0m [36me[0m = result.get[0m
[0m[[0m[33mwarn[0m] [0m[0m[33m[33m     |[0m        ^[0m[0m
[0m[[0m[33mwarn[0m] [0m[0m[33m     |[0m        unused local definition[0m
[0m[[0m[33mwarn[0m] [0m[0m[33m[33m-- Deprecation Warning: /Users/rhillyard/IdeaProjects/Number2026/expression/src/test/scala/com/phasmidsoftware/number/expression/expr/AtomicExpressionSpec.scala:431:4 [0m[0m[0m
[0m[[0m[33mwarn[0m] [0m[0m[33m431 |[0m    PiTranscendental.name shouldBe [31m"\uD835\uDED1"[0m[0m
[0m[[0m[33mwarn[0m] [0m[0m[33m[33m    |[0m    ^^^^^^^^^^^^^^^^[0m[0m
[0m[[0m[33mwarn[0m] [0m[0m[33m    |[0m[33mobject[0m [35mPiTranscendental[0m in [33mpackage[0m [35mcom.phasmidsoftware.number.expression.expr[0m is deprecated[0m
[0m[[0m[33mwarn[0m] [0m[0m[33m[33m-- Deprecation Warning: /Users/rhillyard/IdeaProjects/Number2026/expression/src/test/scala/com/phasmidsoftware/number/expression/expr/AtomicExpressionSpec.scala:435:4 [0m[0m[0m
[0m[[0m[33mwarn[0m] [0m[0m[33m435 |[0m    PiTranscendental.expression shouldBe Pi[0m
[0m[[0m[33mwarn[0m] [0m[0m[33m[33m    |[0m    ^^^^^^^^^^^^^^^^[0m[0m
[0m[[0m[33mwarn[0m] [0m[0m[33m    |[0m[33mobject[0m [35mPiTranscendental[0m in [33mpackage[0m [35mcom.phasmidsoftware.number.expression.expr[0m is deprecated[0m
[0m[[0m[33mwarn[0m] [0m[0m[33m[33m-- Deprecation Warning: /Users/rhillyard/IdeaProjects/Number2026/expression/src/test/scala/com/phasmidsoftware/number/expression/expr/AtomicExpressionSpec.scala:439:4 [0m[0m[0m
[0m[[0m[33mwarn[0m] [0m[0m[33m439 |[0m    PiTranscendental.isExact shouldBe [31mtrue[0m[0m
[0m[[0m[33mwarn[0m] [0m[0m[33m[33m    |[0m    ^^^^^^^^^^^^^^^^[0m[0m
[0m[[0m[33mwarn[0m] [0m[0m[33m    |[0m[33mobject[0m [35mPiTranscendental[0m in [33mpackage[0m [35mcom.phasmidsoftware.number.expression.expr[0m is deprecated[0m
[0m[[0m[33mwarn[0m] [0m[0m[33m[33m-- Deprecation Warning: /Users/rhillyard/IdeaProjects/Number2026/expression/src/test/scala/com/phasmidsoftware/number/expression/expr/AtomicExpressionSpec.scala:443:4 [0m[0m[0m
[0m[[0m[33mwarn[0m] [0m[0m[33m443 |[0m    PiTranscendental.evaluate(pureNumberContext) shouldBe None[0m
[0m[[0m[33mwarn[0m] [0m[0m[33m[33m    |[0m    ^^^^^^^^^^^^^^^^[0m[0m
[0m[[0m[33mwarn[0m] [0m[0m[33m    |[0m[33mobject[0m [35mPiTranscendental[0m in [33mpackage[0m [35mcom.phasmidsoftware.number.expression.expr[0m is deprecated[0m
[0m[[0m[33mwarn[0m] [0m[0m[33m[33m-- Deprecation Warning: /Users/rhillyard/IdeaProjects/Number2026/expression/src/test/scala/com/phasmidsoftware/number/expression/expr/AtomicExpressionSpec.scala:447:40 [0m[0m[0m
[0m[[0m[33mwarn[0m] [0m[0m[33m447 |[0m    [33mval[0m [36msinPi[0m: [35mAbstractTranscendental[0m = PiTranscendental.function(Sine).asInstanceOf[[35mAbstractTranscendental[0m][0m
[0m[[0m[33mwarn[0m] [0m[0m[33m[33m    |[0m                                        ^^^^^^^^^^^^^^^^[0m[0m
[0m[[0m[33mwarn[0m] [0m[0m[33m    |[0m[33mobject[0m [35mPiTranscendental[0m in [33mpackage[0m [35mcom.phasmidsoftware.number.expression.expr[0m is deprecated[0m
[0m[[0m[33mwarn[0m] [0m[0m[33m[33m-- Deprecation Warning: /Users/rhillyard/IdeaProjects/Number2026/expression/src/test/scala/com/phasmidsoftware/number/expression/expr/AtomicExpressionSpec.scala:466:4 [0m[0m[0m
[0m[[0m[33mwarn[0m] [0m[0m[33m466 |[0m    ETranscendental.isAtomic shouldBe [31mtrue[0m[0m
[0m[[0m[33mwarn[0m] [0m[0m[33m[33m    |[0m    ^^^^^^^^^^^^^^^[0m[0m
[0m[[0m[33mwarn[0m] [0m[0m[33m    |[0m[33mobject[0m [35mETranscendental[0m in [33mpackage[0m [35mcom.phasmidsoftware.number.expression.expr[0m is deprecated since 0.1.0: use E instead.[0m
[0m[[0m[33mwarn[0m] [0m[0m[33m[33m-- Deprecation Warning: /Users/rhillyard/IdeaProjects/Number2026/expression/src/test/scala/com/phasmidsoftware/number/expression/expr/AtomicExpressionSpec.scala:470:4 [0m[0m[0m
[0m[[0m[33mwarn[0m] [0m[0m[33m470 |[0m    ETranscendental.name shouldBe [31m"\uD835\uDF00"[0m[0m
[0m[[0m[33mwarn[0m] [0m[0m[33m[33m    |[0m    ^^^^^^^^^^^^^^^[0m[0m
[0m[[0m[33mwarn[0m] [0m[0m[33m    |[0m[33mobject[0m [35mETranscendental[0m in [33mpackage[0m [35mcom.phasmidsoftware.number.expression.expr[0m is deprecated since 0.1.0: use E instead.[0m
[0m[[0m[33mwarn[0m] [0m[0m[33m[33m-- Deprecation Warning: /Users/rhillyard/IdeaProjects/Number2026/expression/src/test/scala/com/phasmidsoftware/number/expression/expr/AtomicExpressionSpec.scala:474:4 [0m[0m[0m
[0m[[0m[33mwarn[0m] [0m[0m[33m474 |[0m    ETranscendental.expression shouldBe E[0m
[0m[[0m[33mwarn[0m] [0m[0m[33m[33m    |[0m    ^^^^^^^^^^^^^^^[0m[0m
[0m[[0m[33mwarn[0m] [0m[0m[33m    |[0m[33mobject[0m [35mETranscendental[0m in [33mpackage[0m [35mcom.phasmidsoftware.number.expression.expr[0m is deprecated since 0.1.0: use E instead.[0m
[0m[[0m[33mwarn[0m] [0m[0m[33m[33m-- Deprecation Warning: /Users/rhillyard/IdeaProjects/Number2026/expression/src/test/scala/com/phasmidsoftware/number/expression/expr/AtomicExpressionSpec.scala:478:4 [0m[0m[0m
[0m[[0m[33mwarn[0m] [0m[0m[33m478 |[0m    ETranscendental.isExact shouldBe [31mtrue[0m[0m
[0m[[0m[33mwarn[0m] [0m[0m[33m[33m    |[0m    ^^^^^^^^^^^^^^^[0m[0m
[0m[[0m[33mwarn[0m] [0m[0m[33m    |[0m[33mobject[0m [35mETranscendental[0m in [33mpackage[0m [35mcom.phasmidsoftware.number.expression.expr[0m is deprecated since 0.1.0: use E instead.[0m
[0m[[0m[33mwarn[0m] [0m[0m[33m[33m-- Deprecation Warning: /Users/rhillyard/IdeaProjects/Number2026/expression/src/test/scala/com/phasmidsoftware/number/expression/expr/AtomicExpressionSpec.scala:482:4 [0m[0m[0m
[0m[[0m[33mwarn[0m] [0m[0m[33m482 |[0m    ETranscendental.evaluate(pureNumberContext) shouldBe None[0m
[0m[[0m[33mwarn[0m] [0m[0m[33m[33m    |[0m    ^^^^^^^^^^^^^^^[0m[0m
[0m[[0m[33mwarn[0m] [0m[0m[33m    |[0m[33mobject[0m [35mETranscendental[0m in [33mpackage[0m [35mcom.phasmidsoftware.number.expression.expr[0m is deprecated since 0.1.0: use E instead.[0m
[0m[[0m[33mwarn[0m] [0m[0m[33m[33m-- Deprecation Warning: /Users/rhillyard/IdeaProjects/Number2026/expression/src/test/scala/com/phasmidsoftware/number/expression/expr/AtomicExpressionSpec.scala:486:14 [0m[0m[0m
[0m[[0m[33mwarn[0m] [0m[0m[33m486 |[0m    [33mval[0m [36mlnE[0m = ETranscendental.function(Ln)[0m
[0m[[0m[33mwarn[0m] [0m[0m[33m[33m    |[0m              ^^^^^^^^^^^^^^^[0m[0m
[0m[[0m[33mwarn[0m] [0m[0m[33m    |[0m[33mobject[0m [35mETranscendental[0m in [33mpackage[0m [35mcom.phasmidsoftware.number.expression.expr[0m is deprecated since 0.1.0: use E instead.[0m
[0m[[0m[33mwarn[0m] [0m[0m[33m[33m-- Deprecation Warning: /Users/rhillyard/IdeaProjects/Number2026/expression/src/test/scala/com/phasmidsoftware/number/expression/expr/CompositeExpressionSpec2.scala:698:51 [0m[0m[0m
[0m[[0m[33mwarn[0m] [0m[0m[33m698 |[0m    [33mval[0m [36msum[0m = Aggregate.total(Pi, EulerMascheroni, ETranscendental)[0m
[0m[[0m[33mwarn[0m] [0m[0m[33m[33m    |[0m                                                   ^^^^^^^^^^^^^^^[0m[0m
[0m[[0m[33mwarn[0m] [0m[0m[33m    |[0m[33mobject[0m [35mETranscendental[0m in [33mpackage[0m [35mcom.phasmidsoftware.number.expression.expr[0m is deprecated since 0.1.0: use E instead.[0m
[0m[[0m[33mwarn[0m] [0m[0m[33m[33m-- Deprecation Warning: /Users/rhillyard/IdeaProjects/Number2026/expression/src/test/scala/com/phasmidsoftware/number/expression/expr/TranscendentalSpec.scala:16:21 [0m[0m[0m
[0m[[0m[33mwarn[0m] [0m[0m[33m16 |[0m    [33mval[0m [36mnormalized[0m = PiTranscendental.normalize[0m
[0m[[0m[33mwarn[0m] [0m[0m[33m[33m   |[0m                     ^^^^^^^^^^^^^^^^[0m[0m
[0m[[0m[33mwarn[0m] [0m[0m[33m   |[0m[33mobject[0m [35mPiTranscendental[0m in [33mpackage[0m [35mcom.phasmidsoftware.number.expression.expr[0m is deprecated[0m
[0m[[0m[33mwarn[0m] [0m[0m[33m[33m-- Deprecation Warning: /Users/rhillyard/IdeaProjects/Number2026/expression/src/test/scala/com/phasmidsoftware/number/expression/expr/TranscendentalSpec.scala:22:21 [0m[0m[0m
[0m[[0m[33mwarn[0m] [0m[0m[33m22 |[0m    [33mval[0m [36mnormalized[0m = ETranscendental.normalize[0m
[0m[[0m[33mwarn[0m] [0m[0m[33m[33m   |[0m                     ^^^^^^^^^^^^^^^[0m[0m
[0m[[0m[33mwarn[0m] [0m[0m[33m   |[0m[33mobject[0m [35mETranscendental[0m in [33mpackage[0m [35mcom.phasmidsoftware.number.expression.expr[0m is deprecated since 0.1.0: use E instead.[0m
[0m[[0m[33mwarn[0m] [0m[0m[33m[33m-- Deprecation Warning: /Users/rhillyard/IdeaProjects/Number2026/expression/src/test/scala/com/phasmidsoftware/number/expression/expr/TranscendentalSpec.scala:48:23 [0m[0m[0m
[0m[[0m[33mwarn[0m] [0m[0m[33m48 |[0m    [33mval[0m [36mmaterialized[0m = PiTranscendental.materialize[0m
[0m[[0m[33mwarn[0m] [0m[0m[33m[33m   |[0m                       ^^^^^^^^^^^^^^^^[0m[0m
[0m[[0m[33mwarn[0m] [0m[0m[33m   |[0m[33mobject[0m [35mPiTranscendental[0m in [33mpackage[0m [35mcom.phasmidsoftware.number.expression.expr[0m is deprecated[0m
[0m[[0m[33mwarn[0m] [0m[0m[33m[33m-- Deprecation Warning: /Users/rhillyard/IdeaProjects/Number2026/expression/src/test/scala/com/phasmidsoftware/number/expression/expr/TranscendentalSpec.scala:54:23 [0m[0m[0m
[0m[[0m[33mwarn[0m] [0m[0m[33m54 |[0m    [33mval[0m [36mmaterialized[0m = ETranscendental.materialize[0m
[0m[[0m[33mwarn[0m] [0m[0m[33m[33m   |[0m                       ^^^^^^^^^^^^^^^[0m[0m
[0m[[0m[33mwarn[0m] [0m[0m[33m   |[0m[33mobject[0m [35mETranscendental[0m in [33mpackage[0m [35mcom.phasmidsoftware.number.expression.expr[0m is deprecated since 0.1.0: use E instead.[0m
[0m[[0m[33mwarn[0m] [0m[0m[33m[33m-- Warning: dotty/core/src/main/scala/org/scalatest/Assertions.scala:1301:13 ---[0m[0m[0m
[0m[[0m[33mwarn[0m] [0m[0mCouldn't resolve a member for the given link query: TestPendingException[0m
[0m[[0m[33mwarn[0m] [0m[0m[33m[33m-- Warning: dotty/core/src/main/scala/org/scalatest/Assertions.scala:983:13 ----[0m[0m[0m
[0m[[0m[33mwarn[0m] [0m[0mCouldn't resolve a member for the given link query: TestFailedException[0m
[0m[[0m[33mwarn[0m] [0m[0m[33m[33m-- Warning: dotty/core/src/main/scala/org/scalatest/Assertions.scala:959:13 ----[0m[0m[0m
[0m[[0m[33mwarn[0m] [0m[0mCouldn't resolve a member for the given link query: TestFailedException[0m
[0m[[0m[33mwarn[0m] [0m[0mmultiple main classes detected: run 'show discoveredMainClasses' to see the list[0m
[0m[[0m[33mwarn[0m] [0m[0m[33m[33m-- Warning: dotty/core/target/scala-3/src_managed/main/org/scalatest/Suite.scala:758:12 [0m[0m[0m
[0m[[0m[33mwarn[0m] [0m[0mCouldn't resolve a member for the given link query: NullArgumentException[0m
[0m[[0m[33mwarn[0m] [0m[0m[33m[33m-- Warning: dotty/core/src/main/scala/org/scalatest/Assertions.scala:531:13 ----[0m[0m[0m
[0m[[0m[33mwarn[0m] [0m[0mCouldn't resolve a member for the given link query: NullArgumentException[0m
[0m[[0m[33mwarn[0m] [0m[0m[33m[33m-- Warning: dotty/core/src/main/scala/org/scalatest/Assertions.scala:472:13 ----[0m[0m[0m
[0m[[0m[33mwarn[0m] [0m[0mCouldn't resolve a member for the given link query: TestFailedException[0m
[0m[[0m[33mwarn[0m] [0m[0m[33m[33m-- Warning: dotty/flatspec/target/scala-3/src_managed/main/org/scalatest/flatspec/AnyFlatSpecLike.scala:1828:15 [0m[0m[0m
[0m[[0m[33mwarn[0m] [0m[0mCouldn't resolve a member for the given link query: NullArgumentException[0m
[0m[[0m[33mwarn[0m] [0m[0m[33m[33m-- Warning: dotty/core/src/main/scala/org/scalatest/Assertions.scala:1153:13 ---[0m[0m[0m
[0m[[0m[33mwarn[0m] [0m[0mCouldn't resolve a member for the given link query: NullArgumentException[0m
[0m[[0m[33mwarn[0m] [0m[0m[33m[33m-- Warning: dotty/core/src/main/scala/org/scalatest/Assertions.scala:1134:13 ---[0m[0m[0m
[0m[[0m[33mwarn[0m] [0m[0mCouldn't resolve a member for the given link query: NullArgumentException[0m
[0m[[0m[33mwarn[0m] [0m[0m[33m[33m-- Warning: dotty/core/src/main/scala/org/scalatest/Assertions.scala:1115:13 ---[0m[0m[0m
[0m[[0m[33mwarn[0m] [0m[0mCouldn't resolve a member for the given link query: NullArgumentException[0m
[0m[[0m[33mwarn[0m] [0m[0m[33m[33m-- Warning: dotty/core/src/main/scala/org/scalatest/Assertions.scala:757:13 ----[0m[0m[0m
[0m[[0m[33mwarn[0m] [0m[0mCouldn't resolve a member for the given link query: TestFailedException[0m
[0m[[0m[33mwarn[0m] [0m[0m[33m[33m-- Warning: dotty/flatspec/target/scala-3/src_managed/main/org/scalatest/flatspec/AnyFlatSpecLike.scala:1709:25 [0m[0m[0m
[0m[[0m[33mwarn[0m] [0m[0mCouldn't resolve a member for the given link query: NullArgumentException[0m
[0m[[0m[33mwarn[0m] [0m[0m[33m[33m-- Warning: dotty/core/src/main/scala/org/scalatest/Assertions.scala:632:13 ----[0m[0m[0m
[0m[[0m[33mwarn[0m] [0m[0mCouldn't resolve a member for the given link query: NullArgumentException[0m
[0m[[0m[33mwarn[0m] [0m[0m[33m[33m-- Warning: dotty/core/src/main/scala/org/scalatest/Assertions.scala:579:13 ----[0m[0m[0m
[0m[[0m[33mwarn[0m] [0m[0mCouldn't resolve a member for the given link query: TestCanceledException[0m
[0m[[0m[33mwarn[0m] [0m[0m[33m[33m-- Warning: dotty/core/src/main/scala/org/scalatest/Assertions.scala:1091:13 ---[0m[0m[0m
[0m[[0m[33mwarn[0m] [0m[0mCouldn't resolve a member for the given link query: NullArgumentException[0m
[0m[[0m[33mwarn[0m] [0m[0m[33m[33m-- Warning: dotty/core/src/main/scala/org/scalatest/Assertions.scala:1072:13 ---[0m[0m[0m
[0m[[0m[33mwarn[0m] [0m[0mCouldn't resolve a member for the given link query: NullArgumentException[0m
[0m[[0m[33mwarn[0m] [0m[0m[33m[33m-- Warning: dotty/core/src/main/scala/org/scalatest/Assertions.scala:1053:13 ---[0m[0m[0m
[0m[[0m[33mwarn[0m] [0m[0mCouldn't resolve a member for the given link query: NullArgumentException[0m
[0m[[0m[33mwarn[0m] [0m[0m[33m[33m-- Warning: dotty/core/src/main/scala/org/scalatest/Assertions.scala:818:13 ----[0m[0m[0m
[0m[[0m[33mwarn[0m] [0m[0mCouldn't resolve a member for the given link query: TestFailedException[0m
[0m[[0m[33mwarn[0m] [0m[0m[33m[33m-- Warning: dotty/core/src/main/scala/org/scalatest/Assertions.scala:1195:6 ----[0m[0m[0m
[0m[[0m[33mwarn[0m] [0m[0mCouldn't resolve a member for the given link query: NullArgumentException[0m
[0m[[0m[33mwarn[0m] [0m[0m[33m[33m-- Warning: dotty/flatspec/target/scala-3/src_managed/main/org/scalatest/flatspec/AnyFlatSpecLike.scala:1784:25 [0m[0m[0m
[0m[[0m[33mwarn[0m] [0m[0mCouldn't resolve a member for the given link query: NullArgumentException[0m
[0m[[0m[0minfo[0m] [0m[0mcompiling 7 Scala sources to /Users/rhillyard/IdeaProjects/Number2026/top/target/scala-3.7.3/test-classes ...[0m
[0m[[0m[0minfo[0m] [0m[0mMain Scala API documentation to /Users/rhillyard/IdeaProjects/Number2026/top/target/scala-3.7.3/api...[0m
[0m[[0m[0minfo[0m] [0m[0mSkipping unused scalacOptions: -Wvalue-discard, -Wnonunit-statement, -Wconf[0m
[0m[[0m[33mwarn[0m] [0m[0mFlag -classpath set repeatedly[0m
[0m[[0m[33mwarn[0m] [0m[0m21 warnings found[0m
[0m[[0m[33mwarn[0m] [0m[0m[33m[33m-- Warning: dotty/core/target/scala-3/src_managed/main/org/scalatest/PrivateMethodTester.scala:280:15 [0m[0m[0m
[0m[[0m[33mwarn[0m] [0m[0mCouldn't resolve a member for the given link query: NullArgumentException[0m
[0m[[0m[33mwarn[0m] [0m[0m[33m[33m-- Warning: dotty/core/target/scala-3/src_managed/main/org/scalatest/PrivateMethodTester.scala:95:14 [0m[0m[0m
[0m[[0m[33mwarn[0m] [0m[0mCouldn't resolve a member for the given link query: NullArgumentException[0m
[0m[[0m[33mwarn[0m] [0m[0m[33m[33m-- Warning: dotty/core/target/scala-3/src_managed/main/org/scalatest/PrivateMethodTester.scala:136:14 [0m[0m[0m
[0m[[0m[33mwarn[0m] [0m[0mCouldn't resolve a member for the given link query: NullArgumentException[0m
[0m[[0m[33mwarn[0m] [0m[0m[33m[33m-- Warning: dotty/core/target/scala-3/src_managed/main/org/scalatest/BeforeAndAfter.scala:137:16 [0m[0m[0m
[0m[[0m[33mwarn[0m] [0m[0mCouldn't resolve a member for the given link query: NotAllowedException[0m
[0m[[0m[0minfo[0m] [0m[0mTest Scala API documentation successful.[0m
[0m[[0m[33mwarn[0m] [0m[0m[33m[33m-- Warning: dotty/core/target/scala-3/src_managed/main/org/scalatest/BeforeAndAfter.scala:157:16 [0m[0m[0m
[0m[[0m[33mwarn[0m] [0m[0mCouldn't resolve a member for the given link query: NotAllowedException[0m
[0m[[0m[33mwarn[0m] [0m[0m[33m[33m-- Warning: top/src/main/scala/com/phasmidsoftware/number/top/QuantityParser.scala:69:6 [0m[0m[0m
[0m[[0m[33mwarn[0m] [0m[0m[33m69 |[0m  [33mdef[0m [36mdoParseNumber[0m([36mnumStr[0m: [35mString[0m): [35mExpression[0m =[0m
[0m[[0m[33mwarn[0m] [0m[0m[33m[33m   |[0m      ^[0m[0m
[0m[[0m[33mwarn[0m] [0m[0m[33m   |[0mCouldn't resolve a member for the given link query: LaTeXParserException[0m
[0m[[0m[33mwarn[0m] [0m[0mtwo warnings found[0m
[0m[[0m[33mwarn[0m] [0m[0m18 warnings found[0m
[0m[[0m[0minfo[0m] [0m[0mdone compiling[0m
[0m[[0m[0minfo[0m] [0m[0mMain Scala API documentation successful.[0m
[0m[[0m[33mwarn[0m] [0m[0m[33m[33m-- [E198] Unused Symbol Warning: /Users/rhillyard/IdeaProjects/Number2026/top/src/test/scala/com/phasmidsoftware/number/top/QuantitySpec.scala:142:8 [0m[0m[0m
[0m[[0m[33mwarn[0m] [0m[0m[33m142 |[0m    [33mval[0m [36mlength[0m = Quantity([31m4[0m, Meter)[0m
[0m[[0m[33mwarn[0m] [0m[0m[33m[33m    |[0m        ^^^^^^[0m[0m
[0m[[0m[33mwarn[0m] [0m[0m[33m    |[0m        unused local definition[0m
[0m[[0m[33mwarn[0m] [0m[0m[33m[33m-- [E198] Unused Symbol Warning: /Users/rhillyard/IdeaProjects/Number2026/top/src/test/scala/com/phasmidsoftware/number/top/QuantityWorksheetSpec.scala:20:8 [0m[0m[0m
[0m[[0m[33mwarn[0m] [0m[0m[33m20 |[0m    [33mval[0m [36mFirkin[0m: [35mPhysicalUnit[0m[[35mMass[0m] = Pound.scaled([31m90[0m, [31m"fir"[0m)[0m
[0m[[0m[33mwarn[0m] [0m[0m[33m[33m   |[0m        ^^^^^^[0m[0m
[0m[[0m[33mwarn[0m] [0m[0m[33m   |[0m        unused local definition[0m
[0m[[0m[33mwarn[0m] [0m[0m[33m[33m-- [E029] Pattern Match Exhaustivity Warning: /Users/rhillyard/IdeaProjects/Number2026/top/src/test/scala/com/phasmidsoftware/number/top/QuantityParserSpec.scala:200:24 [0m[0m[0m
[0m[[0m[33mwarn[0m] [0m[0m[33m200 |[0m    QuantityParser.parse([31m"5 m//s"[0m) [33mmatch[0m {[0m
[0m[[0m[33mwarn[0m] [0m[0m[33m[33m    |[0m    ^^^^^^^^^^^^^^^^^^^^^^^^^^^^^^[0m[0m
[0m[[0m[33mwarn[0m] [0m[0m[33m    |[0m[33mmatch[0m may not be exhaustive.[0m
[0m[[0m[33mwarn[0m] [0m[0m[33m    |[0m[0m
[0m[[0m[33mwarn[0m] [0m[0m[33m    |[0mIt would fail on pattern case: Left(com.phasmidsoftware.number.parse.SyntaxError(_, _)), Left(com.phasmidsoftware.number.parse.DimensionError(_))[0m
[0m[[0m[33mwarn[0m] [0m[0m[33m    |---------------------------------------------------------------------------[0m[0m
[0m[[0m[33mwarn[0m] [0m[0m[33m    |[0m Explanation (enabled by `-explain`)[0m
[0m[[0m[33mwarn[0m] [0m[0m[33m    |- - - - - - - - - - - - - - - - - - - - - - - - - - - - - - - - - - - - - -[0m[0m
[0m[[0m[33mwarn[0m] [0m[0m[33m    |[0m There are several ways to make the match exhaustive:[0m
[0m[[0m[33mwarn[0m] [0m[0m[33m    |[0m  - Add missing cases as shown in the warning[0m
[0m[[0m[33mwarn[0m] [0m[0m[33m    |[0m  - If an extractor always return Some(...), write Some[[35mX[0m] for its return type[0m
[0m[[0m[33mwarn[0m] [0m[0m[33m    |[0m  - Add a [33mcase[0m _ => ... at the end to match all remaining cases[0m
[0m[[0m[33mwarn[0m] [0m[0m[33m     ---------------------------------------------------------------------------[0m[0m
[0m[[0m[33mwarn[0m] [0m[0m[33m[33m-- [E029] Pattern Match Exhaustivity Warning: /Users/rhillyard/IdeaProjects/Number2026/top/src/test/scala/com/phasmidsoftware/number/top/QuantityParserSpec.scala:207:24 [0m[0m[0m
[0m[[0m[33mwarn[0m] [0m[0m[33m207 |[0m    QuantityParser.parse([31m"abc m"[0m) [33mmatch[0m {[0m
[0m[[0m[33mwarn[0m] [0m[0m[33m[33m    |[0m    ^^^^^^^^^^^^^^^^^^^^^^^^^^^^^[0m[0m
[0m[[0m[33mwarn[0m] [0m[0m[33m    |[0m[33mmatch[0m may not be exhaustive.[0m
[0m[[0m[33mwarn[0m] [0m[0m[33m    |[0m[0m
[0m[[0m[33mwarn[0m] [0m[0m[33m    |[0mIt would fail on pattern case: Left(com.phasmidsoftware.number.parse.SyntaxError(_, _)), Left(com.phasmidsoftware.number.parse.DimensionError(_))[0m
[0m[[0m[33mwarn[0m] [0m[0m[33m    |---------------------------------------------------------------------------[0m[0m
[0m[[0m[33mwarn[0m] [0m[0m[33m    |[0m Explanation (enabled by `-explain`)[0m
[0m[[0m[33mwarn[0m] [0m[0m[33m    |- - - - - - - - - - - - - - - - - - - - - - - - - - - - - - - - - - - - - -[0m[0m
[0m[[0m[33mwarn[0m] [0m[0m[33m    |[0m There are several ways to make the match exhaustive:[0m
[0m[[0m[33mwarn[0m] [0m[0m[33m    |[0m  - Add missing cases as shown in the warning[0m
[0m[[0m[33mwarn[0m] [0m[0m[33m    |[0m  - If an extractor always return Some(...), write Some[[35mX[0m] for its return type[0m
[0m[[0m[33mwarn[0m] [0m[0m[33m    |[0m  - Add a [33mcase[0m _ => ... at the end to match all remaining cases[0m
[0m[[0m[33mwarn[0m] [0m[0m[33m     ---------------------------------------------------------------------------[0m[0m
[0m[[0m[33mwarn[0m] [0m[0mfour warnings found[0m
[0m[[0m[0minfo[0m] [0m[0mdone compiling[0m
[0m[[0m[0minfo[0m] [0m[0mTest Scala API documentation to /Users/rhillyard/IdeaProjects/Number2026/top/target/scala-3.7.3/test-api...[0m
[0m[[0m[0minfo[0m] [0m[0mSkipping unused scalacOptions: -Wvalue-discard, -Wconf[0m
[0m[[0m[33mwarn[0m] [0m[0mFlag -classpath set repeatedly[0m
[0m[[0m[0minfo[0m] [0m[0mgpg: using "B8B0077E1C085958" as default secret key for signing[0m
[0m[[0m[0minfo[0m] [0m[0mTest Scala API documentation to /Users/rhillyard/IdeaProjects/Number2026/expression/target/scala-3.7.3/test-api...[0m
[0m[[0m[0minfo[0m] [0m[0mSkipping unused scalacOptions: -Wvalue-discard, -Wconf[0m
[0m[[0m[33mwarn[0m] [0m[0mFlag -classpath set repeatedly[0m
[0m[[0m[33mwarn[0m] [0m[0m[33m[33m-- Warning: dotty/core/src/main/scala/org/scalatest/Assertions.scala:1301:13 ---[0m[0m[0m
[0m[[0m[33mwarn[0m] [0m[0mCouldn't resolve a member for the given link query: TestPendingException[0m
[0m[[0m[33mwarn[0m] [0m[0m[33m[33m-- Warning: dotty/core/src/main/scala/org/scalatest/Assertions.scala:983:13 ----[0m[0m[0m
[0m[[0m[33mwarn[0m] [0m[0mCouldn't resolve a member for the given link query: TestFailedException[0m
[0m[[0m[33mwarn[0m] [0m[0m[33m[33m-- Warning: dotty/core/src/main/scala/org/scalatest/Assertions.scala:959:13 ----[0m[0m[0m
[0m[[0m[33mwarn[0m] [0m[0mCouldn't resolve a member for the given link query: TestFailedException[0m
[0m[[0m[33mwarn[0m] [0m[0m[33m[33m-- Warning: dotty/core/target/scala-3/src_managed/main/org/scalatest/Suite.scala:758:12 [0m[0m[0m
[0m[[0m[33mwarn[0m] [0m[0mCouldn't resolve a member for the given link query: NullArgumentException[0m
[0m[[0m[33mwarn[0m] [0m[0m[33m[33m-- Warning: dotty/core/src/main/scala/org/scalatest/Assertions.scala:531:13 ----[0m[0m[0m
[0m[[0m[33mwarn[0m] [0m[0mCouldn't resolve a member for the given link query: NullArgumentException[0m
[0m[[0m[33mwarn[0m] [0m[0m[33m[33m-- Warning: dotty/core/src/main/scala/org/scalatest/Assertions.scala:472:13 ----[0m[0m[0m
[0m[[0m[33mwarn[0m] [0m[0mCouldn't resolve a member for the given link query: TestFailedException[0m
[0m[[0m[33mwarn[0m] [0m[0m[33m[33m-- Warning: dotty/flatspec/target/scala-3/src_managed/main/org/scalatest/flatspec/AnyFlatSpecLike.scala:1828:15 [0m[0m[0m
[0m[[0m[33mwarn[0m] [0m[0mCouldn't resolve a member for the given link query: NullArgumentException[0m
[0m[[0m[33mwarn[0m] [0m[0m[33m[33m-- Warning: dotty/core/src/main/scala/org/scalatest/Assertions.scala:1153:13 ---[0m[0m[0m
[0m[[0m[33mwarn[0m] [0m[0mCouldn't resolve a member for the given link query: NullArgumentException[0m
[0m[[0m[33mwarn[0m] [0m[0m[33m[33m-- Warning: dotty/core/src/main/scala/org/scalatest/Assertions.scala:1134:13 ---[0m[0m[0m
[0m[[0m[33mwarn[0m] [0m[0mCouldn't resolve a member for the given link query: NullArgumentException[0m
[0m[[0m[33mwarn[0m] [0m[0m[33m[33m-- Warning: dotty/core/src/main/scala/org/scalatest/Assertions.scala:1115:13 ---[0m[0m[0m
[0m[[0m[33mwarn[0m] [0m[0mCouldn't resolve a member for the given link query: NullArgumentException[0m
[0m[[0m[33mwarn[0m] [0m[0m[33m[33m-- Warning: dotty/core/src/main/scala/org/scalatest/Assertions.scala:757:13 ----[0m[0m[0m
[0m[[0m[33mwarn[0m] [0m[0mCouldn't resolve a member for the given link query: TestFailedException[0m
[0m[[0m[33mwarn[0m] [0m[0m[33m[33m-- Warning: dotty/flatspec/target/scala-3/src_managed/main/org/scalatest/flatspec/AnyFlatSpecLike.scala:1709:25 [0m[0m[0m
[0m[[0m[33mwarn[0m] [0m[0mCouldn't resolve a member for the given link query: NullArgumentException[0m
[0m[[0m[33mwarn[0m] [0m[0m[33m[33m-- Warning: dotty/core/src/main/scala/org/scalatest/Assertions.scala:632:13 ----[0m[0m[0m
[0m[[0m[33mwarn[0m] [0m[0mCouldn't resolve a member for the given link query: NullArgumentException[0m
[0m[[0m[33mwarn[0m] [0m[0m[33m[33m-- Warning: dotty/core/src/main/scala/org/scalatest/Assertions.scala:579:13 ----[0m[0m[0m
[0m[[0m[33mwarn[0m] [0m[0mCouldn't resolve a member for the given link query: TestCanceledException[0m
[0m[[0m[33mwarn[0m] [0m[0m[33m[33m-- Warning: dotty/core/src/main/scala/org/scalatest/Assertions.scala:1091:13 ---[0m[0m[0m
[0m[[0m[33mwarn[0m] [0m[0mCouldn't resolve a member for the given link query: NullArgumentException[0m
[0m[[0m[33mwarn[0m] [0m[0m[33m[33m-- Warning: dotty/core/src/main/scala/org/scalatest/Assertions.scala:1072:13 ---[0m[0m[0m
[0m[[0m[33mwarn[0m] [0m[0mCouldn't resolve a member for the given link query: NullArgumentException[0m
[0m[[0m[33mwarn[0m] [0m[0m[33m[33m-- Warning: dotty/core/src/main/scala/org/scalatest/Assertions.scala:1053:13 ---[0m[0m[0m
[0m[[0m[33mwarn[0m] [0m[0mCouldn't resolve a member for the given link query: NullArgumentException[0m
[0m[[0m[33mwarn[0m] [0m[0m[33m[33m-- Warning: dotty/core/src/main/scala/org/scalatest/Assertions.scala:818:13 ----[0m[0m[0m
[0m[[0m[33mwarn[0m] [0m[0mCouldn't resolve a member for the given link query: TestFailedException[0m
[0m[[0m[33mwarn[0m] [0m[0m[33m[33m-- Warning: dotty/core/src/main/scala/org/scalatest/Assertions.scala:1195:6 ----[0m[0m[0m
[0m[[0m[33mwarn[0m] [0m[0mCouldn't resolve a member for the given link query: NullArgumentException[0m
[0m[[0m[33mwarn[0m] [0m[0m[33m[33m-- Warning: dotty/flatspec/target/scala-3/src_managed/main/org/scalatest/flatspec/AnyFlatSpecLike.scala:1784:25 [0m[0m[0m
[0m[[0m[33mwarn[0m] [0m[0mCouldn't resolve a member for the given link query: NullArgumentException[0m
[0m[[0m[33mwarn[0m] [0m[0m[33m[33m-- Warning: dotty/core/target/scala-3/src_managed/main/org/scalatest/BeforeAndAfter.scala:137:16 [0m[0m[0m
[0m[[0m[33mwarn[0m] [0m[0mCouldn't resolve a member for the given link query: NotAllowedException[0m
[0m[[0m[33mwarn[0m] [0m[0m[33m[33m-- Warning: dotty/core/target/scala-3/src_managed/main/org/scalatest/BeforeAndAfter.scala:157:16 [0m[0m[0m
[0m[[0m[33mwarn[0m] [0m[0mCouldn't resolve a member for the given link query: NotAllowedException[0m
[0m[[0m[33mwarn[0m] [0m[0m23 warnings found[0m
[0m[[0m[33mwarn[0m] [0m[0m[33m[33m-- Warning: dotty/core/src/main/scala/org/scalatest/Assertions.scala:1301:13 ---[0m[0m[0m
[0m[[0m[33mwarn[0m] [0m[0mCouldn't resolve a member for the given link query: TestPendingException[0m
[0m[[0m[33mwarn[0m] [0m[0m[33m[33m-- Warning: dotty/core/src/main/scala/org/scalatest/Assertions.scala:983:13 ----[0m[0m[0m
[0m[[0m[33mwarn[0m] [0m[0mCouldn't resolve a member for the given link query: TestFailedException[0m
[0m[[0m[33mwarn[0m] [0m[0m[33m[33m-- Warning: dotty/core/src/main/scala/org/scalatest/Assertions.scala:959:13 ----[0m[0m[0m
[0m[[0m[33mwarn[0m] [0m[0mCouldn't resolve a member for the given link query: TestFailedException[0m
[0m[[0m[33mwarn[0m] [0m[0m[33m[33m-- Warning: dotty/core/target/scala-3/src_managed/main/org/scalatest/Suite.scala:758:12 [0m[0m[0m
[0m[[0m[33mwarn[0m] [0m[0mCouldn't resolve a member for the given link query: NullArgumentException[0m
[0m[[0m[33mwarn[0m] [0m[0m[33m[33m-- Warning: dotty/core/src/main/scala/org/scalatest/Assertions.scala:531:13 ----[0m[0m[0m
[0m[[0m[33mwarn[0m] [0m[0mCouldn't resolve a member for the given link query: NullArgumentException[0m
[0m[[0m[33mwarn[0m] [0m[0m[33m[33m-- Warning: dotty/core/src/main/scala/org/scalatest/Assertions.scala:472:13 ----[0m[0m[0m
[0m[[0m[33mwarn[0m] [0m[0mCouldn't resolve a member for the given link query: TestFailedException[0m
[0m[[0m[33mwarn[0m] [0m[0m[33m[33m-- Warning: dotty/flatspec/target/scala-3/src_managed/main/org/scalatest/flatspec/AnyFlatSpecLike.scala:1828:15 [0m[0m[0m
[0m[[0m[33mwarn[0m] [0m[0mCouldn't resolve a member for the given link query: NullArgumentException[0m
[0m[[0m[33mwarn[0m] [0m[0m[33m[33m-- Warning: dotty/core/src/main/scala/org/scalatest/Assertions.scala:1153:13 ---[0m[0m[0m
[0m[[0m[33mwarn[0m] [0m[0mCouldn't resolve a member for the given link query: NullArgumentException[0m
[0m[[0m[33mwarn[0m] [0m[0m[33m[33m-- Warning: dotty/core/src/main/scala/org/scalatest/Assertions.scala:1134:13 ---[0m[0m[0m
[0m[[0m[33mwarn[0m] [0m[0mCouldn't resolve a member for the given link query: NullArgumentException[0m
[0m[[0m[33mwarn[0m] [0m[0m[33m[33m-- Warning: dotty/core/src/main/scala/org/scalatest/Assertions.scala:1115:13 ---[0m[0m[0m
[0m[[0m[33mwarn[0m] [0m[0mCouldn't resolve a member for the given link query: NullArgumentException[0m
[0m[[0m[33mwarn[0m] [0m[0m[33m[33m-- Warning: dotty/core/src/main/scala/org/scalatest/Assertions.scala:757:13 ----[0m[0m[0m
[0m[[0m[33mwarn[0m] [0m[0mCouldn't resolve a member for the given link query: TestFailedException[0m
[0m[[0m[33mwarn[0m] [0m[0m[33m[33m-- Warning: dotty/flatspec/target/scala-3/src_managed/main/org/scalatest/flatspec/AnyFlatSpecLike.scala:1709:25 [0m[0m[0m
[0m[[0m[33mwarn[0m] [0m[0mCouldn't resolve a member for the given link query: NullArgumentException[0m
[0m[[0m[33mwarn[0m] [0m[0m[33m[33m-- Warning: dotty/core/src/main/scala/org/scalatest/Assertions.scala:632:13 ----[0m[0m[0m
[0m[[0m[33mwarn[0m] [0m[0mCouldn't resolve a member for the given link query: NullArgumentException[0m
[0m[[0m[33mwarn[0m] [0m[0m[33m[33m-- Warning: dotty/core/src/main/scala/org/scalatest/Assertions.scala:579:13 ----[0m[0m[0m
[0m[[0m[33mwarn[0m] [0m[0mCouldn't resolve a member for the given link query: TestCanceledException[0m
[0m[[0m[33mwarn[0m] [0m[0m[33m[33m-- Warning: dotty/core/src/main/scala/org/scalatest/Assertions.scala:1091:13 ---[0m[0m[0m
[0m[[0m[33mwarn[0m] [0m[0mCouldn't resolve a member for the given link query: NullArgumentException[0m
[0m[[0m[33mwarn[0m] [0m[0m[33m[33m-- Warning: dotty/core/src/main/scala/org/scalatest/Assertions.scala:1072:13 ---[0m[0m[0m
[0m[[0m[33mwarn[0m] [0m[0mCouldn't resolve a member for the given link query: NullArgumentException[0m
[0m[[0m[33mwarn[0m] [0m[0m[33m[33m-- Warning: dotty/core/src/main/scala/org/scalatest/Assertions.scala:1053:13 ---[0m[0m[0m
[0m[[0m[33mwarn[0m] [0m[0mCouldn't resolve a member for the given link query: NullArgumentException[0m
[0m[[0m[33mwarn[0m] [0m[0m[33m[33m-- Warning: dotty/core/src/main/scala/org/scalatest/Assertions.scala:818:13 ----[0m[0m[0m
[0m[[0m[33mwarn[0m] [0m[0mCouldn't resolve a member for the given link query: TestFailedException[0m
[0m[[0m[33mwarn[0m] [0m[0m[33m[33m-- Warning: dotty/core/src/main/scala/org/scalatest/Assertions.scala:1195:6 ----[0m[0m[0m
[0m[[0m[33mwarn[0m] [0m[0mCouldn't resolve a member for the given link query: NullArgumentException[0m
[0m[[0m[33mwarn[0m] [0m[0m[33m[33m-- Warning: dotty/flatspec/target/scala-3/src_managed/main/org/scalatest/flatspec/AnyFlatSpecLike.scala:1784:25 [0m[0m[0m
[0m[[0m[33mwarn[0m] [0m[0mCouldn't resolve a member for the given link query: NullArgumentException[0m
[0m[[0m[0minfo[0m] [0m[0mTest Scala API documentation successful.[0m
[0m[[0m[33mwarn[0m] [0m[0m[33m[33m-- Warning: dotty/core/target/scala-3/src_managed/main/org/scalatest/BeforeAndAfter.scala:137:16 [0m[0m[0m
[0m[[0m[33mwarn[0m] [0m[0mCouldn't resolve a member for the given link query: NotAllowedException[0m
[0m[[0m[33mwarn[0m] [0m[0m[33m[33m-- Warning: dotty/core/target/scala-3/src_managed/main/org/scalatest/BeforeAndAfter.scala:157:16 [0m[0m[0m
[0m[[0m[33mwarn[0m] [0m[0mCouldn't resolve a member for the given link query: NotAllowedException[0m
[0m[[0m[0minfo[0m] [0m[0mgpg: using "B8B0077E1C085958" as default secret key for signing[0m
[0m[[0m[33mwarn[0m] [0m[0m42 warnings found[0m
[0m[[0m[33mwarn[0m] [0m[0m23 warnings found[0m
[0m[[0m[0minfo[0m] [0m[0mTest Scala API documentation successful.[0m
[0m[[0m[0minfo[0m] [0m[0mgpg: using "B8B0077E1C085958" as default secret key for signing[0m
[0m[[0m[0minfo[0m] [0m[0mTest Scala API documentation successful.[0m
[0m[[0m[0minfo[0m] [0m[0mgpg: using "B8B0077E1C085958" as default secret key for signing[0m
[0m[[0m[0minfo[0m] [0m[0mgpg: using "B8B0077E1C085958" as default secret key for signing[0m
[0m[[0m[0minfo[0m] [0m[0mgpg: using "B8B0077E1C085958" as default secret key for signing[0m
[0m[[0m[0minfo[0m] [0m[0mgpg: using "B8B0077E1C085958" as default secret key for signing[0m
[0m[[0m[0minfo[0m] [0m[0mgpg: using "B8B0077E1C085958" as default secret key for signing[0m
[0m[[0m[0minfo[0m] [0m[0mgpg: using "B8B0077E1C085958" as default secret key for signing[0m
[0m[[0m[0minfo[0m] [0m[0mgpg: using "B8B0077E1C085958" as default secret key for signing[0m
[0m[[0m[0minfo[0m] [0m[0mgpg: using "B8B0077E1C085958" as default secret key for signing[0m
[0m[[0m[0minfo[0m] [0m[0mgpg: using "B8B0077E1C085958" as default secret key for signing[0m
[0m[[0m[0minfo[0m] [0m[0mgpg: using "B8B0077E1C085958" as default secret key for signing[0m
[0m[[0m[0minfo[0m] [0m[0mgpg: using "B8B0077E1C085958" as default secret key for signing[0m
[0m[[0m[0minfo[0m] [0m[0mgpg: using "B8B0077E1C085958" as default secret key for signing[0m
[0m[[0m[0minfo[0m] [0m[0mgpg: using "B8B0077E1C085958" as default secret key for signing[0m
[0m[[0m[0minfo[0m] [0m[0mgpg: using "B8B0077E1C085958" as default secret key for signing[0m
[0m[[0m[0minfo[0m] [0m[0mgpg: using "B8B0077E1C085958" as default secret key for signing[0m
[0m[[0m[0minfo[0m] [0m[0mgpg: using "B8B0077E1C085958" as default secret key for signing[0m
[0m[[0m[0minfo[0m] [0m[0mgpg: using "B8B0077E1C085958" as default secret key for signing[0m
[0m[[0m[0minfo[0m] [0m[0mgpg: using "B8B0077E1C085958" as default secret key for signing[0m
[0m[[0m[0minfo[0m] [0m[0mgpg: using "B8B0077E1C085958" as default secret key for signing[0m
[0m[[0m[0minfo[0m] [0m[0mgpg: using "B8B0077E1C085958" as default secret key for signing[0m
[0m[[0m[0minfo[0m] [0m[0m	published number-top_3 to /Users/rhillyard/IdeaProjects/Number2026/target/sona-staging/com/phasmidsoftware/number-top_3/1.5.5.part/number-top_3-1.5.5.jar.asc[0m
[0m[[0m[0minfo[0m] [0m[0m	published number-top_3 to /Users/rhillyard/IdeaProjects/Number2026/target/sona-staging/com/phasmidsoftware/number-top_3/1.5.5.part/number-top_3-1.5.5-tests.jar[0m
[0m[[0m[0minfo[0m] [0m[0m	published number-top_3 to /Users/rhillyard/IdeaProjects/Number2026/target/sona-staging/com/phasmidsoftware/number-top_3/1.5.5.part/number-top_3-1.5.5-javadoc.jar[0m
[0m[[0m[0minfo[0m] [0m[0m	published number-top_3 to /Users/rhillyard/IdeaProjects/Number2026/target/sona-staging/com/phasmidsoftware/number-top_3/1.5.5.part/number-top_3-1.5.5-tests.jar.asc[0m
[0m[[0m[0minfo[0m] [0m[0m	published number-top_3 to /Users/rhillyard/IdeaProjects/Number2026/target/sona-staging/com/phasmidsoftware/number-top_3/1.5.5.part/number-top_3-1.5.5.jar[0m
[0m[[0m[0minfo[0m] [0m[0m	published number-top_3 to /Users/rhillyard/IdeaProjects/Number2026/target/sona-staging/com/phasmidsoftware/number-top_3/1.5.5.part/number-top_3-1.5.5-tests-sources.jar.asc[0m
[0m[[0m[0minfo[0m] [0m[0m	published number-top_3 to /Users/rhillyard/IdeaProjects/Number2026/target/sona-staging/com/phasmidsoftware/number-top_3/1.5.5.part/number-top_3-1.5.5-tests-javadoc.jar.asc[0m
[0m[[0m[0minfo[0m] [0m[0m	published number-top_3 to /Users/rhillyard/IdeaProjects/Number2026/target/sona-staging/com/phasmidsoftware/number-top_3/1.5.5.part/number-top_3-1.5.5-javadoc.jar.asc[0m
[0m[[0m[0minfo[0m] [0m[0m	published number-top_3 to /Users/rhillyard/IdeaProjects/Number2026/target/sona-staging/com/phasmidsoftware/number-top_3/1.5.5.part/number-top_3-1.5.5-tests-javadoc.jar[0m
[0m[[0m[0minfo[0m] [0m[0m	published number-top_3 to /Users/rhillyard/IdeaProjects/Number2026/target/sona-staging/com/phasmidsoftware/number-top_3/1.5.5.part/number-top_3-1.5.5.pom[0m
[0m[[0m[0minfo[0m] [0m[0m	published number-top_3 to /Users/rhillyard/IdeaProjects/Number2026/target/sona-staging/com/phasmidsoftware/number-top_3/1.5.5.part/number-top_3-1.5.5-tests-sources.jar[0m
[0m[[0m[0minfo[0m] [0m[0m	published number-top_3 to /Users/rhillyard/IdeaProjects/Number2026/target/sona-staging/com/phasmidsoftware/number-top_3/1.5.5.part/number-top_3-1.5.5-sources.jar[0m
[0m[[0m[0minfo[0m] [0m[0m	published number-top_3 to /Users/rhillyard/IdeaProjects/Number2026/target/sona-staging/com/phasmidsoftware/number-top_3/1.5.5.part/number-top_3-1.5.5.pom.asc[0m
[0m[[0m[0minfo[0m] [0m[0m	published number-top_3 to /Users/rhillyard/IdeaProjects/Number2026/target/sona-staging/com/phasmidsoftware/number-top_3/1.5.5.part/number-top_3-1.5.5-sources.jar.asc[0m
[0m[[0m[0minfo[0m] [0m[0m	publish commited: moved /Users/rhillyard/IdeaProjects/Number2026/target/sona-staging/com/phasmidsoftware/number-top_3/1.5.5.part [0m
[0m[[0m[0minfo[0m] [0m[0m		to /Users/rhillyard/IdeaProjects/Number2026/target/sona-staging/com/phasmidsoftware/number-top_3/1.5.5[0m
[0m[[0m[0minfo[0m] [0m[0mgpg: using "B8B0077E1C085958" as default secret key for signing[0m
[0m[[0m[0minfo[0m] [0m[0mgpg: using "B8B0077E1C085958" as default secret key for signing[0m
[0m[[0m[0minfo[0m] [0m[0mgpg: using "B8B0077E1C085958" as default secret key for signing[0m
[0m[[0m[0minfo[0m] [0m[0mgpg: using "B8B0077E1C085958" as default secret key for signing[0m
[0m[[0m[0minfo[0m] [0m[0mgpg: using "B8B0077E1C085958" as default secret key for signing[0m
[0m[[0m[0minfo[0m] [0m[0mgpg: using "B8B0077E1C085958" as default secret key for signing[0m
[0m[[0m[0minfo[0m] [0m[0m	published number-core_3 to /Users/rhillyard/IdeaProjects/Number2026/target/sona-staging/com/phasmidsoftware/number-core_3/1.5.5.part/number-core_3-1.5.5.pom.asc[0m
[0m[[0m[0minfo[0m] [0m[0mgpg: using "B8B0077E1C085958" as default secret key for signing[0m
[0m[[0m[0minfo[0m] [0m[0m	published number-core_3 to /Users/rhillyard/IdeaProjects/Number2026/target/sona-staging/com/phasmidsoftware/number-core_3/1.5.5.part/number-core_3-1.5.5-tests-javadoc.jar.asc[0m
[0m[[0m[0minfo[0m] [0m[0m	published number-core_3 to /Users/rhillyard/IdeaProjects/Number2026/target/sona-staging/com/phasmidsoftware/number-core_3/1.5.5.part/number-core_3-1.5.5-javadoc.jar.asc[0m
[0m[[0m[0minfo[0m] [0m[0m	published number-core_3 to /Users/rhillyard/IdeaProjects/Number2026/target/sona-staging/com/phasmidsoftware/number-core_3/1.5.5.part/number-core_3-1.5.5-sources.jar.asc[0m
[0m[[0m[0minfo[0m] [0m[0m	published number-core_3 to /Users/rhillyard/IdeaProjects/Number2026/target/sona-staging/com/phasmidsoftware/number-core_3/1.5.5.part/number-core_3-1.5.5-tests.jar.asc[0m
[0m[[0m[0minfo[0m] [0m[0m	published number-core_3 to /Users/rhillyard/IdeaProjects/Number2026/target/sona-staging/com/phasmidsoftware/number-core_3/1.5.5.part/number-core_3-1.5.5.jar.asc[0m
[0m[[0m[0minfo[0m] [0m[0m	published number-core_3 to /Users/rhillyard/IdeaProjects/Number2026/target/sona-staging/com/phasmidsoftware/number-core_3/1.5.5.part/number-core_3-1.5.5-javadoc.jar[0m
[0m[[0m[0minfo[0m] [0m[0m	published number-core_3 to /Users/rhillyard/IdeaProjects/Number2026/target/sona-staging/com/phasmidsoftware/number-core_3/1.5.5.part/number-core_3-1.5.5.pom[0m
[0m[[0m[0minfo[0m] [0m[0m	published number-core_3 to /Users/rhillyard/IdeaProjects/Number2026/target/sona-staging/com/phasmidsoftware/number-core_3/1.5.5.part/number-core_3-1.5.5-tests.jar[0m
[0m[[0m[0minfo[0m] [0m[0m	published number-core_3 to /Users/rhillyard/IdeaProjects/Number2026/target/sona-staging/com/phasmidsoftware/number-core_3/1.5.5.part/number-core_3-1.5.5-tests-sources.jar.asc[0m
[0m[[0m[0minfo[0m] [0m[0m	published number-core_3 to /Users/rhillyard/IdeaProjects/Number2026/target/sona-staging/com/phasmidsoftware/number-core_3/1.5.5.part/number-core_3-1.5.5-sources.jar[0m
[0m[[0m[0minfo[0m] [0m[0m	published number-core_3 to /Users/rhillyard/IdeaProjects/Number2026/target/sona-staging/com/phasmidsoftware/number-core_3/1.5.5.part/number-core_3-1.5.5.jar[0m
[0m[[0m[0minfo[0m] [0m[0m	published number-core_3 to /Users/rhillyard/IdeaProjects/Number2026/target/sona-staging/com/phasmidsoftware/number-core_3/1.5.5.part/number-core_3-1.5.5-tests-sources.jar[0m
[0m[[0m[0minfo[0m] [0m[0m	published number-core_3 to /Users/rhillyard/IdeaProjects/Number2026/target/sona-staging/com/phasmidsoftware/number-core_3/1.5.5.part/number-core_3-1.5.5-tests-javadoc.jar[0m
[0m[[0m[0minfo[0m] [0m[0m	publish commited: moved /Users/rhillyard/IdeaProjects/Number2026/target/sona-staging/com/phasmidsoftware/number-core_3/1.5.5.part [0m
[0m[[0m[0minfo[0m] [0m[0m		to /Users/rhillyard/IdeaProjects/Number2026/target/sona-staging/com/phasmidsoftware/number-core_3/1.5.5[0m
[0m[[0m[0minfo[0m] [0m[0m	published number-expression_3 to /Users/rhillyard/IdeaProjects/Number2026/target/sona-staging/com/phasmidsoftware/number-expression_3/1.5.5.part/number-expression_3-1.5.5.pom[0m
[0m[[0m[0minfo[0m] [0m[0mgpg: using "B8B0077E1C085958" as default secret key for signing[0m
[0m[[0m[0minfo[0m] [0m[0m	published number-expression_3 to /Users/rhillyard/IdeaProjects/Number2026/target/sona-staging/com/phasmidsoftware/number-expression_3/1.5.5.part/number-expression_3-1.5.5-tests-javadoc.jar[0m
[0m[[0m[0minfo[0m] [0m[0m	published number-expression_3 to /Users/rhillyard/IdeaProjects/Number2026/target/sona-staging/com/phasmidsoftware/number-expression_3/1.5.5.part/number-expression_3-1.5.5.jar[0m
[0m[[0m[0minfo[0m] [0m[0m	published number-expression_3 to /Users/rhillyard/IdeaProjects/Number2026/target/sona-staging/com/phasmidsoftware/number-expression_3/1.5.5.part/number-expression_3-1.5.5-sources.jar.asc[0m
[0m[[0m[0minfo[0m] [0m[0m	published number-expression_3 to /Users/rhillyard/IdeaProjects/Number2026/target/sona-staging/com/phasmidsoftware/number-expression_3/1.5.5.part/number-expression_3-1.5.5-tests.jar.asc[0m
[0m[[0m[0minfo[0m] [0m[0m	published number-expression_3 to /Users/rhillyard/IdeaProjects/Number2026/target/sona-staging/com/phasmidsoftware/number-expression_3/1.5.5.part/number-expression_3-1.5.5-tests-sources.jar.asc[0m
[0m[[0m[0minfo[0m] [0m[0m	published number-expression_3 to /Users/rhillyard/IdeaProjects/Number2026/target/sona-staging/com/phasmidsoftware/number-expression_3/1.5.5.part/number-expression_3-1.5.5.jar.asc[0m
[0m[[0m[0minfo[0m] [0m[0m	published number-expression_3 to /Users/rhillyard/IdeaProjects/Number2026/target/sona-staging/com/phasmidsoftware/number-expression_3/1.5.5.part/number-expression_3-1.5.5.pom.asc[0m
[0m[[0m[0minfo[0m] [0m[0m	published number-expression_3 to /Users/rhillyard/IdeaProjects/Number2026/target/sona-staging/com/phasmidsoftware/number-expression_3/1.5.5.part/number-expression_3-1.5.5-tests-sources.jar[0m
[0m[[0m[0minfo[0m] [0m[0m	published number-expression_3 to /Users/rhillyard/IdeaProjects/Number2026/target/sona-staging/com/phasmidsoftware/number-expression_3/1.5.5.part/number-expression_3-1.5.5-tests-javadoc.jar.asc[0m
[0m[[0m[0minfo[0m] [0m[0m	published number-expression_3 to /Users/rhillyard/IdeaProjects/Number2026/target/sona-staging/com/phasmidsoftware/number-expression_3/1.5.5.part/number-expression_3-1.5.5-javadoc.jar.asc[0m
[0m[[0m[0minfo[0m] [0m[0m	published number-expression_3 to /Users/rhillyard/IdeaProjects/Number2026/target/sona-staging/com/phasmidsoftware/number-expression_3/1.5.5.part/number-expression_3-1.5.5-tests.jar[0m
[0m[[0m[0minfo[0m] [0m[0m	published number-expression_3 to /Users/rhillyard/IdeaProjects/Number2026/target/sona-staging/com/phasmidsoftware/number-expression_3/1.5.5.part/number-expression_3-1.5.5-javadoc.jar[0m
[0m[[0m[0minfo[0m] [0m[0m	published number-expression_3 to /Users/rhillyard/IdeaProjects/Number2026/target/sona-staging/com/phasmidsoftware/number-expression_3/1.5.5.part/number-expression_3-1.5.5-sources.jar[0m
[0m[[0m[0minfo[0m] [0m[0m	publish commited: moved /Users/rhillyard/IdeaProjects/Number2026/target/sona-staging/com/phasmidsoftware/number-expression_3/1.5.5.part [0m
[0m[[0m[0minfo[0m] [0m[0m		to /Users/rhillyard/IdeaProjects/Number2026/target/sona-staging/com/phasmidsoftware/number-expression_3/1.5.5[0m
[0m[[0m[0minfo[0m] [0m[0mgpg: using "B8B0077E1C085958" as default secret key for signing[0m
[0m[[0m[0minfo[0m] [0m[0mgpg: using "B8B0077E1C085958" as default secret key for signing[0m
[0m[[0m[0minfo[0m] [0m[0mgpg: using "B8B0077E1C085958" as default secret key for signing[0m
[0m[[0m[0minfo[0m] [0m[0m	published number-algebra_3 to /Users/rhillyard/IdeaProjects/Number2026/target/sona-staging/com/phasmidsoftware/number-algebra_3/1.5.5.part/number-algebra_3-1.5.5-tests-sources.jar.asc[0m
[0m[[0m[0minfo[0m] [0m[0mgpg: using "B8B0077E1C085958" as default secret key for signing[0m
[0m[[0m[0minfo[0m] [0m[0m	published number-algebra_3 to /Users/rhillyard/IdeaProjects/Number2026/target/sona-staging/com/phasmidsoftware/number-algebra_3/1.5.5.part/number-algebra_3-1.5.5-tests-javadoc.jar.asc[0m
[0m[[0m[0minfo[0m] [0m[0m	published number-algebra_3 to /Users/rhillyard/IdeaProjects/Number2026/target/sona-staging/com/phasmidsoftware/number-algebra_3/1.5.5.part/number-algebra_3-1.5.5-javadoc.jar[0m
[0m[[0m[0minfo[0m] [0m[0m	published number-algebra_3 to /Users/rhillyard/IdeaProjects/Number2026/target/sona-staging/com/phasmidsoftware/number-algebra_3/1.5.5.part/number-algebra_3-1.5.5.pom.asc[0m
[0m[[0m[0minfo[0m] [0m[0m	published number-algebra_3 to /Users/rhillyard/IdeaProjects/Number2026/target/sona-staging/com/phasmidsoftware/number-algebra_3/1.5.5.part/number-algebra_3-1.5.5-sources.jar.asc[0m
[0m[[0m[0minfo[0m] [0m[0m	published number-algebra_3 to /Users/rhillyard/IdeaProjects/Number2026/target/sona-staging/com/phasmidsoftware/number-algebra_3/1.5.5.part/number-algebra_3-1.5.5-tests-sources.jar[0m
[0m[[0m[0minfo[0m] [0m[0m	published number-algebra_3 to /Users/rhillyard/IdeaProjects/Number2026/target/sona-staging/com/phasmidsoftware/number-algebra_3/1.5.5.part/number-algebra_3-1.5.5.jar.asc[0m
[0m[[0m[0minfo[0m] [0m[0m	published number-algebra_3 to /Users/rhillyard/IdeaProjects/Number2026/target/sona-staging/com/phasmidsoftware/number-algebra_3/1.5.5.part/number-algebra_3-1.5.5-tests.jar[0m
[0m[[0m[0minfo[0m] [0m[0m	published number-algebra_3 to /Users/rhillyard/IdeaProjects/Number2026/target/sona-staging/com/phasmidsoftware/number-algebra_3/1.5.5.part/number-algebra_3-1.5.5-tests.jar.asc[0m
[0m[[0m[0minfo[0m] [0m[0m	published number-algebra_3 to /Users/rhillyard/IdeaProjects/Number2026/target/sona-staging/com/phasmidsoftware/number-algebra_3/1.5.5.part/number-algebra_3-1.5.5.pom[0m
[0m[[0m[0minfo[0m] [0m[0m	published number-algebra_3 to /Users/rhillyard/IdeaProjects/Number2026/target/sona-staging/com/phasmidsoftware/number-algebra_3/1.5.5.part/number-algebra_3-1.5.5.jar[0m
[0m[[0m[0minfo[0m] [0m[0m	published number-algebra_3 to /Users/rhillyard/IdeaProjects/Number2026/target/sona-staging/com/phasmidsoftware/number-algebra_3/1.5.5.part/number-algebra_3-1.5.5-sources.jar[0m
[0m[[0m[0minfo[0m] [0m[0m	published number-algebra_3 to /Users/rhillyard/IdeaProjects/Number2026/target/sona-staging/com/phasmidsoftware/number-algebra_3/1.5.5.part/number-algebra_3-1.5.5-javadoc.jar.asc[0m
[0m[[0m[0minfo[0m] [0m[0m	published number-algebra_3 to /Users/rhillyard/IdeaProjects/Number2026/target/sona-staging/com/phasmidsoftware/number-algebra_3/1.5.5.part/number-algebra_3-1.5.5-tests-javadoc.jar[0m
[0m[[0m[0minfo[0m] [0m[0m	publish commited: moved /Users/rhillyard/IdeaProjects/Number2026/target/sona-staging/com/phasmidsoftware/number-algebra_3/1.5.5.part [0m
[0m[[0m[0minfo[0m] [0m[0m		to /Users/rhillyard/IdeaProjects/Number2026/target/sona-staging/com/phasmidsoftware/number-algebra_3/1.5.5[0m
[0m[[0m[0minfo[0m] [0m[0m	published number-parse_3 to /Users/rhillyard/IdeaProjects/Number2026/target/sona-staging/com/phasmidsoftware/number-parse_3/1.5.5.part/number-parse_3-1.5.5.pom[0m
[0m[[0m[0minfo[0m] [0m[0m	published number-parse_3 to /Users/rhillyard/IdeaProjects/Number2026/target/sona-staging/com/phasmidsoftware/number-parse_3/1.5.5.part/number-parse_3-1.5.5-tests-sources.jar[0m
[0m[[0m[0minfo[0m] [0m[0m	published number-parse_3 to /Users/rhillyard/IdeaProjects/Number2026/target/sona-staging/com/phasmidsoftware/number-parse_3/1.5.5.part/number-parse_3-1.5.5-tests-javadoc.jar.asc[0m
[0m[[0m[0minfo[0m] [0m[0m	published number-parse_3 to /Users/rhillyard/IdeaProjects/Number2026/target/sona-staging/com/phasmidsoftware/number-parse_3/1.5.5.part/number-parse_3-1.5.5-tests-javadoc.jar[0m
[0m[[0m[0minfo[0m] [0m[0m	published number-parse_3 to /Users/rhillyard/IdeaProjects/Number2026/target/sona-staging/com/phasmidsoftware/number-parse_3/1.5.5.part/number-parse_3-1.5.5-javadoc.jar.asc[0m
[0m[[0m[0minfo[0m] [0m[0m	published number-parse_3 to /Users/rhillyard/IdeaProjects/Number2026/target/sona-staging/com/phasmidsoftware/number-parse_3/1.5.5.part/number-parse_3-1.5.5.jar[0m
[0m[[0m[0minfo[0m] [0m[0m	published number-parse_3 to /Users/rhillyard/IdeaProjects/Number2026/target/sona-staging/com/phasmidsoftware/number-parse_3/1.5.5.part/number-parse_3-1.5.5.jar.asc[0m
[0m[[0m[0minfo[0m] [0m[0m	published number-parse_3 to /Users/rhillyard/IdeaProjects/Number2026/target/sona-staging/com/phasmidsoftware/number-parse_3/1.5.5.part/number-parse_3-1.5.5-tests-sources.jar.asc[0m
[0m[[0m[0minfo[0m] [0m[0m	published number-parse_3 to /Users/rhillyard/IdeaProjects/Number2026/target/sona-staging/com/phasmidsoftware/number-parse_3/1.5.5.part/number-parse_3-1.5.5-javadoc.jar[0m
[0m[[0m[0minfo[0m] [0m[0m	published number-parse_3 to /Users/rhillyard/IdeaProjects/Number2026/target/sona-staging/com/phasmidsoftware/number-parse_3/1.5.5.part/number-parse_3-1.5.5-sources.jar.asc[0m
[0m[[0m[0minfo[0m] [0m[0m	published number-parse_3 to /Users/rhillyard/IdeaProjects/Number2026/target/sona-staging/com/phasmidsoftware/number-parse_3/1.5.5.part/number-parse_3-1.5.5-tests.jar.asc[0m
[0m[[0m[0minfo[0m] [0m[0m	published number-parse_3 to /Users/rhillyard/IdeaProjects/Number2026/target/sona-staging/com/phasmidsoftware/number-parse_3/1.5.5.part/number-parse_3-1.5.5.pom.asc[0m
[0m[[0m[0minfo[0m] [0m[0m	published number-parse_3 to /Users/rhillyard/IdeaProjects/Number2026/target/sona-staging/com/phasmidsoftware/number-parse_3/1.5.5.part/number-parse_3-1.5.5-sources.jar[0m
[0m[[0m[0minfo[0m] [0m[0m	published number-parse_3 to /Users/rhillyard/IdeaProjects/Number2026/target/sona-staging/com/phasmidsoftware/number-parse_3/1.5.5.part/number-parse_3-1.5.5-tests.jar[0m
[0m[[0m[0minfo[0m] [0m[0m	publish commited: moved /Users/rhillyard/IdeaProjects/Number2026/target/sona-staging/com/phasmidsoftware/number-parse_3/1.5.5.part [0m
[0m[[0m[0minfo[0m] [0m[0m		to /Users/rhillyard/IdeaProjects/Number2026/target/sona-staging/com/phasmidsoftware/number-parse_3/1.5.5[0m
[0m[[0m[0mdebug[0m] [0m[0mForcing garbage collection...[0m
[0m[[0m[32msuccess[0m] [0m[0mTotal time: 199 s (0:03:19.0), completed Jan 18, 2026, 9:47:31 PM[0m
[0m[[0m[0mdebug[0m] [0m[0m> Exec(idea-shell, None, None)[0m
