[0m[[0m[0mdebug[0m] [0m[0m> Exec(generateMermaidDiagrams, None, None)[0m
[0m[[0m[0mdebug[0m] [0m[0mEvaluating tasks: expression / generateMermaidDiagrams, parse / generateMermaidDiagrams, top / generateMermaidDiagrams, algebra / generateMermaidDiagrams, core / generateMermaidDiagrams, generateMermaidDiagrams[0m
[0m[[0m[0mdebug[0m] [0m[0mRunning task... Cancel: Signal, check cycles: false, forcegc: true[0m
[0m[[0m[0minfo[0m] [0m[0mScanning source directories: /Users/rhillyard/IdeaProjects/Number2026/algebra/core/src/main/scala, /Users/rhillyard/IdeaProjects/Number2026/algebra/algebra/src/main/scala, /Users/rhillyard/IdeaProjects/Number2026/algebra/expression/src/main/scala, /Users/rhillyard/IdeaProjects/Number2026/algebra/parse/src/main/scala, /Users/rhillyard/IdeaProjects/Number2026/algebra/top/src/main/scala, /Users/rhillyard/IdeaProjects/Number2026/algebra/dimensions/src/main/scala[0m
[0m[[0m[0minfo[0m] [0m[0mScanning source directories: /Users/rhillyard/IdeaProjects/Number2026/expression/core/src/main/scala, /Users/rhillyard/IdeaProjects/Number2026/expression/algebra/src/main/scala, /Users/rhillyard/IdeaProjects/Number2026/expression/expression/src/main/scala, /Users/rhillyard/IdeaProjects/Number2026/expression/parse/src/main/scala, /Users/rhillyard/IdeaProjects/Number2026/expression/top/src/main/scala, /Users/rhillyard/IdeaProjects/Number2026/expression/dimensions/src/main/scala[0m
[0m[[0m[0minfo[0m] [0m[0mScanning source directories: /Users/rhillyard/IdeaProjects/Number2026/core/core/src/main/scala, /Users/rhillyard/IdeaProjects/Number2026/core/algebra/src/main/scala, /Users/rhillyard/IdeaProjects/Number2026/core/expression/src/main/scala, /Users/rhillyard/IdeaProjects/Number2026/core/parse/src/main/scala, /Users/rhillyard/IdeaProjects/Number2026/core/top/src/main/scala, /Users/rhillyard/IdeaProjects/Number2026/core/dimensions/src/main/scala[0m
[0m[[0m[33mwarn[0m] [0m[0mSource directory does not exist: /Users/rhillyard/IdeaProjects/Number2026/core/core/src/main/scala[0m
[0m[[0m[33mwarn[0m] [0m[0mSource directory does not exist: /Users/rhillyard/IdeaProjects/Number2026/algebra/core/src/main/scala[0m
[0m[[0m[33mwarn[0m] [0m[0mSource directory does not exist: /Users/rhillyard/IdeaProjects/Number2026/expression/core/src/main/scala[0m
[0m[[0m[0minfo[0m] [0m[0mScanning source directories: /Users/rhillyard/IdeaProjects/Number2026/parse/core/src/main/scala, /Users/rhillyard/IdeaProjects/Number2026/parse/algebra/src/main/scala, /Users/rhillyard/IdeaProjects/Number2026/parse/expression/src/main/scala, /Users/rhillyard/IdeaProjects/Number2026/parse/parse/src/main/scala, /Users/rhillyard/IdeaProjects/Number2026/parse/top/src/main/scala, /Users/rhillyard/IdeaProjects/Number2026/parse/dimensions/src/main/scala[0m
[0m[[0m[0minfo[0m] [0m[0mScanning source directories: /Users/rhillyard/IdeaProjects/Number2026/top/core/src/main/scala, /Users/rhillyard/IdeaProjects/Number2026/top/algebra/src/main/scala, /Users/rhillyard/IdeaProjects/Number2026/top/expression/src/main/scala, /Users/rhillyard/IdeaProjects/Number2026/top/parse/src/main/scala, /Users/rhillyard/IdeaProjects/Number2026/top/top/src/main/scala, /Users/rhillyard/IdeaProjects/Number2026/top/dimensions/src/main/scala[0m
[0m[[0m[33mwarn[0m] [0m[0mSource directory does not exist: /Users/rhillyard/IdeaProjects/Number2026/top/core/src/main/scala[0m
[0m[[0m[33mwarn[0m] [0m[0mSource directory does not exist: /Users/rhillyard/IdeaProjects/Number2026/parse/core/src/main/scala[0m
[0m[[0m[33mwarn[0m] [0m[0mSource directory does not exist: /Users/rhillyard/IdeaProjects/Number2026/expression/algebra/src/main/scala[0m
[0m[[0m[33mwarn[0m] [0m[0mSource directory does not exist: /Users/rhillyard/IdeaProjects/Number2026/algebra/algebra/src/main/scala[0m
[0m[[0m[33mwarn[0m] [0m[0mSource directory does not exist: /Users/rhillyard/IdeaProjects/Number2026/core/algebra/src/main/scala[0m
[0m[[0m[33mwarn[0m] [0m[0mSource directory does not exist: /Users/rhillyard/IdeaProjects/Number2026/algebra/expression/src/main/scala[0m
[0m[[0m[33mwarn[0m] [0m[0mSource directory does not exist: /Users/rhillyard/IdeaProjects/Number2026/expression/expression/src/main/scala[0m
[0m[[0m[33mwarn[0m] [0m[0mSource directory does not exist: /Users/rhillyard/IdeaProjects/Number2026/parse/algebra/src/main/scala[0m
[0m[[0m[33mwarn[0m] [0m[0mSource directory does not exist: /Users/rhillyard/IdeaProjects/Number2026/top/algebra/src/main/scala[0m
[0m[[0m[33mwarn[0m] [0m[0mSource directory does not exist: /Users/rhillyard/IdeaProjects/Number2026/expression/parse/src/main/scala[0m
[0m[[0m[0minfo[0m] [0m[0mScanning source directories: /Users/rhillyard/IdeaProjects/Number2026/core/src/main/scala, /Users/rhillyard/IdeaProjects/Number2026/algebra/src/main/scala, /Users/rhillyard/IdeaProjects/Number2026/expression/src/main/scala, /Users/rhillyard/IdeaProjects/Number2026/parse/src/main/scala, /Users/rhillyard/IdeaProjects/Number2026/top/src/main/scala, /Users/rhillyard/IdeaProjects/Number2026/dimensions/src/main/scala[0m
[0m[[0m[33mwarn[0m] [0m[0mSource directory does not exist: /Users/rhillyard/IdeaProjects/Number2026/parse/expression/src/main/scala[0m
[0m[[0m[33mwarn[0m] [0m[0mSource directory does not exist: /Users/rhillyard/IdeaProjects/Number2026/algebra/parse/src/main/scala[0m
[0m[[0m[33mwarn[0m] [0m[0mSource directory does not exist: /Users/rhillyard/IdeaProjects/Number2026/core/expression/src/main/scala[0m
[0m[[0m[33mwarn[0m] [0m[0mSource directory does not exist: /Users/rhillyard/IdeaProjects/Number2026/algebra/top/src/main/scala[0m
[0m[[0m[33mwarn[0m] [0m[0mSource directory does not exist: /Users/rhillyard/IdeaProjects/Number2026/parse/parse/src/main/scala[0m
[0m[[0m[33mwarn[0m] [0m[0mSource directory does not exist: /Users/rhillyard/IdeaProjects/Number2026/expression/top/src/main/scala[0m
[0m[[0m[33mwarn[0m] [0m[0mSource directory does not exist: /Users/rhillyard/IdeaProjects/Number2026/top/expression/src/main/scala[0m
[0m[[0m[33mwarn[0m] [0m[0mSource directory does not exist: /Users/rhillyard/IdeaProjects/Number2026/expression/dimensions/src/main/scala[0m
[0m[[0m[33mwarn[0m] [0m[0mSource directory does not exist: /Users/rhillyard/IdeaProjects/Number2026/parse/top/src/main/scala[0m
[0m[[0m[33mwarn[0m] [0m[0mSource directory does not exist: /Users/rhillyard/IdeaProjects/Number2026/algebra/dimensions/src/main/scala[0m
[0m[[0m[33mwarn[0m] [0m[0mSource directory does not exist: /Users/rhillyard/IdeaProjects/Number2026/core/parse/src/main/scala[0m
[0m[[0m[33mwarn[0m] [0m[0mSource directory does not exist: /Users/rhillyard/IdeaProjects/Number2026/parse/dimensions/src/main/scala[0m
[0m[[0m[33mwarn[0m] [0m[0mSource directory does not exist: /Users/rhillyard/IdeaProjects/Number2026/top/parse/src/main/scala[0m
[0m[[0m[0minfo[0m] [0m[0mFound 0 Scala files[0m
[0m[[0m[0minfo[0m] [0m[0mFound 0 Scala files[0m
[0m[[0m[0minfo[0m] [0m[0mFound 0 Scala files[0m
[0m[[0m[33mwarn[0m] [0m[0mSource directory does not exist: /Users/rhillyard/IdeaProjects/Number2026/core/top/src/main/scala[0m
[0m[[0m[33mwarn[0m] [0m[0mSource directory does not exist: /Users/rhillyard/IdeaProjects/Number2026/top/top/src/main/scala[0m
[0m[[0m[33mwarn[0m] [0m[0mSource directory does not exist: /Users/rhillyard/IdeaProjects/Number2026/core/dimensions/src/main/scala[0m
[0m[[0m[0minfo[0m] [0m[0mFound 0 sealed traits/classes: [0m
[0m[[0m[0minfo[0m] [0m[0mFound 0 sealed traits/classes: [0m
[0m[[0m[33mwarn[0m] [0m[0mSource directory does not exist: /Users/rhillyard/IdeaProjects/Number2026/top/dimensions/src/main/scala[0m
[0m[[0m[0minfo[0m] [0m[0mFound 0 Scala files[0m
[0m[[0m[0minfo[0m] [0m[0mFound 0 sealed traits/classes: [0m
[0m[[0m[0minfo[0m] [0m[0mFound 0 Scala files[0m
[0m[[0m[0minfo[0m] [0m[0mFound 0 sealed traits/classes: [0m
[0m[[0m[0minfo[0m] [0m[0mGenerating diagram group: CoreTypes[0m
[0m[[0m[0minfo[0m] [0m[0mGenerating diagram group: CoreTypes[0m
[0m[[0m[0minfo[0m] [0m[0mGenerating diagram group: CoreTypes[0m
[0m[[0m[33mwarn[0m] [0m[0mType not found in hierarchy map: com.phasmidsoftware.number.core.numerical.NumberLike[0m
[0m[[0m[0minfo[0m] [0m[0mGenerating diagram group: CoreTypes[0m
[0m[[0m[0minfo[0m] [0m[0mFound 0 sealed traits/classes: [0m
[0m[[0m[33mwarn[0m] [0m[0mType not found in hierarchy map: com.phasmidsoftware.number.core.numerical.NumberLike[0m
[0m[[0m[33mwarn[0m] [0m[0mType not found in hierarchy map: com.phasmidsoftware.number.core.numerical.NumberLike[0m
[0m[[0m[33mwarn[0m] [0m[0mType not found in hierarchy map: com.phasmidsoftware.number.core.inner.Factor[0m
[0m[[0m[33mwarn[0m] [0m[0mType not found in hierarchy map: com.phasmidsoftware.number.core.numerical.NumberLike[0m
[0m[[0m[33mwarn[0m] [0m[0mNo hierarchies found for group: CoreTypes[0m
[0m[[0m[33mwarn[0m] [0m[0mType not found in hierarchy map: com.phasmidsoftware.number.core.inner.Factor[0m
[0m[[0m[33mwarn[0m] [0m[0mType not found in hierarchy map: com.phasmidsoftware.number.core.inner.Factor[0m
[0m[[0m[0minfo[0m] [0m[0mGenerating diagram group: CoreTypes[0m
[0m[[0m[33mwarn[0m] [0m[0mNo hierarchies found for group: CoreTypes[0m
[0m[[0m[33mwarn[0m] [0m[0mNo hierarchies found for group: CoreTypes[0m
[0m[[0m[0minfo[0m] [0m[0mGenerating diagram group: ExpressionTypes[0m
[0m[[0m[33mwarn[0m] [0m[0mType not found in hierarchy map: com.phasmidsoftware.number.core.inner.Factor[0m
[0m[[0m[33mwarn[0m] [0m[0mType not found in hierarchy map: com.phasmidsoftware.number.expression.expr.Expression[0m
[0m[[0m[0minfo[0m] [0m[0mGenerating diagram group: ExpressionTypes[0m
[0m[[0m[0minfo[0m] [0m[0mGenerating diagram group: ExpressionTypes[0m
[0m[[0m[33mwarn[0m] [0m[0mType not found in hierarchy map: com.phasmidsoftware.number.core.numerical.NumberLike[0m
[0m[[0m[33mwarn[0m] [0m[0mType not found in hierarchy map: com.phasmidsoftware.number.expression.expr.Expression[0m
[0m[[0m[33mwarn[0m] [0m[0mNo hierarchies found for group: ExpressionTypes[0m
[0m[[0m[33mwarn[0m] [0m[0mNo hierarchies found for group: CoreTypes[0m
[0m[[0m[0minfo[0m] [0m[0mGenerating diagram group: ExpressionTypes[0m
[0m[[0m[0minfo[0m] [0m[0mGenerating diagram group: AlgebraTypes[0m
[0m[[0m[33mwarn[0m] [0m[0mNo hierarchies found for group: ExpressionTypes[0m
[0m[[0m[33mwarn[0m] [0m[0mType not found in hierarchy map: com.phasmidsoftware.number.core.inner.Factor[0m
[0m[[0m[33mwarn[0m] [0m[0mType not found in hierarchy map: com.phasmidsoftware.number.expression.expr.Expression[0m
[0m[[0m[33mwarn[0m] [0m[0mNo hierarchies found for group: CoreTypes[0m
[0m[[0m[0minfo[0m] [0m[0mGenerating diagram group: AlgebraTypes[0m
[0m[[0m[33mwarn[0m] [0m[0mType not found in hierarchy map: com.phasmidsoftware.number.algebra.core.Numeric[0m
[0m[[0m[33mwarn[0m] [0m[0mType not found in hierarchy map: com.phasmidsoftware.number.expression.expr.Expression[0m
[0m[[0m[33mwarn[0m] [0m[0mType not found in hierarchy map: com.phasmidsoftware.number.algebra.core.Numeric[0m
[0m[[0m[33mwarn[0m] [0m[0mType not found in hierarchy map: com.phasmidsoftware.number.algebra.core.Renderable[0m
[0m[[0m[0minfo[0m] [0m[0mGenerating diagram group: ExpressionTypes[0m
[0m[[0m[33mwarn[0m] [0m[0mType not found in hierarchy map: com.phasmidsoftware.number.algebra.core.TypeSafe[0m
[0m[[0m[33mwarn[0m] [0m[0mType not found in hierarchy map: com.phasmidsoftware.number.expression.expr.Expression[0m
[0m[[0m[33mwarn[0m] [0m[0mNo hierarchies found for group: AlgebraTypes[0m
[0m[[0m[33mwarn[0m] [0m[0mNo hierarchies found for group: ExpressionTypes[0m
[0m[[0m[0minfo[0m] [0m[0mGenerating diagram group: TopLevelTypes[0m
[0m[[0m[33mwarn[0m] [0m[0mNo hierarchies found for group: ExpressionTypes[0m
[0m[[0m[33mwarn[0m] [0m[0mType not found in hierarchy map: com.phasmidsoftware.number.algebra.core.Renderable[0m
[0m[[0m[33mwarn[0m] [0m[0mNo hierarchies found for group: ExpressionTypes[0m
[0m[[0m[0minfo[0m] [0m[0mGenerating diagram group: AlgebraTypes[0m
[0m[[0m[33mwarn[0m] [0m[0mType not found in hierarchy map: com.phasmidsoftware.number.algebra.core.TypeSafe[0m
[0m[[0m[33mwarn[0m] [0m[0mType not found in hierarchy map: com.phasmidsoftware.number.top.Quantity[0m
[0m[[0m[0minfo[0m] [0m[0mGenerating diagram group: AlgebraTypes[0m
[0m[[0m[33mwarn[0m] [0m[0mNo hierarchies found for group: TopLevelTypes[0m
[0m[[0m[33mwarn[0m] [0m[0mNo hierarchies found for group: AlgebraTypes[0m
[0m[[0m[33mwarn[0m] [0m[0mType not found in hierarchy map: com.phasmidsoftware.number.algebra.core.Numeric[0m
[0m[[0m[0minfo[0m] [0m[0mGenerating diagram group: AlgebraTypes[0m
[0m[[0m[33mwarn[0m] [0m[0mType not found in hierarchy map: com.phasmidsoftware.number.algebra.core.Renderable[0m
[0m[[0m[0minfo[0m] [0m[0mGenerating diagram group: DimensionTypes[0m
[0m[[0m[0minfo[0m] [0m[0mGenerating diagram group: TopLevelTypes[0m
[0m[[0m[33mwarn[0m] [0m[0mType not found in hierarchy map: com.phasmidsoftware.number.algebra.core.Numeric[0m
[0m[[0m[33mwarn[0m] [0m[0mType not found in hierarchy map: com.phasmidsoftware.number.top.Quantity[0m
[0m[[0m[33mwarn[0m] [0m[0mType not found in hierarchy map: com.phasmidsoftware.number.algebra.core.Renderable[0m
[0m[[0m[33mwarn[0m] [0m[0mType not found in hierarchy map: com.phasmidsoftware.number.dimensions.core.Dimension[0m
[0m[[0m[33mwarn[0m] [0m[0mType not found in hierarchy map: com.phasmidsoftware.number.algebra.core.TypeSafe[0m
[0m[[0m[33mwarn[0m] [0m[0mType not found in hierarchy map: com.phasmidsoftware.number.algebra.core.Numeric[0m
[0m[[0m[33mwarn[0m] [0m[0mNo hierarchies found for group: AlgebraTypes[0m
[0m[[0m[33mwarn[0m] [0m[0mNo hierarchies found for group: DimensionTypes[0m
[0m[[0m[33mwarn[0m] [0m[0mNo hierarchies found for group: TopLevelTypes[0m
[0m[[0m[33mwarn[0m] [0m[0mType not found in hierarchy map: com.phasmidsoftware.number.algebra.core.TypeSafe[0m
[0m[[0m[0minfo[0m] [0m[0mGenerating diagram group: DimensionTypes[0m
[0m[[0m[0minfo[0m] [0m[0mDiagrams written to /Users/rhillyard/IdeaProjects/Number2026/parse/docs/diagrams[0m
[0m[[0m[0minfo[0m] [0m[0mGenerating diagram group: TopLevelTypes[0m
[0m[[0m[33mwarn[0m] [0m[0mType not found in hierarchy map: com.phasmidsoftware.number.algebra.core.Renderable[0m
[0m[[0m[33mwarn[0m] [0m[0mNo hierarchies found for group: AlgebraTypes[0m
[0m[[0m[33mwarn[0m] [0m[0mType not found in hierarchy map: com.phasmidsoftware.number.dimensions.core.Dimension[0m
[0m[[0m[33mwarn[0m] [0m[0mType not found in hierarchy map: com.phasmidsoftware.number.top.Quantity[0m
[0m[[0m[33mwarn[0m] [0m[0mType not found in hierarchy map: com.phasmidsoftware.number.algebra.core.TypeSafe[0m
[0m[[0m[33mwarn[0m] [0m[0mNo hierarchies found for group: DimensionTypes[0m
[0m[[0m[0minfo[0m] [0m[0mGenerating diagram group: TopLevelTypes[0m
[0m[[0m[0minfo[0m] [0m[0mDiagrams written to /Users/rhillyard/IdeaProjects/Number2026/algebra/docs/diagrams[0m
[0m[[0m[33mwarn[0m] [0m[0mNo hierarchies found for group: TopLevelTypes[0m
[0m[[0m[33mwarn[0m] [0m[0mNo hierarchies found for group: AlgebraTypes[0m
[0m[[0m[33mwarn[0m] [0m[0mType not found in hierarchy map: com.phasmidsoftware.number.top.Quantity[0m
[0m[[0m[0minfo[0m] [0m[0mGenerating diagram group: TopLevelTypes[0m
[0m[[0m[0minfo[0m] [0m[0mGenerating diagram group: DimensionTypes[0m
[0m[[0m[33mwarn[0m] [0m[0mType not found in hierarchy map: com.phasmidsoftware.number.top.Quantity[0m
[0m[[0m[33mwarn[0m] [0m[0mNo hierarchies found for group: TopLevelTypes[0m
[0m[[0m[33mwarn[0m] [0m[0mNo hierarchies found for group: TopLevelTypes[0m
[0m[[0m[33mwarn[0m] [0m[0mType not found in hierarchy map: com.phasmidsoftware.number.dimensions.core.Dimension[0m
[0m[[0m[0minfo[0m] [0m[0mGenerating diagram group: DimensionTypes[0m
[0m[[0m[33mwarn[0m] [0m[0mNo hierarchies found for group: DimensionTypes[0m
[0m[[0m[0minfo[0m] [0m[0mGenerating diagram group: DimensionTypes[0m
[0m[[0m[33mwarn[0m] [0m[0mType not found in hierarchy map: com.phasmidsoftware.number.dimensions.core.Dimension[0m
[0m[[0m[0minfo[0m] [0m[0mDiagrams written to /Users/rhillyard/IdeaProjects/Number2026/core/docs/diagrams[0m
[0m[[0m[33mwarn[0m] [0m[0mNo hierarchies found for group: DimensionTypes[0m
[0m[[0m[33mwarn[0m] [0m[0mType not found in hierarchy map: com.phasmidsoftware.number.dimensions.core.Dimension[0m
[0m[[0m[0minfo[0m] [0m[0mDiagrams written to /Users/rhillyard/IdeaProjects/Number2026/expression/docs/diagrams[0m
[0m[[0m[33mwarn[0m] [0m[0mNo hierarchies found for group: DimensionTypes[0m
[0m[[0m[0minfo[0m] [0m[0mDiagrams written to /Users/rhillyard/IdeaProjects/Number2026/top/docs/diagrams[0m
[0m[[0m[0minfo[0m] [0m[0mFound 164 Scala files[0m
[0m[[0m[0minfo[0m] [0m[0mFound 171 sealed traits/classes: com.phasmidsoftware.number.core.misc.Valuable, com.phasmidsoftware.number.expression.parse.Factor, com.phasmidsoftware.number.core.numerical.Fuzziness, com.phasmidsoftware.number.core.parse.Exception, com.phasmidsoftware.number.expression.parse.Tokens, com.phasmidsoftware.number.core.misc.Known, com.phasmidsoftware.number.core.numerical.Field, com.phasmidsoftware.number.algebra.eager.Algebraic, com.phasmidsoftware.number.expression.expr.Matcher, com.phasmidsoftware.number.core.misc.KnownDifferentiableFunction, com.phasmidsoftware.number.core.inner.Factor, com.phasmidsoftware.number.core.parse.LogLevel, com.phasmidsoftware.number.algebra.eager.Number, com.phasmidsoftware.number.expression.mill.Exception, com.phasmidsoftware.number.expression.parse.Exception, com.phasmidsoftware.number.core.inner.DyadicOperation, com.phasmidsoftware.number.core.numerical.PowerSeries, com.phasmidsoftware.number.expression.expr.NamedConstant, com.phasmidsoftware.number.cats.CatsKernelInstances, com.phasmidsoftware.number.expression.parse.BaseMillParser, com.phasmidsoftware.number.core.parse.Expression, com.phasmidsoftware.number.core.numerical.NumberIsFractional, com.phasmidsoftware.number.core.expression.AbstractRoot, com.phasmidsoftware.number.expression.expr.SineCos, com.phasmidsoftware.number.core.numerical.RealIsOrdering, com.phasmidsoftware.number.core.numerical.FuzzyDoubleIsNumeric, com.phasmidsoftware.number.core.numerical.AnyVal, com.phasmidsoftware.number.core.parse.JavaTokenParsers, com.phasmidsoftware.number.expression.expr.Exception, com.phasmidsoftware.number.algebra.core.Can, com.phasmidsoftware.number.expression.expr.AbstractTranscendental, com.phasmidsoftware.number.core.algebraic.Algebraic, com.phasmidsoftware.number.core.algebraic.Solution, com.phasmidsoftware.number.core.expression.AbstractTranscendental, com.phasmidsoftware.number.algebra.eager.WholeNumberIsCommutativeRing, com.phasmidsoftware.number.core.misc.Identity, com.phasmidsoftware.number.core.numerical.Shape, com.phasmidsoftware.number.expression.parse.ArithmeticParser, com.phasmidsoftware.number.core.numerical.NumberIsOrdering, com.phasmidsoftware.number.core.inner.NthRoot, com.phasmidsoftware.number.core.misc.LazyDouble, com.phasmidsoftware.number.core.expression.Matcher, com.phasmidsoftware.number.core.numerical.GeneralNumber, com.phasmidsoftware.number.algebra.eager.Scalar, com.phasmidsoftware.number.expression.mill.Expression, com.phasmidsoftware.number.core.misc.FuzzyBase, com.phasmidsoftware.number.algebra.eager.Solution, com.phasmidsoftware.number.expression.parse.ValuableNumber, com.phasmidsoftware.number.expression.expr.AbstractRoot, com.phasmidsoftware.number.parse.RuntimeException, com.phasmidsoftware.number.algebra.eager.ExactNumber, com.phasmidsoftware.number.algebra.util.AnyVal, com.phasmidsoftware.number.core.numerical.HasValueDouble, com.phasmidsoftware.number.core.mill.CoreMillExpression, com.phasmidsoftware.number.core.misc.DifferentiableFunction, com.phasmidsoftware.number.core.parse.Factor, com.phasmidsoftware.number.core.inner.RationalIsFractional, com.phasmidsoftware.number.dimensions.core.SIUnit, com.phasmidsoftware.number.core.numerical.Polynomial, com.phasmidsoftware.number.algebra.eager.Nat, com.phasmidsoftware.number.core.mill.Exception, com.phasmidsoftware.number.expression.expr.ExpressionFunction, com.phasmidsoftware.number.core.misc.Iterator, com.phasmidsoftware.number.core.misc.RNG, com.phasmidsoftware.number.core.expression.MatchersExtras, com.phasmidsoftware.number.core.inner.MonadicOperation, com.phasmidsoftware.number.expression.parse.ArithmeticParserNumeric, com.phasmidsoftware.number.core.misc.JavaTokenParsers, com.phasmidsoftware.number.algebra.core.Loggable, com.phasmidsoftware.number.expression.parse.SignificantSpaceParsers, com.phasmidsoftware.number.core.parse.Term, com.phasmidsoftware.number.expression.parse.BaseNumberParser, com.phasmidsoftware.number.core.misc.RandomState, com.phasmidsoftware.number.core.expression.ScalarConstant, com.phasmidsoftware.number.core.misc.LazyFunction, com.phasmidsoftware.number.core.mill.Dyadic, com.phasmidsoftware.number.core.inner.InversePower, com.phasmidsoftware.number.core.inner.Operation, com.phasmidsoftware.number.core.numerical.Fuzz, com.phasmidsoftware.number.algebra.eager.CommutativeMonoid, com.phasmidsoftware.number.core.inner.Exception, com.phasmidsoftware.number.core.numerical.BaseComplex, com.phasmidsoftware.number.expression.parse.Term, com.phasmidsoftware.number.core.expression.SineCos, com.phasmidsoftware.number.core.expression.Exception, com.phasmidsoftware.number.core.numerical.Exception, com.phasmidsoftware.number.expression.expr.ExpressionBiFunction, com.phasmidsoftware.number.core.parse.ValuableNumber, com.phasmidsoftware.number.core.numerical.Complex, com.phasmidsoftware.number.core.misc.DiFuncBase, com.phasmidsoftware.number.core.numerical.AbstractInfiniteSeries, com.phasmidsoftware.number.expression.parse.JavaTokenParsers, com.phasmidsoftware.number.parse.ParseError, com.phasmidsoftware.number.expression.expr.Transcendental, com.phasmidsoftware.number.expression.parse.BaseRationalParser, com.phasmidsoftware.number.core.expression.Transcendental, com.phasmidsoftware.number.core.expression.ExpressionFunction, com.phasmidsoftware.number.top.Exception, com.phasmidsoftware.number.core.expression.Root, com.phasmidsoftware.number.core.parse.ExpressionParser, com.phasmidsoftware.number.algebra.util.RuntimeException, com.phasmidsoftware.number.expression.expr.LoggableExpression, com.phasmidsoftware.number.algebra.core.Context, com.phasmidsoftware.number.expression.expr.AnyVal, com.phasmidsoftware.number.core.expression.LoggableExpression, com.phasmidsoftware.number.core.misc.BaseRNG, com.phasmidsoftware.number.core.numerical.Series, com.phasmidsoftware.number.expression.parse.Expression, com.phasmidsoftware.number.cats.AnyVal, com.phasmidsoftware.number.core.expression.ExpressionMonoFunction, com.phasmidsoftware.number.core.parse.BaseRationalParser, com.phasmidsoftware.number.core.numerical.RealIsFractional, com.phasmidsoftware.number.core.numerical.Real, com.phasmidsoftware.number.expression.mill.Dyadic, com.phasmidsoftware.number.core.inner.NumberLike, com.phasmidsoftware.number.core.inner.AnyVal, com.phasmidsoftware.number.expression.expr.ValueExpression, com.phasmidsoftware.number.core.algebraic.Equation, com.phasmidsoftware.number.algebra.eager.Exponential, com.phasmidsoftware.number.expression.algebraic.Equation, com.phasmidsoftware.number.core.misc.App, com.phasmidsoftware.number.core.mill.CoreMillItem, com.phasmidsoftware.number.core.mill.Monadic, com.phasmidsoftware.number.core.expression.AtomicExpression, com.phasmidsoftware.number.core.misc.FuzzyIsFractional, com.phasmidsoftware.number.core.inner.Logarithmic, com.phasmidsoftware.number.expression.expr.MatchersExtras, com.phasmidsoftware.number.algebra.eager.Radians, com.phasmidsoftware.number.core.misc.Fuzzy, com.phasmidsoftware.number.core.expression.FieldExpression, com.phasmidsoftware.number.core.misc.LazyFuzzy, com.phasmidsoftware.number.core.inner.CoreContext, com.phasmidsoftware.number.core.parse.ExpressionParserNumeric, com.phasmidsoftware.number.expression.parse.LogLevel, com.phasmidsoftware.number.core.numerical.Number, com.phasmidsoftware.number.core.misc.DiFunc, com.phasmidsoftware.number.expression.expr.Root, com.phasmidsoftware.number.core.misc.LazyRational, com.phasmidsoftware.number.core.numerical.Fuzzy, com.phasmidsoftware.number.core.parse.SignificantSpaceParsers, com.phasmidsoftware.number.core.expression.NamedConstant, com.phasmidsoftware.number.core.expression.CompositeExpression, com.phasmidsoftware.number.expression.expr.ScalarConstant, com.phasmidsoftware.number.core.misc.LazyNumber, com.phasmidsoftware.number.algebra.eager.AdditiveCommutativeMonoid, com.phasmidsoftware.number.algebra.eager.Real, com.phasmidsoftware.number.parse.Exception, com.phasmidsoftware.number.core.inner.Scalar, com.phasmidsoftware.number.core.parse.BaseMillParser, com.phasmidsoftware.number.expression.expr.CompositeExpression, com.phasmidsoftware.number.expression.expr.AtomicExpression, com.phasmidsoftware.number.expression.mill.Monadic, com.phasmidsoftware.number.expression.mill.Item, com.phasmidsoftware.number.core.misc.RuntimeException, com.phasmidsoftware.number.dimensions.core.Exception, com.phasmidsoftware.number.core.numerical.App, com.phasmidsoftware.number.core.mill.Ordering, com.phasmidsoftware.number.algebra.eager.Transformed, com.phasmidsoftware.number.core.misc.Evaluatable, com.phasmidsoftware.number.core.expression.ExpressionBiFunction, com.phasmidsoftware.number.expression.mill.Mill, com.phasmidsoftware.number.core.parse.BaseNumberParser, com.phasmidsoftware.number.core.inner.QueryOperation, com.phasmidsoftware.number.core.numerical.NumberSet, com.phasmidsoftware.number.core.numerical.AbstractSeries, com.phasmidsoftware.number.algebra.eager.MultiplicativeGroup, com.phasmidsoftware.number.top.Renderable, com.phasmidsoftware.number.expression.mill.Ordering, com.phasmidsoftware.number.core.mill.CoreMill, com.phasmidsoftware.number.expression.expr.ExpressionMonoFunction, com.phasmidsoftware.number.dimensions.core.TRational[0m
[0m[[0m[0minfo[0m] [0m[0mGenerating diagram group: CoreTypes[0m
[0m[[0m[33mwarn[0m] [0m[0mType not found in hierarchy map: com.phasmidsoftware.number.core.numerical.NumberLike[0m
[0m[[0m[0minfo[0m] [0m[0mGenerated diagram: /Users/rhillyard/IdeaProjects/Number2026/docs/diagrams/CoreTypes.mmd[0m
[0m[[0m[0minfo[0m] [0m[0mGenerating diagram group: ExpressionTypes[0m
[0m[[0m[33mwarn[0m] [0m[0mType not found in hierarchy map: com.phasmidsoftware.number.expression.expr.Expression[0m
[0m[[0m[33mwarn[0m] [0m[0mNo hierarchies found for group: ExpressionTypes[0m
[0m[[0m[0minfo[0m] [0m[0mGenerating diagram group: AlgebraTypes[0m
[0m[[0m[33mwarn[0m] [0m[0mType not found in hierarchy map: com.phasmidsoftware.number.algebra.core.Numeric[0m
[0m[[0m[33mwarn[0m] [0m[0mType not found in hierarchy map: com.phasmidsoftware.number.algebra.core.Renderable[0m
[0m[[0m[33mwarn[0m] [0m[0mType not found in hierarchy map: com.phasmidsoftware.number.algebra.core.TypeSafe[0m
[0m[[0m[33mwarn[0m] [0m[0mNo hierarchies found for group: AlgebraTypes[0m
[0m[[0m[0minfo[0m] [0m[0mGenerating diagram group: TopLevelTypes[0m
[0m[[0m[33mwarn[0m] [0m[0mType not found in hierarchy map: com.phasmidsoftware.number.top.Quantity[0m
[0m[[0m[33mwarn[0m] [0m[0mNo hierarchies found for group: TopLevelTypes[0m
[0m[[0m[0minfo[0m] [0m[0mGenerating diagram group: DimensionTypes[0m
[0m[[0m[33mwarn[0m] [0m[0mType not found in hierarchy map: com.phasmidsoftware.number.dimensions.core.Dimension[0m
[0m[[0m[33mwarn[0m] [0m[0mNo hierarchies found for group: DimensionTypes[0m
[0m[[0m[0minfo[0m] [0m[0mDiagrams written to /Users/rhillyard/IdeaProjects/Number2026/docs/diagrams[0m
[0m[[0m[32msuccess[0m] [0m[0mTotal time: 1 s, completed Jan 30, 2026, 9:21:43 AM[0m
[0m[[0m[0mdebug[0m] [0m[0m> Exec(idea-shell, None, None)[0m
