[0m[[0m[0mdebug[0m] [0m[0m> Exec(generateMermaidDiagrams, None, None)[0m
[0m[[0m[0mdebug[0m] [0m[0mEvaluating tasks: generateMermaidDiagrams[0m
[0m[[0m[0mdebug[0m] [0m[0mRunning task... Cancel: Signal, check cycles: false, forcegc: true[0m
[0m[[0m[0minfo[0m] [0m[0mScanning source directories: /Users/rhillyard/IdeaProjects/Number2026/core/src/main/scala, /Users/rhillyard/IdeaProjects/Number2026/algebra/src/main/scala, /Users/rhillyard/IdeaProjects/Number2026/expression/src/main/scala, /Users/rhillyard/IdeaProjects/Number2026/parse/src/main/scala, /Users/rhillyard/IdeaProjects/Number2026/top/src/main/scala, /Users/rhillyard/IdeaProjects/Number2026/dimensions/src/main/scala[0m
[0m[[0m[0minfo[0m] [0m[0mFound 164 Scala files[0m
[0m[[0m[0minfo[0m] [0m[0mFound 193 traits/classes[0m
[0m[[0m[0minfo[0m] [0m[0mSimple name index has 193 entries[0m
[0m[[0m[0minfo[0m] [0m[0mGenerating diagram group: CoreTypes[0m
[0m[[0m[0minfo[0m] [0m[0m  Found 3 subclasses for NumberLike: Solution, Rational, Expression[0m
[0m[[0m[0minfo[0m] [0m[0m  Found 4 subclasses for Factor: Scalar, Logarithmic, InversePower, Composite[0m
[0m[[0m[0minfo[0m] [0m[0mGenerated diagram: /Users/rhillyard/IdeaProjects/Number2026/docs/diagrams/CoreTypes.mmd[0m
[0m[[0m[0minfo[0m] [0m[0mGenerating diagram group: AlgebraTypes[0m
[0m[[0m[0minfo[0m] [0m[0m  Found 3 subclasses for Numeric: FuzzyDoubleIsNumeric, FuzzyIsNumeric, RationalIsNumeric[0m
[0m[[0m[0minfo[0m] [0m[0m  Found 2 subclasses for Renderable: MaybeFuzzy, Quantity[0m
[0m[[0m[0minfo[0m] [0m[0mGenerated diagram: /Users/rhillyard/IdeaProjects/Number2026/docs/diagrams/AlgebraTypes.mmd[0m
[0m[[0m[0minfo[0m] [0m[0mGenerating diagram group: ExpressionTypes[0m
[0m[[0m[0minfo[0m] [0m[0m  Found 3 subclasses for Expression: Factor, Expr, Term[0m
[0m[[0m[0minfo[0m] [0m[0mGenerated diagram: /Users/rhillyard/IdeaProjects/Number2026/docs/diagrams/ExpressionTypes.mmd[0m
[0m[[0m[0minfo[0m] [0m[0mDiagrams written to /Users/rhillyard/IdeaProjects/Number2026/docs/diagrams[0m
[0m[[0m[32msuccess[0m] [0m[0mTotal time: 2 s, completed Jan 30, 2026, 10:33:05 AM[0m
[0m[[0m[0mdebug[0m] [0m[0m> Exec(idea-shell, None, None)[0m
