[0m[[0m[0mdebug[0m] [0m[0m> Exec(generateMermaidDiagrams, None, None)[0m
[0m[[0m[0mdebug[0m] [0m[0mEvaluating tasks: expression / generateMermaidDiagrams, parse / generateMermaidDiagrams, top / generateMermaidDiagrams, algebra / generateMermaidDiagrams, core / generateMermaidDiagrams, generateMermaidDiagrams[0m
[0m[[0m[0mdebug[0m] [0m[0mRunning task... Cancel: Signal, check cycles: false, forcegc: true[0m
[0m[[0m[0minfo[0m] [0m[0mGenerating Mermaid diagrams...[0m
[0m[[0m[0minfo[0m] [0m[0mGenerating Mermaid diagrams...[0m
[0m[[0m[0minfo[0m] [0m[0mGenerating Mermaid diagrams...[0m
[0m[[0m[0minfo[0m] [0m[0mGenerating Mermaid diagrams...[0m
[0m[[0m[0minfo[0m] [0m[0mGenerating Mermaid diagrams...[0m
[0m[[0m[0minfo[0m] [0m[0mGenerating Mermaid diagrams...[0m
[0m[[0m[0minfo[0m] [0m[0mGenerated diagram: /Users/rhillyard/IdeaProjects/Number2026/expression/docs/diagrams/NumberLike.mmd[0m
[0m[[0m[0minfo[0m] [0m[0mGenerated diagram: /Users/rhillyard/IdeaProjects/Number2026/core/docs/diagrams/NumberLike.mmd[0m
[0m[[0m[31merror[0m] [0m[0mError generating diagram for com.phasmidsoftware.number.algebra.core.Valuable: com.phasmidsoftware.number.algebra.core.Valuable[0m
[0m[[0m[0minfo[0m] [0m[0mDiagrams written to /Users/rhillyard/IdeaProjects/Number2026/core/docs/diagrams[0m
[0m[[0m[0minfo[0m] [0m[0mGenerated diagram: /Users/rhillyard/IdeaProjects/Number2026/top/docs/diagrams/NumberLike.mmd[0m
[0m[[0m[0minfo[0m] [0m[0mGenerated diagram: /Users/rhillyard/IdeaProjects/Number2026/parse/docs/diagrams/NumberLike.mmd[0m
[0m[[0m[0minfo[0m] [0m[0mGenerated diagram: /Users/rhillyard/IdeaProjects/Number2026/algebra/docs/diagrams/NumberLike.mmd[0m
[0m[[0m[0minfo[0m] [0m[0mGenerated diagram: /Users/rhillyard/IdeaProjects/Number2026/docs/diagrams/NumberLike.mmd[0m
[0m[[0m[0minfo[0m] [0m[0mGenerated diagram: /Users/rhillyard/IdeaProjects/Number2026/expression/docs/diagrams/Valuable.mmd[0m
[0m[[0m[0minfo[0m] [0m[0mDiagrams written to /Users/rhillyard/IdeaProjects/Number2026/expression/docs/diagrams[0m
[0m[[0m[0minfo[0m] [0m[0mGenerated diagram: /Users/rhillyard/IdeaProjects/Number2026/parse/docs/diagrams/Valuable.mmd[0m
[0m[[0m[0minfo[0m] [0m[0mDiagrams written to /Users/rhillyard/IdeaProjects/Number2026/parse/docs/diagrams[0m
[0m[[0m[0minfo[0m] [0m[0mGenerated diagram: /Users/rhillyard/IdeaProjects/Number2026/docs/diagrams/Valuable.mmd[0m
[0m[[0m[0minfo[0m] [0m[0mDiagrams written to /Users/rhillyard/IdeaProjects/Number2026/docs/diagrams[0m
[0m[[0m[0minfo[0m] [0m[0mGenerated diagram: /Users/rhillyard/IdeaProjects/Number2026/algebra/docs/diagrams/Valuable.mmd[0m
[0m[[0m[0minfo[0m] [0m[0mDiagrams written to /Users/rhillyard/IdeaProjects/Number2026/algebra/docs/diagrams[0m
[0m[[0m[0minfo[0m] [0m[0mGenerated diagram: /Users/rhillyard/IdeaProjects/Number2026/top/docs/diagrams/Valuable.mmd[0m
[0m[[0m[0minfo[0m] [0m[0mDiagrams written to /Users/rhillyard/IdeaProjects/Number2026/top/docs/diagrams[0m
[0m[[0m[32msuccess[0m] [0m[0mTotal time: 1 s, completed Jan 30, 2026, 8:36:48 AM[0m
[0m[[0m[0mdebug[0m] [0m[0m> Exec(idea-shell, None, None)[0m
