[0m[[0m[0mdebug[0m] [0m[0m> Exec(generateMermaidDiagrams, None, None)[0m
[0m[[0m[0mdebug[0m] [0m[0mEvaluating tasks: expression / generateMermaidDiagrams, parse / generateMermaidDiagrams, top / generateMermaidDiagrams, algebra / generateMermaidDiagrams, core / generateMermaidDiagrams, generateMermaidDiagrams[0m
[0m[[0m[0mdebug[0m] [0m[0mRunning task... Cancel: Signal, check cycles: false, forcegc: true[0m
[0m[[0m[0minfo[0m] [0m[0mGenerating Mermaid diagrams...[0m
[0m[[0m[0minfo[0m] [0m[0mGenerating Mermaid diagrams...[0m
[0m[[0m[0minfo[0m] [0m[0mGenerating Mermaid diagrams...[0m
[0m[[0m[0minfo[0m] [0m[0mGenerating Mermaid diagrams...[0m
[0m[[0m[0minfo[0m] [0m[0mGenerating Mermaid diagrams...[0m
[0m[[0m[0minfo[0m] [0m[0mGenerating Mermaid diagrams...[0m
[0m[[0m[0minfo[0m] [0m[0mGenerating diagram group: CoreTypes[0m
[0m[[0m[0minfo[0m] [0m[0mGenerating diagram group: CoreTypes[0m
[0m[[0m[0minfo[0m] [0m[0mGenerating diagram group: CoreTypes[0m
[0m[[0m[0minfo[0m] [0m[0mGenerating diagram group: CoreTypes[0m
[0m[[0m[0minfo[0m] [0m[0mGenerating diagram group: CoreTypes[0m
[0m[[0m[0minfo[0m] [0m[0mGenerating diagram group: CoreTypes[0m
[0m[[0m[33mwarn[0m] [0m[0mNo subclasses found for com.phasmidsoftware.number.core.numerical.NumberLike[0m
[0m[[0m[33mwarn[0m] [0m[0mNo subclasses found for com.phasmidsoftware.number.core.numerical.NumberLike[0m
[0m[[0m[33mwarn[0m] [0m[0mNo subclasses found for com.phasmidsoftware.number.core.numerical.NumberLike[0m
[0m[[0m[33mwarn[0m] [0m[0mNo subclasses found for com.phasmidsoftware.number.core.numerical.NumberLike[0m
[0m[[0m[33mwarn[0m] [0m[0mNo subclasses found for com.phasmidsoftware.number.core.numerical.NumberLike[0m
[0m[[0m[33mwarn[0m] [0m[0mNo subclasses found for com.phasmidsoftware.number.core.inner.Factor[0m
[0m[[0m[33mwarn[0m] [0m[0mNo hierarchies found for group: CoreTypes[0m
[0m[[0m[0minfo[0m] [0m[0mGenerating diagram group: ExpressionTypes[0m
[0m[[0m[33mwarn[0m] [0m[0mNo subclasses found for com.phasmidsoftware.number.core.numerical.NumberLike[0m
[0m[[0m[33mwarn[0m] [0m[0mNo subclasses found for com.phasmidsoftware.number.core.inner.Factor[0m
[0m[[0m[33mwarn[0m] [0m[0mNo subclasses found for com.phasmidsoftware.number.core.inner.Factor[0m
[0m[[0m[33mwarn[0m] [0m[0mNo hierarchies found for group: CoreTypes[0m
[0m[[0m[33mwarn[0m] [0m[0mNo subclasses found for com.phasmidsoftware.number.core.inner.Factor[0m
[0m[[0m[33mwarn[0m] [0m[0mNo subclasses found for com.phasmidsoftware.number.core.inner.Factor[0m
[0m[[0m[33mwarn[0m] [0m[0mNo hierarchies found for group: CoreTypes[0m
[0m[[0m[0minfo[0m] [0m[0mGenerating diagram group: ExpressionTypes[0m
[0m[[0m[0minfo[0m] [0m[0mGenerating diagram group: ExpressionTypes[0m
[0m[[0m[33mwarn[0m] [0m[0mNo hierarchies found for group: CoreTypes[0m
[0m[[0m[0minfo[0m] [0m[0mGenerating diagram group: ExpressionTypes[0m
[0m[[0m[33mwarn[0m] [0m[0mNo subclasses found for com.phasmidsoftware.number.core.inner.Factor[0m
[0m[[0m[33mwarn[0m] [0m[0mNo hierarchies found for group: CoreTypes[0m
[0m[[0m[33mwarn[0m] [0m[0mNo hierarchies found for group: CoreTypes[0m
[0m[[0m[31merror[0m] [0m[0mError processing com.phasmidsoftware.number.expression.expr.Expression: com.phasmidsoftware.number.expression.expr.Expression[0m
[0m[[0m[0minfo[0m] [0m[0mGenerating diagram group: ExpressionTypes[0m
[0m[[0m[0minfo[0m] [0m[0mGenerating diagram group: ExpressionTypes[0m
[0m[[0m[33mwarn[0m] [0m[0mNo hierarchies found for group: ExpressionTypes[0m
[0m[[0m[31merror[0m] [0m[0mError processing com.phasmidsoftware.number.expression.expr.Expression: com.phasmidsoftware.number.expression.expr.Expression[0m
[0m[[0m[0minfo[0m] [0m[0mGenerating diagram group: AlgebraTypes[0m
[0m[[0m[33mwarn[0m] [0m[0mNo hierarchies found for group: ExpressionTypes[0m
[0m[[0m[0minfo[0m] [0m[0mGenerating diagram group: AlgebraTypes[0m
[0m[[0m[31merror[0m] [0m[0mError processing com.phasmidsoftware.number.algebra.core.Numeric: com.phasmidsoftware.number.algebra.core.Numeric[0m
[0m[[0m[31merror[0m] [0m[0mError processing com.phasmidsoftware.number.algebra.core.Renderable: com.phasmidsoftware.number.algebra.core.Renderable[0m
[0m[[0m[31merror[0m] [0m[0mError processing com.phasmidsoftware.number.algebra.core.TypeSafe: com.phasmidsoftware.number.algebra.core.TypeSafe[0m
[0m[[0m[33mwarn[0m] [0m[0mNo hierarchies found for group: AlgebraTypes[0m
[0m[[0m[0minfo[0m] [0m[0mGenerating diagram group: TopLevelTypes[0m
[0m[[0m[31merror[0m] [0m[0mError processing com.phasmidsoftware.number.top.Quantity: com.phasmidsoftware.number.top.Quantity[0m
[0m[[0m[33mwarn[0m] [0m[0mNo hierarchies found for group: TopLevelTypes[0m
[0m[[0m[0minfo[0m] [0m[0mGenerating diagram group: DimensionTypes[0m
[0m[[0m[31merror[0m] [0m[0mError processing com.phasmidsoftware.number.dimensions.core.Dimension: com.phasmidsoftware.number.dimensions.core.Dimension[0m
[0m[[0m[33mwarn[0m] [0m[0mNo hierarchies found for group: DimensionTypes[0m
[0m[[0m[0minfo[0m] [0m[0mDiagrams written to /Users/rhillyard/IdeaProjects/Number2026/core/docs/diagrams[0m
[0m[[0m[33mwarn[0m] [0m[0mNo subclasses found for com.phasmidsoftware.number.expression.expr.Expression[0m
[0m[[0m[33mwarn[0m] [0m[0mNo hierarchies found for group: ExpressionTypes[0m
[0m[[0m[0minfo[0m] [0m[0mGenerating diagram group: AlgebraTypes[0m
[0m[[0m[33mwarn[0m] [0m[0mNo subclasses found for com.phasmidsoftware.number.expression.expr.Expression[0m
[0m[[0m[33mwarn[0m] [0m[0mNo hierarchies found for group: ExpressionTypes[0m
[0m[[0m[0minfo[0m] [0m[0mGenerating diagram group: AlgebraTypes[0m
[0m[[0m[33mwarn[0m] [0m[0mNo subclasses found for com.phasmidsoftware.number.expression.expr.Expression[0m
[0m[[0m[33mwarn[0m] [0m[0mNo subclasses found for com.phasmidsoftware.number.algebra.core.Numeric[0m
[0m[[0m[33mwarn[0m] [0m[0mNo hierarchies found for group: ExpressionTypes[0m
[0m[[0m[0minfo[0m] [0m[0mGenerating diagram group: AlgebraTypes[0m
[0m[[0m[33mwarn[0m] [0m[0mNo subclasses found for com.phasmidsoftware.number.expression.expr.Expression[0m
[0m[[0m[33mwarn[0m] [0m[0mNo hierarchies found for group: ExpressionTypes[0m
[0m[[0m[33mwarn[0m] [0m[0mNo subclasses found for com.phasmidsoftware.number.algebra.core.Numeric[0m
[0m[[0m[33mwarn[0m] [0m[0mNo subclasses found for com.phasmidsoftware.number.algebra.core.Numeric[0m
[0m[[0m[33mwarn[0m] [0m[0mNo subclasses found for com.phasmidsoftware.number.algebra.core.Numeric[0m
[0m[[0m[33mwarn[0m] [0m[0mNo subclasses found for com.phasmidsoftware.number.algebra.core.Renderable[0m
[0m[[0m[33mwarn[0m] [0m[0mNo subclasses found for com.phasmidsoftware.number.algebra.core.Renderable[0m
[0m[[0m[33mwarn[0m] [0m[0mNo subclasses found for com.phasmidsoftware.number.algebra.core.TypeSafe[0m
[0m[[0m[33mwarn[0m] [0m[0mNo subclasses found for com.phasmidsoftware.number.algebra.core.Renderable[0m
[0m[[0m[0minfo[0m] [0m[0mGenerating diagram group: AlgebraTypes[0m
[0m[[0m[33mwarn[0m] [0m[0mNo hierarchies found for group: AlgebraTypes[0m
[0m[[0m[0minfo[0m] [0m[0mGenerating diagram group: TopLevelTypes[0m
[0m[[0m[33mwarn[0m] [0m[0mNo subclasses found for com.phasmidsoftware.number.algebra.core.TypeSafe[0m
[0m[[0m[33mwarn[0m] [0m[0mNo hierarchies found for group: AlgebraTypes[0m
[0m[[0m[0minfo[0m] [0m[0mGenerating diagram group: TopLevelTypes[0m
[0m[[0m[33mwarn[0m] [0m[0mNo subclasses found for com.phasmidsoftware.number.algebra.core.Renderable[0m
[0m[[0m[31merror[0m] [0m[0mError processing com.phasmidsoftware.number.top.Quantity: com.phasmidsoftware.number.top.Quantity[0m
[0m[[0m[33mwarn[0m] [0m[0mNo subclasses found for com.phasmidsoftware.number.algebra.core.TypeSafe[0m
[0m[[0m[33mwarn[0m] [0m[0mNo hierarchies found for group: AlgebraTypes[0m
[0m[[0m[0minfo[0m] [0m[0mGenerating diagram group: TopLevelTypes[0m
[0m[[0m[33mwarn[0m] [0m[0mNo subclasses found for com.phasmidsoftware.number.algebra.core.TypeSafe[0m
[0m[[0m[33mwarn[0m] [0m[0mNo hierarchies found for group: AlgebraTypes[0m
[0m[[0m[0minfo[0m] [0m[0mGenerating diagram group: TopLevelTypes[0m
[0m[[0m[33mwarn[0m] [0m[0mNo subclasses found for com.phasmidsoftware.number.algebra.core.Numeric[0m
[0m[[0m[31merror[0m] [0m[0mError processing com.phasmidsoftware.number.top.Quantity: com.phasmidsoftware.number.top.Quantity[0m
[0m[[0m[33mwarn[0m] [0m[0mNo hierarchies found for group: TopLevelTypes[0m
[0m[[0m[33mwarn[0m] [0m[0mNo hierarchies found for group: TopLevelTypes[0m
[0m[[0m[0minfo[0m] [0m[0mGenerating diagram group: DimensionTypes[0m
[0m[[0m[0minfo[0m] [0m[0mGenerating diagram group: DimensionTypes[0m
[0m[[0m[31merror[0m] [0m[0mError processing com.phasmidsoftware.number.dimensions.core.Dimension: com.phasmidsoftware.number.dimensions.core.Dimension[0m
[0m[[0m[31merror[0m] [0m[0mError processing com.phasmidsoftware.number.dimensions.core.Dimension: com.phasmidsoftware.number.dimensions.core.Dimension[0m
[0m[[0m[33mwarn[0m] [0m[0mNo hierarchies found for group: DimensionTypes[0m
[0m[[0m[33mwarn[0m] [0m[0mNo hierarchies found for group: DimensionTypes[0m
[0m[[0m[0minfo[0m] [0m[0mDiagrams written to /Users/rhillyard/IdeaProjects/Number2026/algebra/docs/diagrams[0m
[0m[[0m[0minfo[0m] [0m[0mDiagrams written to /Users/rhillyard/IdeaProjects/Number2026/expression/docs/diagrams[0m
[0m[[0m[33mwarn[0m] [0m[0mNo subclasses found for com.phasmidsoftware.number.top.Quantity[0m
[0m[[0m[33mwarn[0m] [0m[0mNo hierarchies found for group: TopLevelTypes[0m
[0m[[0m[0minfo[0m] [0m[0mGenerating diagram group: DimensionTypes[0m
[0m[[0m[33mwarn[0m] [0m[0mNo subclasses found for com.phasmidsoftware.number.top.Quantity[0m
[0m[[0m[33mwarn[0m] [0m[0mNo subclasses found for com.phasmidsoftware.number.dimensions.core.Dimension[0m
[0m[[0m[33mwarn[0m] [0m[0mNo subclasses found for com.phasmidsoftware.number.algebra.core.Renderable[0m
[0m[[0m[33mwarn[0m] [0m[0mNo hierarchies found for group: TopLevelTypes[0m
[0m[[0m[33mwarn[0m] [0m[0mNo hierarchies found for group: DimensionTypes[0m
[0m[[0m[0minfo[0m] [0m[0mGenerating diagram group: DimensionTypes[0m
[0m[[0m[33mwarn[0m] [0m[0mNo subclasses found for com.phasmidsoftware.number.algebra.core.TypeSafe[0m
[0m[[0m[0minfo[0m] [0m[0mDiagrams written to /Users/rhillyard/IdeaProjects/Number2026/top/docs/diagrams[0m
[0m[[0m[33mwarn[0m] [0m[0mNo subclasses found for com.phasmidsoftware.number.dimensions.core.Dimension[0m
[0m[[0m[33mwarn[0m] [0m[0mNo hierarchies found for group: AlgebraTypes[0m
[0m[[0m[33mwarn[0m] [0m[0mNo hierarchies found for group: DimensionTypes[0m
[0m[[0m[0minfo[0m] [0m[0mGenerating diagram group: TopLevelTypes[0m
[0m[[0m[0minfo[0m] [0m[0mDiagrams written to /Users/rhillyard/IdeaProjects/Number2026/docs/diagrams[0m
[0m[[0m[31merror[0m] [0m[0mError processing com.phasmidsoftware.number.top.Quantity: com.phasmidsoftware.number.top.Quantity[0m
[0m[[0m[33mwarn[0m] [0m[0mNo hierarchies found for group: TopLevelTypes[0m
[0m[[0m[0minfo[0m] [0m[0mGenerating diagram group: DimensionTypes[0m
[0m[[0m[33mwarn[0m] [0m[0mNo subclasses found for com.phasmidsoftware.number.dimensions.core.Dimension[0m
[0m[[0m[33mwarn[0m] [0m[0mNo hierarchies found for group: DimensionTypes[0m
[0m[[0m[0minfo[0m] [0m[0mDiagrams written to /Users/rhillyard/IdeaProjects/Number2026/parse/docs/diagrams[0m
[0m[[0m[32msuccess[0m] [0m[0mTotal time: 1 s, completed Jan 30, 2026, 8:58:02 AM[0m
[0m[[0m[0mdebug[0m] [0m[0m> Exec(idea-shell, None, None)[0m
