[0m[[0m[0mdebug[0m] [0m[0m> Exec(compile, None, None)[0m
[0m[[0m[0mdebug[0m] [0m[0mEvaluating tasks: expression / Compile / compile, parse / Compile / compile, top / Compile / compile, algebra / Compile / compile, core / Compile / compile, Compile / compile[0m
[0m[[0m[0mdebug[0m] [0m[0mRunning task... Cancel: Signal, check cycles: false, forcegc: true[0m
[0m[[0m[0minfo[0m] [0m[0mcompiling 86 Scala sources and 1 Java source to /Users/rhillyard/IdeaProjects/Number2026/core/target/scala-3.7.3/classes ...[0m
[0m[[0m[0minfo[0m] [0m[0mdone compiling[0m
[0m[[0m[0minfo[0m] [0m[0mcompiling 35 Scala sources to /Users/rhillyard/IdeaProjects/Number2026/algebra/target/scala-3.7.3/classes ...[0m
[0m[[0m[33mwarn[0m] [0m[0m[33m[33m-- [E092] Pattern Match Unchecked Warning: /Users/rhillyard/IdeaProjects/Number2026/algebra/src/main/scala/com/phasmidsoftware/number/algebra/eager/Number.scala:64:9 [0m[0m[0m
[0m[[0m[33mwarn[0m] [0m[0m[33m64 |[0m    [33mcase[0m c: CanMultiplyAndDivide[Number] =>[0m
[0m[[0m[33mwarn[0m] [0m[0m[33m[33m   |[0m         ^[0m[0m
[0m[[0m[33mwarn[0m] [0m[0m[33m   |[0mthe type test for com.phasmidsoftware.number.algebra.core.CanMultiplyAndDivide[[0m
[0m[[0m[33mwarn[0m] [0m[0m[33m   |[0m  com.phasmidsoftware.number.algebra.eager.Number] cannot be checked at runtime because its type arguments can't be determined from com.phasmidsoftware.number.algebra.eager.Number[0m
[0m[[0m[33mwarn[0m] [0m[0m[33m   |----------------------------------------------------------------------------[0m[0m
[0m[[0m[33mwarn[0m] [0m[0m[33m   |[0m Explanation (enabled by `-explain`)[0m
[0m[[0m[33mwarn[0m] [0m[0m[33m   |- - - - - - - - - - - - - - - - - - - - - - - - - - - - - - - - - - - - - -[0m[0m
[0m[[0m[33mwarn[0m] [0m[0m[33m   |[0m Type arguments and type refinements are erased during compile time, thus it's[0m
[0m[[0m[33mwarn[0m] [0m[0m[33m   |[0m impossible to check them at run-time.[0m
[0m[[0m[33mwarn[0m] [0m[0m[33m   |[0m[0m
[0m[[0m[33mwarn[0m] [0m[0m[33m   |[0m You can either replace the type arguments by _ or use `@unchecked`.[0m
[0m[[0m[33mwarn[0m] [0m[0m[33m    ----------------------------------------------------------------------------[0m[0m
[0m[[0m[33mwarn[0m] [0m[0mone warning found[0m
[0m[[0m[0minfo[0m] [0m[0mdone compiling[0m
[0m[[0m[0minfo[0m] [0m[0mcompiling 29 Scala sources to /Users/rhillyard/IdeaProjects/Number2026/expression/target/scala-3.7.3/classes ...[0m
[0m[[0m[0minfo[0m] [0m[0mcompiling 4 Scala sources to /Users/rhillyard/IdeaProjects/Number2026/dimensions/target/scala-3.7.3/classes ...[0m
[0m[[0m[0minfo[0m] [0m[0mdone compiling[0m
[0m[[0m[33mwarn[0m] [0m[0m[33m[33m-- [E198] Unused Symbol Warning: /Users/rhillyard/IdeaProjects/Number2026/expression/src/main/scala/com/phasmidsoftware/number/expression/expr/Expression.scala:8:47 [0m[0m[0m
[0m[[0m[33mwarn[0m] [0m[0m[33m8 |[0m[33mimport[0m com.phasmidsoftware.matchers.{LogLevel, LogOff, MatchLogger}[0m
[0m[[0m[33mwarn[0m] [0m[0m[33m[33m  |[0m                                               ^^^^^^[0m[0m
[0m[[0m[33mwarn[0m] [0m[0m[33m  |[0m                                               unused import[0m
[0m[[0m[33mwarn[0m] [0m[0mone warning found[0m
[0m[[0m[0minfo[0m] [0m[0mdone compiling[0m
[0m[[0m[0minfo[0m] [0m[0mcompiling 4 Scala sources to /Users/rhillyard/IdeaProjects/Number2026/parse/target/scala-3.7.3/classes ...[0m
[0m[[0m[0minfo[0m] [0m[0mdone compiling[0m
[0m[[0m[0minfo[0m] [0m[0mcompiling 6 Scala sources to /Users/rhillyard/IdeaProjects/Number2026/top/target/scala-3.7.3/classes ...[0m
[0m[[0m[0minfo[0m] [0m[0mdone compiling[0m
[0m[[0m[32msuccess[0m] [0m[0mTotal time: 35 s, completed Jan 30, 2026, 8:57:54 AM[0m
[0m[[0m[0mdebug[0m] [0m[0m> Exec(idea-shell, None, None)[0m
