[0m[[0m[0mdebug[0m] [0m[0m> Exec(compile, None, None)[0m
[0m[[0m[0mdebug[0m] [0m[0mEvaluating tasks: expression / Compile / compile, parse / Compile / compile, top / Compile / compile, algebra / Compile / compile, core / Compile / compile, Compile / compile[0m
[0m[[0m[0mdebug[0m] [0m[0mRunning task... Cancel: Signal, check cycles: false, forcegc: true[0m
[0m[[0m[0minfo[0m] [0m[0mcompiling 76 Scala sources and 1 Java source to /Users/rhillyard/IdeaProjects/Number2026/core/target/scala-3.7.3/classes ...[0m
[0m[[0m[33mwarn[0m] [0m[0m[33m[33m-- Warning: /Users/rhillyard/IdeaProjects/Number2026/core/src/main/scala/com/phasmidsoftware/number/core/misc/Pi.scala:45:4 [0m[0m[0m
[0m[[0m[33mwarn[0m] [0m[0m[33m45 |[0m    xs.sum / xs.length[0m
[0m[[0m[33mwarn[0m] [0m[0m[33m[33m   |[0m    ^[0m[0m
[0m[[0m[33mwarn[0m] [0m[0m[33m   |[0m    Line is indented too far to the left, or a `}` is missing[0m
[0m[[0m[33mwarn[0m] [0m[0m[33m[33m-- Warning: /Users/rhillyard/IdeaProjects/Number2026/core/src/main/scala/com/phasmidsoftware/number/core/numerical/Complex.scala:137:45 [0m[0m[0m
[0m[[0m[33mwarn[0m] [0m[0m[33m137 |[0m      [33mval[0m [36mmagnitude[0m = (c.x.power(Number.two) doAdd c.y.power(Number.two)).sqrt[0m
[0m[[0m[33mwarn[0m] [0m[0m[33m[33m    |[0m                                             ^^^^^[0m[0m
[0m[[0m[33mwarn[0m] [0m[0m[33m    |[0mAlphanumeric method doAdd is not declared [33minfix[0m; it should not be used as infix operator.[0m
[0m[[0m[33mwarn[0m] [0m[0m[33m    |[0mInstead, use method syntax .doAdd(...) or backticked identifier `doAdd`.[0m
[0m[[0m[33mwarn[0m] [0m[0m[33m    |[0mThe latter can be rewritten automatically under -rewrite -source 3.4-migration.[0m
[0m[[0m[33mwarn[0m] [0m[0m[33m[33m-- Deprecation Warning: /Users/rhillyard/IdeaProjects/Number2026/core/src/main/scala/com/phasmidsoftware/number/core/algebraic/Solution.scala:187:26 [0m[0m[0m
[0m[[0m[33mwarn[0m] [0m[0m[33m187 |[0m  [33mdef[0m [36mapply[0m([36mr[0m: [35mRational[0m): [35mSolution[0m =[0m
[0m[[0m[33mwarn[0m] [0m[0m[33m[33m    |[0m                          ^^^^^^^^[0m[0m
[0m[[0m[33mwarn[0m] [0m[0m[33m    |[0m[33mtrait[0m [35mSolution[0m in [33mpackage[0m [35mcom.phasmidsoftware.number.core.algebraic[0m is deprecated since 1.6.5: use com.phasmidsoftware.number.algebra.eager.Solution instead[0m
[0m[[0m[33mwarn[0m] [0m[0m[33m[33m-- Deprecation Warning: /Users/rhillyard/IdeaProjects/Number2026/core/src/main/scala/com/phasmidsoftware/number/core/algebraic/Solution.scala:200:70 [0m[0m[0m
[0m[[0m[33mwarn[0m] [0m[0m[33m200 |[0m  [33mdef[0m [36mapply[0m([36mbase[0m: [35mValue[0m, [36moffset[0m: [35mValue[0m, [36mfactor[0m: [35mFactor[0m, [36mbranch[0m: [35mInt[0m): [35mSolution[0m =[0m
[0m[[0m[33mwarn[0m] [0m[0m[33m[33m    |[0m                                                                      ^^^^^^^^[0m[0m
[0m[[0m[33mwarn[0m] [0m[0m[33m    |[0m[33mtrait[0m [35mSolution[0m in [33mpackage[0m [35mcom.phasmidsoftware.number.core.algebraic[0m is deprecated since 1.6.5: use com.phasmidsoftware.number.algebra.eager.Solution instead[0m
[0m[[0m[33mwarn[0m] [0m[0m[33m[33m-- Deprecation Warning: /Users/rhillyard/IdeaProjects/Number2026/core/src/main/scala/com/phasmidsoftware/number/core/algebraic/Solution.scala:224:94 [0m[0m[0m
[0m[[0m[33mwarn[0m] [0m[0m[33m224 |[0m[33mcase class[0m [35mQuadraticSolution[0m([36mbase[0m: [35mValue[0m, [36moffset[0m: [35mValue[0m, [36mfactor[0m: [35mFactor[0m, [36mbranch[0m: [35mInt[0m) [33mextends[0m [35mSolution[0m {[0m
[0m[[0m[33mwarn[0m] [0m[0m[33m[33m    |[0m                                                                                              ^^^^^^^^[0m[0m
[0m[[0m[33mwarn[0m] [0m[0m[33m    |[0m[33mtrait[0m [35mSolution[0m in [33mpackage[0m [35mcom.phasmidsoftware.number.core.algebraic[0m is deprecated since 1.6.5: use com.phasmidsoftware.number.algebra.eager.Solution instead[0m
[0m[[0m[33mwarn[0m] [0m[0m[33m[33m-- Deprecation Warning: /Users/rhillyard/IdeaProjects/Number2026/core/src/main/scala/com/phasmidsoftware/number/core/algebraic/Solution.scala:374:29 [0m[0m[0m
[0m[[0m[33mwarn[0m] [0m[0m[33m374 |[0m  [33mdef[0m [36madd[0m([36maddend[0m: [35mRational[0m): [35mSolution[0m = {[0m
[0m[[0m[33mwarn[0m] [0m[0m[33m[33m    |[0m                             ^^^^^^^^[0m[0m
[0m[[0m[33mwarn[0m] [0m[0m[33m    |[0m[33mtrait[0m [35mSolution[0m in [33mpackage[0m [35mcom.phasmidsoftware.number.core.algebraic[0m is deprecated since 1.6.5: use com.phasmidsoftware.number.algebra.eager.Solution instead[0m
[0m[[0m[33mwarn[0m] [0m[0m[33m[33m-- Deprecation Warning: /Users/rhillyard/IdeaProjects/Number2026/core/src/main/scala/com/phasmidsoftware/number/core/algebraic/Solution.scala:389:20 [0m[0m[0m
[0m[[0m[33mwarn[0m] [0m[0m[33m389 |[0m  [33mdef[0m [36madd[0m([36msolution[0m: [35mSolution[0m): [35mOption[0m[[35mSolution[0m] =[0m
[0m[[0m[33mwarn[0m] [0m[0m[33m[33m    |[0m                    ^^^^^^^^[0m[0m
[0m[[0m[33mwarn[0m] [0m[0m[33m    |[0m[33mtrait[0m [35mSolution[0m in [33mpackage[0m [35mcom.phasmidsoftware.number.core.algebraic[0m is deprecated since 1.6.5: use com.phasmidsoftware.number.algebra.eager.Solution instead[0m
[0m[[0m[33mwarn[0m] [0m[0m[33m[33m-- Deprecation Warning: /Users/rhillyard/IdeaProjects/Number2026/core/src/main/scala/com/phasmidsoftware/number/core/algebraic/Solution.scala:389:38 [0m[0m[0m
[0m[[0m[33mwarn[0m] [0m[0m[33m389 |[0m  [33mdef[0m [36madd[0m([36msolution[0m: [35mSolution[0m): [35mOption[0m[[35mSolution[0m] =[0m
[0m[[0m[33mwarn[0m] [0m[0m[33m[33m    |[0m                                      ^^^^^^^^[0m[0m
[0m[[0m[33mwarn[0m] [0m[0m[33m    |[0m[33mtrait[0m [35mSolution[0m in [33mpackage[0m [35mcom.phasmidsoftware.number.core.algebraic[0m is deprecated since 1.6.5: use com.phasmidsoftware.number.algebra.eager.Solution instead[0m
[0m[[0m[33mwarn[0m] [0m[0m[33m[33m-- Deprecation Warning: /Users/rhillyard/IdeaProjects/Number2026/core/src/main/scala/com/phasmidsoftware/number/core/algebraic/Solution.scala:410:25 [0m[0m[0m
[0m[[0m[33mwarn[0m] [0m[0m[33m410 |[0m  [33mdef[0m [36mmultiply[0m([36msolution[0m: [35mSolution[0m): [35mOption[0m[[35mSolution[0m] =[0m
[0m[[0m[33mwarn[0m] [0m[0m[33m[33m    |[0m                         ^^^^^^^^[0m[0m
[0m[[0m[33mwarn[0m] [0m[0m[33m    |[0m[33mtrait[0m [35mSolution[0m in [33mpackage[0m [35mcom.phasmidsoftware.number.core.algebraic[0m is deprecated since 1.6.5: use com.phasmidsoftware.number.algebra.eager.Solution instead[0m
[0m[[0m[33mwarn[0m] [0m[0m[33m[33m-- Deprecation Warning: /Users/rhillyard/IdeaProjects/Number2026/core/src/main/scala/com/phasmidsoftware/number/core/algebraic/Solution.scala:410:43 [0m[0m[0m
[0m[[0m[33mwarn[0m] [0m[0m[33m410 |[0m  [33mdef[0m [36mmultiply[0m([36msolution[0m: [35mSolution[0m): [35mOption[0m[[35mSolution[0m] =[0m
[0m[[0m[33mwarn[0m] [0m[0m[33m[33m    |[0m                                           ^^^^^^^^[0m[0m
[0m[[0m[33mwarn[0m] [0m[0m[33m    |[0m[33mtrait[0m [35mSolution[0m in [33mpackage[0m [35mcom.phasmidsoftware.number.core.algebraic[0m is deprecated since 1.6.5: use com.phasmidsoftware.number.algebra.eager.Solution instead[0m
[0m[[0m[33mwarn[0m] [0m[0m[33m[33m-- Deprecation Warning: /Users/rhillyard/IdeaProjects/Number2026/core/src/main/scala/com/phasmidsoftware/number/core/algebraic/Solution.scala:441:33 [0m[0m[0m
[0m[[0m[33mwarn[0m] [0m[0m[33m441 |[0m  [33mdef[0m [36mscale[0m([36mr[0m: [35mRational[0m): [35mOption[0m[[35mSolution[0m] =[0m
[0m[[0m[33mwarn[0m] [0m[0m[33m[33m    |[0m                                 ^^^^^^^^[0m[0m
[0m[[0m[33mwarn[0m] [0m[0m[33m    |[0m[33mtrait[0m [35mSolution[0m in [33mpackage[0m [35mcom.phasmidsoftware.number.core.algebraic[0m is deprecated since 1.6.5: use com.phasmidsoftware.number.algebra.eager.Solution instead[0m
[0m[[0m[33mwarn[0m] [0m[0m[33m[33m-- Deprecation Warning: /Users/rhillyard/IdeaProjects/Number2026/core/src/main/scala/com/phasmidsoftware/number/core/algebraic/Solution.scala:489:48 [0m[0m[0m
[0m[[0m[33mwarn[0m] [0m[0m[33m489 |[0m[33mcase class[0m [35mLinearSolution[0m([36mvalue[0m: [35mValue[0m) [33mextends[0m [35mSolution[0m {[0m
[0m[[0m[33mwarn[0m] [0m[0m[33m[33m    |[0m                                                ^^^^^^^^[0m[0m
[0m[[0m[33mwarn[0m] [0m[0m[33m    |[0m[33mtrait[0m [35mSolution[0m in [33mpackage[0m [35mcom.phasmidsoftware.number.core.algebraic[0m is deprecated since 1.6.5: use com.phasmidsoftware.number.algebra.eager.Solution instead[0m
[0m[[0m[33mwarn[0m] [0m[0m[33m[33m-- Deprecation Warning: /Users/rhillyard/IdeaProjects/Number2026/core/src/main/scala/com/phasmidsoftware/number/core/algebraic/Solution.scala:561:19 [0m[0m[0m
[0m[[0m[33mwarn[0m] [0m[0m[33m561 |[0m  [33mlazy[0m [33mval[0m [36mnegate[0m: [35mSolution[0m = LinearSolution(Value.negate(value))[0m
[0m[[0m[33mwarn[0m] [0m[0m[33m[33m    |[0m                   ^^^^^^^^[0m[0m
[0m[[0m[33mwarn[0m] [0m[0m[33m    |[0m[33mtrait[0m [35mSolution[0m in [33mpackage[0m [35mcom.phasmidsoftware.number.core.algebraic[0m is deprecated since 1.6.5: use com.phasmidsoftware.number.algebra.eager.Solution instead[0m
[0m[[0m[33mwarn[0m] [0m[0m[33m[33m-- Deprecation Warning: /Users/rhillyard/IdeaProjects/Number2026/core/src/main/scala/com/phasmidsoftware/number/core/algebraic/Solution.scala:573:20 [0m[0m[0m
[0m[[0m[33mwarn[0m] [0m[0m[33m573 |[0m  [33mdef[0m [36madd[0m([36msolution[0m: [35mSolution[0m): [35mOption[0m[[35mSolution[0m] = solution [33mmatch[0m {[0m
[0m[[0m[33mwarn[0m] [0m[0m[33m[33m    |[0m                    ^^^^^^^^[0m[0m
[0m[[0m[33mwarn[0m] [0m[0m[33m    |[0m[33mtrait[0m [35mSolution[0m in [33mpackage[0m [35mcom.phasmidsoftware.number.core.algebraic[0m is deprecated since 1.6.5: use com.phasmidsoftware.number.algebra.eager.Solution instead[0m
[0m[[0m[33mwarn[0m] [0m[0m[33m[33m-- Deprecation Warning: /Users/rhillyard/IdeaProjects/Number2026/core/src/main/scala/com/phasmidsoftware/number/core/algebraic/Solution.scala:573:38 [0m[0m[0m
[0m[[0m[33mwarn[0m] [0m[0m[33m573 |[0m  [33mdef[0m [36madd[0m([36msolution[0m: [35mSolution[0m): [35mOption[0m[[35mSolution[0m] = solution [33mmatch[0m {[0m
[0m[[0m[33mwarn[0m] [0m[0m[33m[33m    |[0m                                      ^^^^^^^^[0m[0m
[0m[[0m[33mwarn[0m] [0m[0m[33m    |[0m[33mtrait[0m [35mSolution[0m in [33mpackage[0m [35mcom.phasmidsoftware.number.core.algebraic[0m is deprecated since 1.6.5: use com.phasmidsoftware.number.algebra.eager.Solution instead[0m
[0m[[0m[33mwarn[0m] [0m[0m[33m[33m-- Deprecation Warning: /Users/rhillyard/IdeaProjects/Number2026/core/src/main/scala/com/phasmidsoftware/number/core/algebraic/Solution.scala:581:9 [0m[0m[0m
[0m[[0m[33mwarn[0m] [0m[0m[33m581 |[0m    [33mcase[0m _ =>[0m
[0m[[0m[33mwarn[0m] [0m[0m[33m[33m    |[0m         ^[0m[0m
[0m[[0m[33mwarn[0m] [0m[0m[33m    |[0m[33mtrait[0m [35mSolution[0m in [33mpackage[0m [35mcom.phasmidsoftware.number.core.algebraic[0m is deprecated since 1.6.5: use com.phasmidsoftware.number.algebra.eager.Solution instead[0m
[0m[[0m[33mwarn[0m] [0m[0m[33m[33m-- Deprecation Warning: /Users/rhillyard/IdeaProjects/Number2026/core/src/main/scala/com/phasmidsoftware/number/core/algebraic/Solution.scala:591:29 [0m[0m[0m
[0m[[0m[33mwarn[0m] [0m[0m[33m591 |[0m  [33mdef[0m [36madd[0m([36maddend[0m: [35mRational[0m): [35mSolution[0m = {[0m
[0m[[0m[33mwarn[0m] [0m[0m[33m[33m    |[0m                             ^^^^^^^^[0m[0m
[0m[[0m[33mwarn[0m] [0m[0m[33m    |[0m[33mtrait[0m [35mSolution[0m in [33mpackage[0m [35mcom.phasmidsoftware.number.core.algebraic[0m is deprecated since 1.6.5: use com.phasmidsoftware.number.algebra.eager.Solution instead[0m
[0m[[0m[33mwarn[0m] [0m[0m[33m[33m-- Deprecation Warning: /Users/rhillyard/IdeaProjects/Number2026/core/src/main/scala/com/phasmidsoftware/number/core/algebraic/Solution.scala:607:33 [0m[0m[0m
[0m[[0m[33mwarn[0m] [0m[0m[33m607 |[0m  [33mdef[0m [36mscale[0m([36mr[0m: [35mRational[0m): [35mOption[0m[[35mSolution[0m] = [33mfor[0m {[0m
[0m[[0m[33mwarn[0m] [0m[0m[33m[33m    |[0m                                 ^^^^^^^^[0m[0m
[0m[[0m[33mwarn[0m] [0m[0m[33m    |[0m[33mtrait[0m [35mSolution[0m in [33mpackage[0m [35mcom.phasmidsoftware.number.core.algebraic[0m is deprecated since 1.6.5: use com.phasmidsoftware.number.algebra.eager.Solution instead[0m
[0m[[0m[33mwarn[0m] [0m[0m[33m[33m-- Deprecation Warning: /Users/rhillyard/IdeaProjects/Number2026/core/src/main/scala/com/phasmidsoftware/number/core/inner/Rational.scala:1248:4 [0m[0m[0m
[0m[[0m[33mwarn[0m] [0m[0m[33m1248 |[0m    RationalParser.parse(w)[0m
[0m[[0m[33mwarn[0m] [0m[0m[33m[33m     |[0m    ^^^^^^^^^^^^^^[0m[0m
[0m[[0m[33mwarn[0m] [0m[0m[33m     |[0m[33mobject[0m [35mRationalParser[0m in [33mpackage[0m [35mcom.phasmidsoftware.number.core.parse[0m is deprecated since 1.6.5: use com.phasmidsoftware.number.expression.parse.RationalParser instead[0m
[0m[[0m[33mwarn[0m] [0m[0m[33m[33m-- Deprecation Warning: /Users/rhillyard/IdeaProjects/Number2026/core/src/main/scala/com/phasmidsoftware/number/core/numerical/Number.scala:13:45 [0m[0m[0m
[0m[[0m[33mwarn[0m] [0m[0m[33m13 |[0m[33mimport[0m com.phasmidsoftware.number.core.parse.RationalParser.parseComponents[0m
[0m[[0m[33mwarn[0m] [0m[0m[33m[33m   |[0m       ^^^^^^^^^^^^^^^^^^^^^^^^^^^^^^^^^^^^^^^^^^^^^^^^^^^^[0m[0m
[0m[[0m[33mwarn[0m] [0m[0m[33m   |[0m[33mobject[0m [35mRationalParser[0m in [33mpackage[0m [35mcom.phasmidsoftware.number.core.parse[0m is deprecated since 1.6.5: use com.phasmidsoftware.number.expression.parse.RationalParser instead[0m
[0m[[0m[33mwarn[0m] [0m[0m[33m[33m-- Deprecation Warning: /Users/rhillyard/IdeaProjects/Number2026/core/src/main/scala/com/phasmidsoftware/number/core/numerical/Number.scala:1255:29 [0m[0m[0m
[0m[[0m[33mwarn[0m] [0m[0m[33m1255 |[0m  [33mprivate[0m [33mval[0m numberParser = NumberParser[0m
[0m[[0m[33mwarn[0m] [0m[0m[33m[33m     |[0m                             ^^^^^^^^^^^^[0m[0m
[0m[[0m[33mwarn[0m] [0m[0m[33m     |[0m[33mobject[0m [35mNumberParser[0m in [33mpackage[0m [35mcom.phasmidsoftware.number.core.parse[0m is deprecated since 1.6.5: use com.phasmidsoftware.number.expression.parse.NumberParser instead[0m
[0m[[0m[33mwarn[0m] [0m[0m[33m[33m-- Deprecation Warning: /Users/rhillyard/IdeaProjects/Number2026/core/src/main/scala/com/phasmidsoftware/number/core/numerical/Real.scala:419:19 [0m[0m[0m
[0m[[0m[33mwarn[0m] [0m[0m[33m419 |[0m    [33mcase[0m solution: Solution =>[0m
[0m[[0m[33mwarn[0m] [0m[0m[33m[33m    |[0m                   ^[0m[0m
[0m[[0m[33mwarn[0m] [0m[0m[33m    |[0m[33mtrait[0m [35mSolution[0m in [33mpackage[0m [35mcom.phasmidsoftware.number.core.algebraic[0m is deprecated since 1.6.5: use com.phasmidsoftware.number.algebra.eager.Solution instead[0m
[0m[[0m[33mwarn[0m] [0m[0m[33m[33m-- Deprecation Warning: /Users/rhillyard/IdeaProjects/Number2026/core/src/main/scala/com/phasmidsoftware/number/core/parse/ComplexParser.scala:32:43 [0m[0m[0m
[0m[[0m[33mwarn[0m] [0m[0m[33m32 |[0m  [33mdef[0m [36mparse[0m([36mw[0m: [35mString[0m): [35mTry[0m[[35mComplex[0m] = [33mnew[0m [35mComplexParser[0m().doParse(w)[0m
[0m[[0m[33mwarn[0m] [0m[0m[33m[33m   |[0m                                           ^^^^^^^^^^^^^[0m[0m
[0m[[0m[33mwarn[0m] [0m[0m[33m   |[0m[33mclass[0m [35mComplexParser[0m in [33mpackage[0m [35mcom.phasmidsoftware.number.core.parse[0m is deprecated since 1.6.5: use com.phasmidsoftware.number.expression.parse.ComplexParser instead[0m
[0m[[0m[33mwarn[0m] [0m[0m[33m[33m-- Deprecation Warning: /Users/rhillyard/IdeaProjects/Number2026/core/src/main/scala/com/phasmidsoftware/number/core/parse/MillParser.scala:140:26 [0m[0m[0m
[0m[[0m[33mwarn[0m] [0m[0m[33m140 |[0m[33mobject[0m [35mMillParser[0m [33mextends[0m [35mBaseMillParser[0m[0m
[0m[[0m[33mwarn[0m] [0m[0m[33m[33m    |[0m                          ^^^^^^^^^^^^^^[0m[0m
[0m[[0m[33mwarn[0m] [0m[0m[33m    |[0m[33mclass[0m [35mBaseMillParser[0m in [33mpackage[0m [35mcom.phasmidsoftware.number.core.parse[0m is deprecated since 1.6.5: use com.phasmidsoftware.number.expression.parse.BaseMillParser instead[0m
[0m[[0m[33mwarn[0m] [0m[0m[33m[33m-- Deprecation Warning: /Users/rhillyard/IdeaProjects/Number2026/core/src/main/scala/com/phasmidsoftware/number/core/parse/ShuntingYardParser.scala:22:34 [0m[0m[0m
[0m[[0m[33mwarn[0m] [0m[0m[33m22 |[0m[33mobject[0m [35mShuntingYardParser[0m [33mextends[0m [35mBaseMillParser[0m {[0m
[0m[[0m[33mwarn[0m] [0m[0m[33m[33m   |[0m                                  ^^^^^^^^^^^^^^[0m[0m
[0m[[0m[33mwarn[0m] [0m[0m[33m   |[0m[33mclass[0m [35mBaseMillParser[0m in [33mpackage[0m [35mcom.phasmidsoftware.number.core.parse[0m is deprecated since 1.6.5: use com.phasmidsoftware.number.expression.parse.BaseMillParser instead[0m
[0m[[0m[33mwarn[0m] [0m[0m[33m[33m-- [E121] Pattern Match Warning: /Users/rhillyard/IdeaProjects/Number2026/core/src/main/scala/com/phasmidsoftware/number/cats/CatsKernel.scala:74:17 [0m[0m[0m
[0m[[0m[33mwarn[0m] [0m[0m[33m74 |[0m            [33mcase[0m _ => None[0m
[0m[[0m[33mwarn[0m] [0m[0m[33m[33m   |[0m                 ^[0m[0m
[0m[[0m[33mwarn[0m] [0m[0m[33m   |[0mUnreachable case except for [31mnull[0m (if this is intentional, consider writing [33mcase[0m [31mnull[0m => instead).[0m
[0m[[0m[33mwarn[0m] [0m[0m26 warnings found[0m
[0m[[0m[0minfo[0m] [0m[0mdone compiling[0m
[0m[[0m[0minfo[0m] [0m[0mcompiling 37 Scala sources to /Users/rhillyard/IdeaProjects/Number2026/algebra/target/scala-3.7.3/classes ...[0m
[0m[[0m[33mwarn[0m] [0m[0m[33m[33m-- [E198] Unused Symbol Warning: /Users/rhillyard/IdeaProjects/Number2026/algebra/src/main/scala/com/phasmidsoftware/number/algebra/eager/Eager.scala:608:14 [0m[0m[0m
[0m[[0m[33mwarn[0m] [0m[0m[33m608 |[0m  [33mprivate[0m [33mdef[0m convertToMonotone(value: inner.Value, factor: inner.Factor): Monotone =[0m
[0m[[0m[33mwarn[0m] [0m[0m[33m[33m    |[0m              ^^^^^^^^^^^^^^^^^[0m[0m
[0m[[0m[33mwarn[0m] [0m[0m[33m    |[0m              unused private member[0m
[0m[[0m[33mwarn[0m] [0m[0m[33m[33m-- Deprecation Warning: /Users/rhillyard/IdeaProjects/Number2026/algebra/src/main/scala/com/phasmidsoftware/number/algebra/eager/Eager.scala:437:4 [0m[0m[0m
[0m[[0m[33mwarn[0m] [0m[0m[33m437 |[0m    NumberParser.parseNumber(str) [33mmatch[0m {[0m
[0m[[0m[33mwarn[0m] [0m[0m[33m[33m    |[0m    ^^^^^^^^^^^^[0m[0m
[0m[[0m[33mwarn[0m] [0m[0m[33m    |[0m[33mobject[0m [35mNumberParser[0m in [33mpackage[0m [35mcom.phasmidsoftware.number.core.parse[0m is deprecated since 1.6.5: use com.phasmidsoftware.number.expression.parse.NumberParser instead[0m
[0m[[0m[33mwarn[0m] [0m[0m[33m[33m-- Deprecation Warning: /Users/rhillyard/IdeaProjects/Number2026/algebra/src/main/scala/com/phasmidsoftware/number/algebra/eager/Real.scala:590:4 [0m[0m[0m
[0m[[0m[33mwarn[0m] [0m[0m[33m590 |[0m    NumberParser.parseNumber(w).map([36mx[0m => numerical.Real(x)) [33mmatch[0m {[0m
[0m[[0m[33mwarn[0m] [0m[0m[33m[33m    |[0m    ^^^^^^^^^^^^[0m[0m
[0m[[0m[33mwarn[0m] [0m[0m[33m    |[0m[33mobject[0m [35mNumberParser[0m in [33mpackage[0m [35mcom.phasmidsoftware.number.core.parse[0m is deprecated since 1.6.5: use com.phasmidsoftware.number.expression.parse.NumberParser instead[0m
[0m[[0m[33mwarn[0m] [0m[0mthree warnings found[0m
[0m[[0m[0minfo[0m] [0m[0mdone compiling[0m
[0m[[0m[0minfo[0m] [0m[0mcompiling 30 Scala sources to /Users/rhillyard/IdeaProjects/Number2026/expression/target/scala-3.7.3/classes ...[0m
[0m[[0m[0minfo[0m] [0m[0mcompiling 4 Scala sources to /Users/rhillyard/IdeaProjects/Number2026/dimensions/target/scala-3.7.3/classes ...[0m
[0m[[0m[0minfo[0m] [0m[0mdone compiling[0m
[0m[[0m[33mwarn[0m] [0m[0m[33m[33m-- [E198] Unused Symbol Warning: /Users/rhillyard/IdeaProjects/Number2026/expression/src/main/scala/com/phasmidsoftware/number/expression/expr/ExpressionFunction.scala:12:49 [0m[0m[0m
[0m[[0m[33mwarn[0m] [0m[0m[33m12 |[0m[33mimport[0m com.phasmidsoftware.number.algebra.eager.{ExactNumber, *}[0m
[0m[[0m[33mwarn[0m] [0m[0m[33m[33m   |[0m                                                 ^^^^^^^^^^^[0m[0m
[0m[[0m[33mwarn[0m] [0m[0m[33m   |[0m                                                 unused import[0m
[0m[[0m[33mwarn[0m] [0m[0m[33m[33m-- [E092] Pattern Match Unchecked Warning: /Users/rhillyard/IdeaProjects/Number2026/expression/src/main/scala/com/phasmidsoftware/number/expression/expr/CompositeExpression.scala:1422:25 [0m[0m[0m
[0m[[0m[33mwarn[0m] [0m[0m[33m1422 |[0m    [33mcase[0m ValueExpression(b: CanPower[eager.Number], _) => Some(b)[0m
[0m[[0m[33mwarn[0m] [0m[0m[33m[33m     |[0m                         ^[0m[0m
[0m[[0m[33mwarn[0m] [0m[0m[33m     |[0mthe type test for com.phasmidsoftware.number.algebra.core.CanPower[[0m
[0m[[0m[33mwarn[0m] [0m[0m[33m     |[0m  com.phasmidsoftware.number.algebra.eager.Number] cannot be checked at runtime because its type arguments can't be determined from com.phasmidsoftware.number.algebra.eager.Eager[0m
[0m[[0m[33mwarn[0m] [0m[0m[33m     |--------------------------------------------------------------------------[0m[0m
[0m[[0m[33mwarn[0m] [0m[0m[33m     |[0m Explanation (enabled by `-explain`)[0m
[0m[[0m[33mwarn[0m] [0m[0m[33m     |- - - - - - - - - - - - - - - - - - - - - - - - - - - - - - - - - - - - -[0m[0m
[0m[[0m[33mwarn[0m] [0m[0m[33m     |[0m Type arguments and type refinements are erased during compile time, thus it's[0m
[0m[[0m[33mwarn[0m] [0m[0m[33m     |[0m impossible to check them at run-time.[0m
[0m[[0m[33mwarn[0m] [0m[0m[33m     |[0m[0m
[0m[[0m[33mwarn[0m] [0m[0m[33m     |[0m You can either replace the type arguments by _ or use `@unchecked`.[0m
[0m[[0m[33mwarn[0m] [0m[0m[33m      --------------------------------------------------------------------------[0m[0m
[0m[[0m[33mwarn[0m] [0m[0mtwo warnings found[0m
[0m[[0m[0minfo[0m] [0m[0mdone compiling[0m
[0m[[0m[0minfo[0m] [0m[0mcompiling 4 Scala sources to /Users/rhillyard/IdeaProjects/Number2026/parse/target/scala-3.7.3/classes ...[0m
[0m[[0m[0minfo[0m] [0m[0mdone compiling[0m
[0m[[0m[0minfo[0m] [0m[0mcompiling 6 Scala sources to /Users/rhillyard/IdeaProjects/Number2026/top/target/scala-3.7.3/classes ...[0m
[0m[[0m[0minfo[0m] [0m[0mdone compiling[0m
[0m[[0m[32msuccess[0m] [0m[0mTotal time: 29 s, completed Feb 9, 2026, 6:02:28 PM[0m
[0m[[0m[0mdebug[0m] [0m[0m> Exec(idea-shell, None, None)[0m
