[0m[[0m[0mdebug[0m] [0m[0m> Exec(generateMermaidDiagrams, None, None)[0m
[0m[[0m[0mdebug[0m] [0m[0mEvaluating tasks: generateMermaidDiagrams[0m
[0m[[0m[0mdebug[0m] [0m[0mRunning task... Cancel: Signal, check cycles: false, forcegc: true[0m
[0m[[0m[0minfo[0m] [0m[0mScanning source directories: /Users/rhillyard/IdeaProjects/Number2026/core/src/main/scala, /Users/rhillyard/IdeaProjects/Number2026/algebra/src/main/scala, /Users/rhillyard/IdeaProjects/Number2026/expression/src/main/scala, /Users/rhillyard/IdeaProjects/Number2026/parse/src/main/scala, /Users/rhillyard/IdeaProjects/Number2026/top/src/main/scala, /Users/rhillyard/IdeaProjects/Number2026/dimensions/src/main/scala[0m
[0m[[0m[0minfo[0m] [0m[0mFound 164 Scala files[0m
[0m[[0m[0minfo[0m] [0m[0mFound 80 sealed traits/classes: com.phasmidsoftware.number.core.misc.Valuable, com.phasmidsoftware.number.core.numerical.Fuzziness, com.phasmidsoftware.number.algebra.core.CanNormalize, com.phasmidsoftware.number.expression.parse.Tokens, com.phasmidsoftware.number.algebra.core.CanPower, com.phasmidsoftware.number.core.inner.Factor, com.phasmidsoftware.number.core.parse.LogLevel, com.phasmidsoftware.number.algebra.core.TypeSafe, com.phasmidsoftware.number.cats.CatsKernelInstances, com.phasmidsoftware.number.expression.parse.BaseMillParser, com.phasmidsoftware.number.cats.RealAlgebraicInstances, com.phasmidsoftware.number.core.parse.Expression, com.phasmidsoftware.number.algebra.util.LatexRenderer, com.phasmidsoftware.number.expression.expr.MathematicalEq, com.phasmidsoftware.number.algebra.core.RationalPowers, com.phasmidsoftware.number.expression.parse.WithFuzziness, com.phasmidsoftware.number.algebra.core.Can, com.phasmidsoftware.number.core.numerical.Shape, com.phasmidsoftware.number.cats.RationalAlgebraicInstances, com.phasmidsoftware.number.expression.mill.Expression, com.phasmidsoftware.number.expression.parse.ValuableNumber, com.phasmidsoftware.number.dimensions.core.Dimension, com.phasmidsoftware.number.core.mill.CoreMillExpression, com.phasmidsoftware.number.core.numerical.NumberLike, com.phasmidsoftware.number.core.numerical.RandomState, com.phasmidsoftware.number.dimensions.core.DimensionWitness, com.phasmidsoftware.number.core.misc.RNG, com.phasmidsoftware.number.algebra.core.Approximate, com.phasmidsoftware.number.core.parse.Term, com.phasmidsoftware.number.expression.parse.BaseNumberParser, com.phasmidsoftware.number.core.misc.RandomState, com.phasmidsoftware.number.algebra.core.Numeric, com.phasmidsoftware.number.dimensions.core.Unit, com.phasmidsoftware.number.core.inner.Operation, com.phasmidsoftware.number.algebra.core.Zeroable, com.phasmidsoftware.number.core.inner.QueryFunctions, com.phasmidsoftware.number.algebra.core.Negatable, com.phasmidsoftware.number.algebra.core.Renderable, com.phasmidsoftware.number.expression.parse.Term, com.phasmidsoftware.number.expression.expr.ExpressionBiFunction, com.phasmidsoftware.number.core.parse.ValuableNumber, com.phasmidsoftware.number.parse.ParseError, com.phasmidsoftware.number.algebra.core.C, com.phasmidsoftware.number.core.numerical.Series, com.phasmidsoftware.number.expression.parse.Expression, com.phasmidsoftware.number.core.numerical.Approximatable, com.phasmidsoftware.number.algebra.core.Convertible, com.phasmidsoftware.number.core.mill.CoreMillItem, com.phasmidsoftware.number.top.SetGame, com.phasmidsoftware.number.algebra.core.Normalizable, com.phasmidsoftware.number.core.mill.Monadic, com.phasmidsoftware.number.algebra.core.Unitary, com.phasmidsoftware.number.core.misc.Fuzzy, com.phasmidsoftware.number.algebra.core.Scalable, com.phasmidsoftware.number.core.inner.CoreContext, com.phasmidsoftware.number.expression.parse.LogLevel, com.phasmidsoftware.number.core.misc.DiFunc, com.phasmidsoftware.number.algebra.core.Exactitude, com.phasmidsoftware.number.core.numerical.Fuzzy, com.phasmidsoftware.number.core.numerical.WithFuzziness, com.phasmidsoftware.number.algebra.core.DyadicOperator, com.phasmidsoftware.number.cats.ComplexAlgebraicInstances, com.phasmidsoftware.number.core.inner.BoundaryBehavior, com.phasmidsoftware.number.algebra.core.DyadicOps, com.phasmidsoftware.number.core.parse.BaseMillParser, com.phasmidsoftware.number.core.inner.Modulo, com.phasmidsoftware.number.algebra.core.R, com.phasmidsoftware.number.algebra.core.FuzzyEq, com.phasmidsoftware.number.expression.mill.Monadic, com.phasmidsoftware.number.expression.mill.Item, com.phasmidsoftware.number.core.misc.Evaluatable, com.phasmidsoftware.number.core.misc.Approximate, com.phasmidsoftware.number.core.expression.ExpressionBiFunction, com.phasmidsoftware.number.core.misc.Takeable, com.phasmidsoftware.number.core.parse.BaseNumberParser, com.phasmidsoftware.number.algebra.core.Branched, com.phasmidsoftware.number.core.inner.QueryOperation, com.phasmidsoftware.number.core.numerical.NumberSet, com.phasmidsoftware.number.dimensions.core.TRational, com.phasmidsoftware.number.top.Attribute[0m
[0m[[0m[0minfo[0m] [0m[0mGenerating diagram group: CoreTypes[0m
[0m[[0m[33mwarn[0m] [0m[0mNo subclasses found for com.phasmidsoftware.number.core.numerical.NumberLike[0m
[0m[[0m[33mwarn[0m] [0m[0mNo subclasses found for com.phasmidsoftware.number.core.inner.Factor[0m
[0m[[0m[0minfo[0m] [0m[0mGenerated diagram: /Users/rhillyard/IdeaProjects/Number2026/docs/diagrams/CoreTypes.mmd[0m
[0m[[0m[0minfo[0m] [0m[0mGenerating diagram group: ExpressionTypes[0m
[0m[[0m[33mwarn[0m] [0m[0mType not found in hierarchy map: com.phasmidsoftware.number.expression.expr.Expression[0m
[0m[[0m[33mwarn[0m] [0m[0mNo hierarchies found for group: ExpressionTypes[0m
[0m[[0m[0minfo[0m] [0m[0mGenerating diagram group: AlgebraTypes[0m
[0m[[0m[33mwarn[0m] [0m[0mNo subclasses found for com.phasmidsoftware.number.algebra.core.Numeric[0m
[0m[[0m[33mwarn[0m] [0m[0mNo subclasses found for com.phasmidsoftware.number.algebra.core.Renderable[0m
[0m[[0m[33mwarn[0m] [0m[0mNo subclasses found for com.phasmidsoftware.number.algebra.core.TypeSafe[0m
[0m[[0m[0minfo[0m] [0m[0mGenerated diagram: /Users/rhillyard/IdeaProjects/Number2026/docs/diagrams/AlgebraTypes.mmd[0m
[0m[[0m[0minfo[0m] [0m[0mGenerating diagram group: TopLevelTypes[0m
[0m[[0m[33mwarn[0m] [0m[0mType not found in hierarchy map: com.phasmidsoftware.number.top.Quantity[0m
[0m[[0m[33mwarn[0m] [0m[0mNo hierarchies found for group: TopLevelTypes[0m
[0m[[0m[0minfo[0m] [0m[0mGenerating diagram group: DimensionTypes[0m
[0m[[0m[33mwarn[0m] [0m[0mNo subclasses found for com.phasmidsoftware.number.dimensions.core.Dimension[0m
[0m[[0m[0minfo[0m] [0m[0mGenerated diagram: /Users/rhillyard/IdeaProjects/Number2026/docs/diagrams/DimensionTypes.mmd[0m
[0m[[0m[0minfo[0m] [0m[0mDiagrams written to /Users/rhillyard/IdeaProjects/Number2026/docs/diagrams[0m
[0m[[0m[32msuccess[0m] [0m[0mTotal time: 0 s, completed Jan 30, 2026, 9:31:18 AM[0m
[0m[[0m[0mdebug[0m] [0m[0m> Exec(idea-shell, None, None)[0m
